#
# There is insufficient memory for the Java Runtime Environment to continue.
# Native memory allocation (mmap) failed to map 25165824 bytes for G1 virtual space
# Possible reasons:
#   The system is out of physical RAM or swap space
#   The process is running with CompressedOops enabled, and the Java Heap may be blocking the growth of the native heap
# Possible solutions:
#   Reduce memory load on the system
#   Increase physical memory or swap space
#   Check if swap backing store is full
#   Decrease Java heap size (-Xmx/-Xms)
#   Decrease number of Java threads
#   Decrease Java thread stack sizes (-Xss)
#   Set larger code cache with -XX:ReservedCodeCacheSize=
#   JVM is running with Zero Based Compressed Oops mode in which the Java heap is
#     placed in the first 32GB address space. The Java Heap base address is the
#     maximum limit for the native heap growth. Please use -XX:HeapBaseMinAddress
#     to set the Java Heap base and to place the Java Heap above 32GB virtual address.
# This output file may be truncated or incomplete.
#
#  Out of Memory Error (os_windows.cpp:3769), pid=14744, tid=412
#
# JRE version: OpenJDK Runtime Environment (17.0.6) (build 17.0.6+0-b2043.56-10027231)
# Java VM: OpenJDK 64-Bit Server VM (17.0.6+0-b2043.56-10027231, mixed mode, tiered, compressed oops, compressed class ptrs, g1 gc, windows-amd64)
# No core dump will be written. Minidumps are not enabled by default on client versions of Windows
#

---------------  S U M M A R Y ------------

Command Line: org.jetbrains.kotlin.cli.jvm.K2JVMCompiler @D:\Code\Android\Project\InkStoneDemo1\app\build\20240319_5576665472080732182.compiler.options

Host: AMD Ryzen 9 7940H w/ Radeon 780M Graphics     , 16 cores, 15G,  Windows 11 , 64 bit Build 22621 (10.0.22621.3235)
Time: Tue Mar 19 19:48:42 2024  Windows 11 , 64 bit Build 22621 (10.0.22621.3235) elapsed time: 9.346971 seconds (0d 0h 0m 9s)

---------------  T H R E A D  ---------------

Current thread (0x000001ed4b058010):  VMThread "VM Thread" [stack: 0x0000005b6b800000,0x0000005b6b900000] [id=412]

Stack: [0x0000005b6b800000,0x0000005b6b900000]
Native frames: (J=compiled Java code, j=interpreted, Vv=VM code, C=native code)
V  [jvm.dll+0x683c9a]
V  [jvm.dll+0x8427a4]
V  [jvm.dll+0x843f9e]
V  [jvm.dll+0x844603]
V  [jvm.dll+0x249b75]
V  [jvm.dll+0x680b69]
V  [jvm.dll+0x67505a]
V  [jvm.dll+0x309acb]
V  [jvm.dll+0x310f86]
V  [jvm.dll+0x3608ee]
V  [jvm.dll+0x360b1f]
V  [jvm.dll+0x2dfbf8]
V  [jvm.dll+0x2ddec4]
V  [jvm.dll+0x2dd4cc]
V  [jvm.dll+0x321f3b]
V  [jvm.dll+0x848ccb]
V  [jvm.dll+0x849a04]
V  [jvm.dll+0x849f1d]
V  [jvm.dll+0x84a2f4]
V  [jvm.dll+0x84a3c0]
V  [jvm.dll+0x7f274a]
V  [jvm.dll+0x682ad5]
C  [ucrtbase.dll+0x29363]
C  [KERNEL32.DLL+0x1257d]
C  [ntdll.dll+0x5aa58]

VM_Operation (0x0000005b6b2fb3c0): G1CollectForAllocation, mode: safepoint, requested by thread 0x000001ed2b85ed40


---------------  P R O C E S S  ---------------

Threads class SMR info:
_java_thread_list=0x000001ed5032be90, length=20, elements={
0x000001ed2b85ed40, 0x000001ed4b05bf40, 0x000001ed4b05cfa0, 0x000001ed4b08f910,
0x000001ed4b0901d0, 0x000001ed4b0910a0, 0x000001ed4b091960, 0x000001ed4b0b0be0,
0x000001ed4b0b14e0, 0x000001ed4b0b6820, 0x000001ed4b22d3a0, 0x000001ed4b22d8b0,
0x000001ed4b2618a0, 0x000001ed4b28f190, 0x000001ed4b2e7070, 0x000001ed4b6bb240,
0x000001ed4c5b7d60, 0x000001ed4e663740, 0x000001ed4e624df0, 0x000001ed503d9e30
}

Java Threads: ( => current thread )
  0x000001ed2b85ed40 JavaThread "main" [_thread_blocked, id=16036, stack(0x0000005b6b200000,0x0000005b6b300000)]
  0x000001ed4b05bf40 JavaThread "Reference Handler" daemon [_thread_blocked, id=6504, stack(0x0000005b6b900000,0x0000005b6ba00000)]
  0x000001ed4b05cfa0 JavaThread "Finalizer" daemon [_thread_blocked, id=3756, stack(0x0000005b6ba00000,0x0000005b6bb00000)]
  0x000001ed4b08f910 JavaThread "Signal Dispatcher" daemon [_thread_blocked, id=3788, stack(0x0000005b6bb00000,0x0000005b6bc00000)]
  0x000001ed4b0901d0 JavaThread "Attach Listener" daemon [_thread_blocked, id=3660, stack(0x0000005b6bc00000,0x0000005b6bd00000)]
  0x000001ed4b0910a0 JavaThread "Service Thread" daemon [_thread_blocked, id=20216, stack(0x0000005b6bd00000,0x0000005b6be00000)]
  0x000001ed4b091960 JavaThread "Monitor Deflation Thread" daemon [_thread_blocked, id=18528, stack(0x0000005b6be00000,0x0000005b6bf00000)]
  0x000001ed4b0b0be0 JavaThread "C2 CompilerThread0" daemon [_thread_blocked, id=18004, stack(0x0000005b6bf00000,0x0000005b6c000000)]
  0x000001ed4b0b14e0 JavaThread "C1 CompilerThread0" daemon [_thread_blocked, id=22292, stack(0x0000005b6c000000,0x0000005b6c100000)]
  0x000001ed4b0b6820 JavaThread "Sweeper thread" daemon [_thread_blocked, id=19848, stack(0x0000005b6c100000,0x0000005b6c200000)]
  0x000001ed4b22d3a0 JavaThread "C1 CompilerThread1" daemon [_thread_blocked, id=21064, stack(0x0000005b6c200000,0x0000005b6c300000)]
  0x000001ed4b22d8b0 JavaThread "C1 CompilerThread2" daemon [_thread_blocked, id=19236, stack(0x0000005b6c300000,0x0000005b6c400000)]
  0x000001ed4b2618a0 JavaThread "Notification Thread" daemon [_thread_blocked, id=19588, stack(0x0000005b6c400000,0x0000005b6c500000)]
  0x000001ed4b28f190 JavaThread "Common-Cleaner" daemon [_thread_blocked, id=7580, stack(0x0000005b6c600000,0x0000005b6c700000)]
  0x000001ed4b2e7070 JavaThread "C2 CompilerThread1" daemon [_thread_blocked, id=8604, stack(0x0000005b6c700000,0x0000005b6c800000)]
  0x000001ed4b6bb240 JavaThread "C1 CompilerThread3" daemon [_thread_blocked, id=11356, stack(0x0000005b6c800000,0x0000005b6c900000)]
  0x000001ed4c5b7d60 JavaThread "C2 CompilerThread2" daemon [_thread_blocked, id=20340, stack(0x0000005b6cd00000,0x0000005b6ce00000)]
  0x000001ed4e663740 JavaThread "C2 CompilerThread3" daemon [_thread_blocked, id=8120, stack(0x0000005b6d800000,0x0000005b6d900000)]
  0x000001ed4e624df0 JavaThread "C2 CompilerThread4" daemon [_thread_in_native, id=8848, stack(0x0000005b6d900000,0x0000005b6da00000)]
  0x000001ed503d9e30 JavaThread "C2 CompilerThread5" daemon [_thread_blocked, id=14500, stack(0x0000005b6da00000,0x0000005b6db00000)]

Other Threads:
=>0x000001ed4b058010 VMThread "VM Thread" [stack: 0x0000005b6b800000,0x0000005b6b900000] [id=412]
  0x000001ed2b8f2410 WatcherThread [stack: 0x0000005b6c500000,0x0000005b6c600000] [id=20120]
  0x000001ed2b8c9490 GCTaskThread "GC Thread#0" [stack: 0x0000005b6b300000,0x0000005b6b400000] [id=11224]
  0x000001ed4b7eb700 GCTaskThread "GC Thread#1" [stack: 0x0000005b6c900000,0x0000005b6ca00000] [id=11636]
  0x000001ed4b7eb9b0 GCTaskThread "GC Thread#2" [stack: 0x0000005b6ca00000,0x0000005b6cb00000] [id=1936]
  0x000001ed4b7ebc60 GCTaskThread "GC Thread#3" [stack: 0x0000005b6cb00000,0x0000005b6cc00000] [id=1740]
  0x000001ed4b7f0050 GCTaskThread "GC Thread#4" [stack: 0x0000005b6cc00000,0x0000005b6cd00000] [id=16540]
  0x000001ed4cc8f520 GCTaskThread "GC Thread#5" [stack: 0x0000005b6ce00000,0x0000005b6cf00000] [id=5320]
  0x000001ed4cc90aa0 GCTaskThread "GC Thread#6" [stack: 0x0000005b6cf00000,0x0000005b6d000000] [id=17604]
  0x000001ed4cc907f0 GCTaskThread "GC Thread#7" [stack: 0x0000005b6d000000,0x0000005b6d100000] [id=22624]
  0x000001ed4cc8ffe0 GCTaskThread "GC Thread#8" [stack: 0x0000005b6d100000,0x0000005b6d200000] [id=7924]
  0x000001ed4cc90290 GCTaskThread "GC Thread#9" [stack: 0x0000005b6d200000,0x0000005b6d300000] [id=10588]
  0x000001ed4cc8efc0 GCTaskThread "GC Thread#10" [stack: 0x0000005b6d500000,0x0000005b6d600000] [id=944]
  0x000001ed4cc8f270 GCTaskThread "GC Thread#11" [stack: 0x0000005b6d600000,0x0000005b6d700000] [id=15524]
  0x000001ed4cd78620 GCTaskThread "GC Thread#12" [stack: 0x0000005b6d700000,0x0000005b6d800000] [id=13344]
  0x000001ed2b8d9670 ConcurrentGCThread "G1 Main Marker" [stack: 0x0000005b6b400000,0x0000005b6b500000] [id=3076]
  0x000001ed2b8da730 ConcurrentGCThread "G1 Conc#0" [stack: 0x0000005b6b500000,0x0000005b6b600000] [id=5976]
  0x000001ed4cc8fa80 ConcurrentGCThread "G1 Conc#1" [stack: 0x0000005b6d300000,0x0000005b6d400000] [id=9652]
  0x000001ed4cc8fd30 ConcurrentGCThread "G1 Conc#2" [stack: 0x0000005b6d400000,0x0000005b6d500000] [id=17400]
  0x000001ed4a4b5190 ConcurrentGCThread "G1 Refine#0" [stack: 0x0000005b6b600000,0x0000005b6b700000] [id=13724]
  0x000001ed4e23f1b0 ConcurrentGCThread "G1 Refine#1" [stack: 0x0000005b6db00000,0x0000005b6dc00000] [id=9860]
  0x000001ed4e23f490 ConcurrentGCThread "G1 Refine#2" [stack: 0x0000005b6dc00000,0x0000005b6dd00000] [id=19268]
  0x000001ed54906b70 ConcurrentGCThread "G1 Refine#3" [stack: 0x0000005b6dd00000,0x0000005b6de00000] [id=2412]
  0x000001ed54905190 ConcurrentGCThread "G1 Refine#4" [stack: 0x0000005b6de00000,0x0000005b6df00000] [id=9600]
  0x000001ed4e240010 ConcurrentGCThread "G1 Refine#5" [stack: 0x0000005b6df00000,0x0000005b6e000000] [id=21808]
  0x000001ed4e23f770 ConcurrentGCThread "G1 Refine#6" [stack: 0x0000005b6e000000,0x0000005b6e100000] [id=6912]
  0x000001ed559a92d0 ConcurrentGCThread "G1 Refine#7" [stack: 0x0000005b6e100000,0x0000005b6e200000] [id=6744]
  0x000001ed559a8470 ConcurrentGCThread "G1 Refine#8" [stack: 0x0000005b6e200000,0x0000005b6e300000] [id=19952]
  0x000001ed4a4b89e0 ConcurrentGCThread "G1 Service" [stack: 0x0000005b6b700000,0x0000005b6b800000] [id=14664]

Threads with active compile tasks:
C2 CompilerThread0     9355 22297       4       org.jetbrains.kotlin.backend.jvm.codegen.ClassCodegen$typeMapper$1::mapType (99 bytes)
C1 CompilerThread0     9355 22328       3       org.jetbrains.kotlin.codegen.optimization.temporaryVals.TemporaryVariablesEliminationTransformer::transform (192 bytes)
C1 CompilerThread1     9355 22305       3       org.jetbrains.kotlin.backend.jvm.codegen.ExpressionCodegen::visitCall (1232 bytes)
C1 CompilerThread2     9355 22319       3       org.jetbrains.kotlin.codegen.optimization.fixStack.FixStackContext::<init> (533 bytes)
C2 CompilerThread1     9355 22220       4       org.jetbrains.org.objectweb.asm.tree.analysis.Frame::execute (2125 bytes)
C1 CompilerThread3     9355 22330       3       org.jetbrains.kotlin.backend.jvm.codegen.ExpressionCodegen::visitConst (237 bytes)
C2 CompilerThread2     9355 22287       4       org.jetbrains.kotlin.utils.SmartIdentityTable::set (128 bytes)
C2 CompilerThread3     9355 22281       4       org.jetbrains.kotlin.codegen.optimization.nullCheck.NullabilityInterpreter::merge (188 bytes)
C2 CompilerThread4     9355 21627       4       org.jetbrains.kotlin.types.AbstractTypeMapper::mapType (556 bytes)
C2 CompilerThread5     9355 22331       4       org.jetbrains.kotlin.resolve.jvm.checkers.JvmSimpleNameBacktickChecker::getINVALID_CHARS (4 bytes)

VM state: at safepoint (normal execution)

VM Mutex/Monitor currently owned by a thread:  ([mutex/lock_event])
[0x000001ed2b85b9a0] Threads_lock - owner thread: 0x000001ed4b058010
[0x000001ed2b85b5b0] Heap_lock - owner thread: 0x000001ed2b85ed40

Heap address: 0x000000070c600000, size: 3898 MB, Compressed Oops mode: Zero based, Oop shift amount: 3

CDS archive(s) not mapped
Compressed class space mapped at: 0x0000000800000000-0x0000000840000000, reserved size: 1073741824
Narrow klass base: 0x0000000800000000, Narrow klass shift: 0, Narrow klass range: 0x40000000

GC Precious Log:
 CPUs: 16 total, 16 available
 Memory: 15587M
 Large Page Support: Disabled
 NUMA Support: Disabled
 Compressed Oops: Enabled (Zero based)
 Heap Region Size: 2M
 Heap Min Capacity: 8M
 Heap Initial Capacity: 244M
 Heap Max Capacity: 3898M
 Pre-touch: Disabled
 Parallel Workers: 13
 Concurrent Workers: 3
 Concurrent Refinement Workers: 13
 Periodic GC: Disabled

Heap:
 garbage-first heap   total 249856K, used 132386K [0x000000070c600000, 0x0000000800000000)
  region size 2048K, 2 young (4096K), 2 survivors (4096K)
 Metaspace       used 98122K, committed 98496K, reserved 1138688K
  class space    used 10384K, committed 10560K, reserved 1048576K

Heap Regions: E=young(eden), S=young(survivor), O=old, HS=humongous(starts), HC=humongous(continues), CS=collection set, F=free, OA=open archive, CA=closed archive, TAMS=top-at-mark-start (previous, next)
|   0|0x000000070c600000, 0x000000070c800000, 0x000000070c800000|100%|HS|  |TAMS 0x000000070c800000, 0x000000070c800000| Complete 
|   1|0x000000070c800000, 0x000000070ca00000, 0x000000070ca00000|100%|HC|  |TAMS 0x000000070ca00000, 0x000000070ca00000| Complete 
|   2|0x000000070ca00000, 0x000000070cc00000, 0x000000070cc00000|100%| O|  |TAMS 0x000000070cc00000, 0x000000070cc00000| Untracked 
|   3|0x000000070cc00000, 0x000000070ce00000, 0x000000070ce00000|100%|HS|  |TAMS 0x000000070ce00000, 0x000000070ce00000| Complete 
|   4|0x000000070ce00000, 0x000000070d000000, 0x000000070d000000|100%|HC|  |TAMS 0x000000070d000000, 0x000000070d000000| Complete 
|   5|0x000000070d000000, 0x000000070d1e6e00, 0x000000070d200000| 95%| O|  |TAMS 0x000000070d1e6e00, 0x000000070d1e6e00| Untracked 
|   6|0x000000070d200000, 0x000000070d400000, 0x000000070d400000|100%| O|  |TAMS 0x000000070d400000, 0x000000070d400000| Untracked 
|   7|0x000000070d400000, 0x000000070d600000, 0x000000070d600000|100%| O|  |TAMS 0x000000070d600000, 0x000000070d600000| Untracked 
|   8|0x000000070d600000, 0x000000070d800000, 0x000000070d800000|100%|HS|  |TAMS 0x000000070d800000, 0x000000070d800000| Complete 
|   9|0x000000070d800000, 0x000000070da00000, 0x000000070da00000|100%| O|  |TAMS 0x000000070d800000, 0x000000070da00000| Untracked 
|  10|0x000000070da00000, 0x000000070dc00000, 0x000000070dc00000|100%| O|  |TAMS 0x000000070dc00000, 0x000000070dc00000| Untracked 
|  11|0x000000070dc00000, 0x000000070de00000, 0x000000070de00000|100%| O|  |TAMS 0x000000070de00000, 0x000000070de00000| Untracked 
|  12|0x000000070de00000, 0x000000070e000000, 0x000000070e000000|100%| O|  |TAMS 0x000000070e000000, 0x000000070e000000| Untracked 
|  13|0x000000070e000000, 0x000000070e200000, 0x000000070e200000|100%| O|  |TAMS 0x000000070e200000, 0x000000070e200000| Untracked 
|  14|0x000000070e200000, 0x000000070e400000, 0x000000070e400000|100%| O|  |TAMS 0x000000070e400000, 0x000000070e400000| Untracked 
|  15|0x000000070e400000, 0x000000070e600000, 0x000000070e600000|100%| O|  |TAMS 0x000000070e600000, 0x000000070e600000| Untracked 
|  16|0x000000070e600000, 0x000000070e800000, 0x000000070e800000|100%| O|  |TAMS 0x000000070e800000, 0x000000070e800000| Untracked 
|  17|0x000000070e800000, 0x000000070ea00000, 0x000000070ea00000|100%| O|  |TAMS 0x000000070ea00000, 0x000000070ea00000| Untracked 
|  18|0x000000070ea00000, 0x000000070ec00000, 0x000000070ec00000|100%| O|  |TAMS 0x000000070ec00000, 0x000000070ec00000| Untracked 
|  19|0x000000070ec00000, 0x000000070ee00000, 0x000000070ee00000|100%| O|  |TAMS 0x000000070ee00000, 0x000000070ee00000| Untracked 
|  20|0x000000070ee00000, 0x000000070f000000, 0x000000070f000000|100%| O|  |TAMS 0x000000070f000000, 0x000000070f000000| Untracked 
|  21|0x000000070f000000, 0x000000070f200000, 0x000000070f200000|100%| O|  |TAMS 0x000000070f200000, 0x000000070f200000| Untracked 
|  22|0x000000070f200000, 0x000000070f400000, 0x000000070f400000|100%| O|  |TAMS 0x000000070f400000, 0x000000070f400000| Untracked 
|  23|0x000000070f400000, 0x000000070f600000, 0x000000070f600000|100%| O|  |TAMS 0x000000070f600000, 0x000000070f600000| Untracked 
|  24|0x000000070f600000, 0x000000070f800000, 0x000000070f800000|100%| O|  |TAMS 0x000000070f800000, 0x000000070f800000| Untracked 
|  25|0x000000070f800000, 0x000000070fa00000, 0x000000070fa00000|100%| O|  |TAMS 0x000000070fa00000, 0x000000070fa00000| Untracked 
|  26|0x000000070fa00000, 0x000000070fc00000, 0x000000070fc00000|100%| O|  |TAMS 0x000000070fc00000, 0x000000070fc00000| Untracked 
|  27|0x000000070fc00000, 0x000000070fe00000, 0x000000070fe00000|100%| O|  |TAMS 0x000000070fe00000, 0x000000070fe00000| Untracked 
|  28|0x000000070fe00000, 0x0000000710000000, 0x0000000710000000|100%| O|  |TAMS 0x0000000710000000, 0x0000000710000000| Untracked 
|  29|0x0000000710000000, 0x0000000710200000, 0x0000000710200000|100%| O|  |TAMS 0x0000000710200000, 0x0000000710200000| Untracked 
|  30|0x0000000710200000, 0x0000000710400000, 0x0000000710400000|100%| O|  |TAMS 0x0000000710400000, 0x0000000710400000| Untracked 
|  31|0x0000000710400000, 0x0000000710600000, 0x0000000710600000|100%| O|  |TAMS 0x0000000710600000, 0x0000000710600000| Untracked 
|  32|0x0000000710600000, 0x0000000710800000, 0x0000000710800000|100%| O|  |TAMS 0x0000000710800000, 0x0000000710800000| Untracked 
|  33|0x0000000710800000, 0x0000000710a00000, 0x0000000710a00000|100%| O|  |TAMS 0x0000000710a00000, 0x0000000710a00000| Untracked 
|  34|0x0000000710a00000, 0x0000000710c00000, 0x0000000710c00000|100%| O|  |TAMS 0x0000000710c00000, 0x0000000710c00000| Untracked 
|  35|0x0000000710c00000, 0x0000000710e00000, 0x0000000710e00000|100%| O|  |TAMS 0x0000000710e00000, 0x0000000710e00000| Untracked 
|  36|0x0000000710e00000, 0x0000000711000000, 0x0000000711000000|100%| O|  |TAMS 0x0000000711000000, 0x0000000711000000| Untracked 
|  37|0x0000000711000000, 0x0000000711200000, 0x0000000711200000|100%| O|  |TAMS 0x0000000711200000, 0x0000000711200000| Untracked 
|  38|0x0000000711200000, 0x0000000711400000, 0x0000000711400000|100%| O|  |TAMS 0x0000000711400000, 0x0000000711400000| Untracked 
|  39|0x0000000711400000, 0x0000000711600000, 0x0000000711600000|100%| O|  |TAMS 0x0000000711600000, 0x0000000711600000| Untracked 
|  40|0x0000000711600000, 0x0000000711800000, 0x0000000711800000|100%| O|  |TAMS 0x0000000711800000, 0x0000000711800000| Untracked 
|  41|0x0000000711800000, 0x0000000711a00000, 0x0000000711a00000|100%| O|  |TAMS 0x0000000711a00000, 0x0000000711a00000| Untracked 
|  42|0x0000000711a00000, 0x0000000711a00000, 0x0000000711c00000|  0%| F|  |TAMS 0x0000000711a00000, 0x0000000711a00000| Untracked 
|  43|0x0000000711c00000, 0x0000000711e00000, 0x0000000711e00000|100%| O|  |TAMS 0x0000000711e00000, 0x0000000711e00000| Untracked 
|  44|0x0000000711e00000, 0x0000000712000000, 0x0000000712000000|100%| O|  |TAMS 0x0000000712000000, 0x0000000712000000| Untracked 
|  45|0x0000000712000000, 0x0000000712200000, 0x0000000712200000|100%| O|  |TAMS 0x0000000712200000, 0x0000000712200000| Untracked 
|  46|0x0000000712200000, 0x0000000712400000, 0x0000000712400000|100%| O|  |TAMS 0x0000000712400000, 0x0000000712400000| Untracked 
|  47|0x0000000712400000, 0x0000000712600000, 0x0000000712600000|100%| O|  |TAMS 0x0000000712600000, 0x0000000712600000| Untracked 
|  48|0x0000000712600000, 0x0000000712800000, 0x0000000712800000|100%| O|  |TAMS 0x0000000712800000, 0x0000000712800000| Untracked 
|  49|0x0000000712800000, 0x0000000712a00000, 0x0000000712a00000|100%| O|  |TAMS 0x0000000712a00000, 0x0000000712a00000| Untracked 
|  50|0x0000000712a00000, 0x0000000712c00000, 0x0000000712c00000|100%| O|  |TAMS 0x0000000712c00000, 0x0000000712c00000| Untracked 
|  51|0x0000000712c00000, 0x0000000712e00000, 0x0000000712e00000|100%| O|  |TAMS 0x0000000712e00000, 0x0000000712e00000| Untracked 
|  52|0x0000000712e00000, 0x0000000713000000, 0x0000000713000000|100%| O|  |TAMS 0x0000000713000000, 0x0000000713000000| Untracked 
|  53|0x0000000713000000, 0x0000000713200000, 0x0000000713200000|100%| O|  |TAMS 0x0000000713200000, 0x0000000713200000| Untracked 
|  54|0x0000000713200000, 0x0000000713400000, 0x0000000713400000|100%| O|  |TAMS 0x0000000713400000, 0x0000000713400000| Untracked 
|  55|0x0000000713400000, 0x0000000713600000, 0x0000000713600000|100%| O|  |TAMS 0x0000000713454600, 0x0000000713600000| Untracked 
|  56|0x0000000713600000, 0x0000000713800000, 0x0000000713800000|100%| O|  |TAMS 0x0000000713600000, 0x0000000713800000| Untracked 
|  57|0x0000000713800000, 0x0000000713a00000, 0x0000000713a00000|100%| O|  |TAMS 0x0000000713800000, 0x0000000713a00000| Untracked 
|  58|0x0000000713a00000, 0x0000000713c00000, 0x0000000713c00000|100%| O|  |TAMS 0x0000000713a00000, 0x0000000713c00000| Untracked 
|  59|0x0000000713c00000, 0x0000000713e00000, 0x0000000713e00000|100%| O|  |TAMS 0x0000000713c00000, 0x0000000713e00000| Untracked 
|  60|0x0000000713e00000, 0x0000000714000000, 0x0000000714000000|100%| O|  |TAMS 0x0000000713e00000, 0x0000000714000000| Untracked 
|  61|0x0000000714000000, 0x0000000714200000, 0x0000000714200000|100%| O|  |TAMS 0x0000000714000000, 0x0000000714200000| Untracked 
|  62|0x0000000714200000, 0x0000000714400000, 0x0000000714400000|100%| O|  |TAMS 0x0000000714200000, 0x0000000714400000| Untracked 
|  63|0x0000000714400000, 0x0000000714600000, 0x0000000714600000|100%| O|  |TAMS 0x0000000714400000, 0x0000000714600000| Untracked 
|  64|0x0000000714600000, 0x0000000714600000, 0x0000000714800000|  0%| F|  |TAMS 0x0000000714600000, 0x0000000714600000| Untracked 
|  65|0x0000000714800000, 0x0000000714800000, 0x0000000714a00000|  0%| F|  |TAMS 0x0000000714800000, 0x0000000714800000| Untracked 
|  66|0x0000000714a00000, 0x0000000714a00000, 0x0000000714c00000|  0%| F|  |TAMS 0x0000000714a00000, 0x0000000714a00000| Untracked 
|  67|0x0000000714c00000, 0x0000000714c00000, 0x0000000714e00000|  0%| F|  |TAMS 0x0000000714c00000, 0x0000000714c00000| Untracked 
|  68|0x0000000714e00000, 0x0000000714e00000, 0x0000000715000000|  0%| F|  |TAMS 0x0000000714e00000, 0x0000000714e00000| Untracked 
|  69|0x0000000715000000, 0x0000000715000000, 0x0000000715200000|  0%| F|  |TAMS 0x0000000715000000, 0x0000000715000000| Untracked 
|  70|0x0000000715200000, 0x0000000715200000, 0x0000000715400000|  0%| F|  |TAMS 0x0000000715200000, 0x0000000715200000| Untracked 
|  71|0x0000000715400000, 0x0000000715400000, 0x0000000715600000|  0%| F|  |TAMS 0x0000000715400000, 0x0000000715400000| Untracked 
|  72|0x0000000715600000, 0x0000000715600000, 0x0000000715800000|  0%| F|  |TAMS 0x0000000715600000, 0x0000000715600000| Untracked 
|  73|0x0000000715800000, 0x0000000715800000, 0x0000000715a00000|  0%| F|  |TAMS 0x0000000715800000, 0x0000000715800000| Untracked 
|  74|0x0000000715a00000, 0x0000000715a00000, 0x0000000715c00000|  0%| F|  |TAMS 0x0000000715a00000, 0x0000000715a00000| Untracked 
|  75|0x0000000715c00000, 0x0000000715c00000, 0x0000000715e00000|  0%| F|  |TAMS 0x0000000715c00000, 0x0000000715c00000| Untracked 
|  76|0x0000000715e00000, 0x0000000715e00000, 0x0000000716000000|  0%| F|  |TAMS 0x0000000715e00000, 0x0000000715e00000| Untracked 
|  77|0x0000000716000000, 0x0000000716000000, 0x0000000716200000|  0%| F|  |TAMS 0x0000000716000000, 0x0000000716000000| Untracked 
|  78|0x0000000716200000, 0x0000000716200000, 0x0000000716400000|  0%| F|  |TAMS 0x0000000716200000, 0x0000000716200000| Untracked 
|  79|0x0000000716400000, 0x0000000716400000, 0x0000000716600000|  0%| F|  |TAMS 0x0000000716400000, 0x0000000716400000| Untracked 
|  80|0x0000000716600000, 0x0000000716600000, 0x0000000716800000|  0%| F|  |TAMS 0x0000000716600000, 0x0000000716600000| Untracked 
|  81|0x0000000716800000, 0x0000000716800000, 0x0000000716a00000|  0%| F|  |TAMS 0x0000000716800000, 0x0000000716800000| Untracked 
|  82|0x0000000716a00000, 0x0000000716b61d60, 0x0000000716c00000| 69%| S|CS|TAMS 0x0000000716a00000, 0x0000000716a00000| Complete 
|  83|0x0000000716c00000, 0x0000000716e00000, 0x0000000716e00000|100%| S|CS|TAMS 0x0000000716c00000, 0x0000000716c00000| Complete 
|  84|0x0000000716e00000, 0x0000000716e00000, 0x0000000717000000|  0%| F|  |TAMS 0x0000000716e00000, 0x0000000716e00000| Untracked 
|  85|0x0000000717000000, 0x0000000717000000, 0x0000000717200000|  0%| F|  |TAMS 0x0000000717000000, 0x0000000717000000| Untracked 
|  86|0x0000000717200000, 0x0000000717200000, 0x0000000717400000|  0%| F|  |TAMS 0x0000000717200000, 0x0000000717200000| Untracked 
|  87|0x0000000717400000, 0x0000000717400000, 0x0000000717600000|  0%| F|  |TAMS 0x0000000717400000, 0x0000000717400000| Untracked 
|  88|0x0000000717600000, 0x0000000717600000, 0x0000000717800000|  0%| F|  |TAMS 0x0000000717600000, 0x0000000717600000| Untracked 
|  89|0x0000000717800000, 0x0000000717800000, 0x0000000717a00000|  0%| F|  |TAMS 0x0000000717800000, 0x0000000717800000| Untracked 
|  90|0x0000000717a00000, 0x0000000717a00000, 0x0000000717c00000|  0%| F|  |TAMS 0x0000000717a00000, 0x0000000717a00000| Untracked 
|  91|0x0000000717c00000, 0x0000000717c00000, 0x0000000717e00000|  0%| F|  |TAMS 0x0000000717c00000, 0x0000000717c00000| Untracked 
|  92|0x0000000717e00000, 0x0000000717e00000, 0x0000000718000000|  0%| F|  |TAMS 0x0000000717e00000, 0x0000000717e00000| Untracked 
|  93|0x0000000718000000, 0x0000000718000000, 0x0000000718200000|  0%| F|  |TAMS 0x0000000718000000, 0x0000000718000000| Untracked 
|  94|0x0000000718200000, 0x0000000718200000, 0x0000000718400000|  0%| F|  |TAMS 0x0000000718200000, 0x0000000718200000| Untracked 
|  95|0x0000000718400000, 0x0000000718400000, 0x0000000718600000|  0%| F|  |TAMS 0x0000000718400000, 0x0000000718400000| Untracked 
|  96|0x0000000718600000, 0x0000000718600000, 0x0000000718800000|  0%| F|  |TAMS 0x0000000718600000, 0x0000000718600000| Untracked 
|  97|0x0000000718800000, 0x0000000718800000, 0x0000000718a00000|  0%| F|  |TAMS 0x0000000718800000, 0x0000000718800000| Untracked 
|  98|0x0000000718a00000, 0x0000000718a00000, 0x0000000718c00000|  0%| F|  |TAMS 0x0000000718a00000, 0x0000000718a00000| Untracked 
|  99|0x0000000718c00000, 0x0000000718c00000, 0x0000000718e00000|  0%| F|  |TAMS 0x0000000718c00000, 0x0000000718c00000| Untracked 
| 100|0x0000000718e00000, 0x0000000718e00000, 0x0000000719000000|  0%| F|  |TAMS 0x0000000718e00000, 0x0000000718e00000| Untracked 
| 101|0x0000000719000000, 0x0000000719000000, 0x0000000719200000|  0%| F|  |TAMS 0x0000000719000000, 0x0000000719000000| Untracked 
| 102|0x0000000719200000, 0x0000000719200000, 0x0000000719400000|  0%| F|  |TAMS 0x0000000719200000, 0x0000000719200000| Untracked 
| 103|0x0000000719400000, 0x0000000719400000, 0x0000000719600000|  0%| F|  |TAMS 0x0000000719400000, 0x0000000719400000| Untracked 
| 104|0x0000000719600000, 0x0000000719600000, 0x0000000719800000|  0%| F|  |TAMS 0x0000000719600000, 0x0000000719600000| Untracked 
| 105|0x0000000719800000, 0x0000000719800000, 0x0000000719a00000|  0%| F|  |TAMS 0x0000000719800000, 0x0000000719800000| Untracked 
| 106|0x0000000719a00000, 0x0000000719a00000, 0x0000000719c00000|  0%| F|  |TAMS 0x0000000719a00000, 0x0000000719a00000| Untracked 
| 107|0x0000000719c00000, 0x0000000719c00000, 0x0000000719e00000|  0%| F|  |TAMS 0x0000000719c00000, 0x0000000719c00000| Untracked 
| 108|0x0000000719e00000, 0x0000000719e00000, 0x000000071a000000|  0%| F|  |TAMS 0x0000000719e00000, 0x0000000719e00000| Untracked 
| 109|0x000000071a000000, 0x000000071a000000, 0x000000071a200000|  0%| F|  |TAMS 0x000000071a000000, 0x000000071a000000| Untracked 
| 110|0x000000071a200000, 0x000000071a200000, 0x000000071a400000|  0%| F|  |TAMS 0x000000071a200000, 0x000000071a200000| Untracked 
| 111|0x000000071a400000, 0x000000071a400000, 0x000000071a600000|  0%| F|  |TAMS 0x000000071a400000, 0x000000071a400000| Untracked 
| 112|0x000000071a600000, 0x000000071a600000, 0x000000071a800000|  0%| F|  |TAMS 0x000000071a600000, 0x000000071a600000| Untracked 
| 113|0x000000071a800000, 0x000000071a800000, 0x000000071aa00000|  0%| F|  |TAMS 0x000000071a800000, 0x000000071a800000| Untracked 
| 114|0x000000071aa00000, 0x000000071aa00000, 0x000000071ac00000|  0%| F|  |TAMS 0x000000071aa00000, 0x000000071aa00000| Untracked 
| 115|0x000000071ac00000, 0x000000071ac00000, 0x000000071ae00000|  0%| F|  |TAMS 0x000000071ac00000, 0x000000071ac00000| Untracked 
| 116|0x000000071ae00000, 0x000000071ae00000, 0x000000071b000000|  0%| F|  |TAMS 0x000000071ae00000, 0x000000071ae00000| Untracked 
| 117|0x000000071b000000, 0x000000071b000000, 0x000000071b200000|  0%| F|  |TAMS 0x000000071b000000, 0x000000071b000000| Untracked 
| 118|0x000000071b200000, 0x000000071b200000, 0x000000071b400000|  0%| F|  |TAMS 0x000000071b200000, 0x000000071b200000| Untracked 
| 119|0x000000071b400000, 0x000000071b400000, 0x000000071b600000|  0%| F|  |TAMS 0x000000071b400000, 0x000000071b400000| Untracked 
| 120|0x000000071b600000, 0x000000071b600000, 0x000000071b800000|  0%| F|  |TAMS 0x000000071b600000, 0x000000071b600000| Untracked 
| 121|0x000000071b800000, 0x000000071b800000, 0x000000071ba00000|  0%| F|  |TAMS 0x000000071b800000, 0x000000071b800000| Untracked 

Card table byte_map: [0x000001ed3ed40000,0x000001ed3f4e0000] _byte_map_base: 0x000001ed3b4dd000

Marking Bits (Prev, Next): (CMBitMap*) 0x000001ed2b8c99f0, (CMBitMap*) 0x000001ed2b8c99b0
 Prev Bits: [0x000001ed43970000, 0x000001ed47658000)
 Next Bits: [0x000001ed3fc80000, 0x000001ed43968000)

Polling page: 0x000001ed297d0000

Metaspace:

Usage:
  Non-class:     85.68 MB used.
      Class:     10.14 MB used.
       Both:     95.82 MB used.

Virtual space:
  Non-class space:       88.00 MB reserved,      85.88 MB ( 98%) committed,  11 nodes.
      Class space:        1.00 GB reserved,      10.31 MB (  1%) committed,  1 nodes.
             Both:        1.09 GB reserved,      96.19 MB (  9%) committed. 

Chunk freelists:
   Non-Class:  1.48 MB
       Class:  1.72 MB
        Both:  3.20 MB

MaxMetaspaceSize: unlimited
CompressedClassSpaceSize: 1.00 GB
Initial GC threshold: 21.00 MB
Current GC threshold: 148.38 MB
CDS: off
MetaspaceReclaimPolicy: balanced
 - commit_granule_bytes: 65536.
 - commit_granule_words: 8192.
 - virtual_space_node_default_size: 1048576.
 - enlarge_chunks_in_place: 1.
 - new_chunks_are_fully_committed: 0.
 - uncommit_free_chunks: 1.
 - use_allocation_guard: 0.
 - handle_deallocations: 1.


Internal statistics:

num_allocs_failed_limit: 9.
num_arena_births: 508.
num_arena_deaths: 0.
num_vsnodes_births: 12.
num_vsnodes_deaths: 0.
num_space_committed: 1537.
num_space_uncommitted: 0.
num_chunks_returned_to_freelist: 9.
num_chunks_taken_from_freelist: 3754.
num_chunk_merges: 9.
num_chunk_splits: 3000.
num_chunks_enlarged: 2572.
num_purges: 0.
num_inconsistent_stats: 0.

CodeHeap 'non-profiled nmethods': size=119168Kb used=11835Kb max_used=11835Kb free=107332Kb
 bounds [0x000001ed368c0000, 0x000001ed37450000, 0x000001ed3dd20000]
CodeHeap 'profiled nmethods': size=119104Kb used=58174Kb max_used=58174Kb free=60929Kb
 bounds [0x000001ed2ed20000, 0x000001ed32600000, 0x000001ed36170000]
CodeHeap 'non-nmethods': size=7488Kb used=3139Kb max_used=3205Kb free=4348Kb
 bounds [0x000001ed36170000, 0x000001ed364b0000, 0x000001ed368c0000]
 total_blobs=19055 nmethods=18280 adapters=680
 compilation: enabled
              stopped_count=0, restarted_count=0
 full_count=0

Compilation events (20 events):
Event: 9.340 Thread 0x000001ed503d9e30 22236       4       org.jetbrains.org.objectweb.asm.tree.analysis.Frame::getStack (12 bytes)
Event: 9.340 Thread 0x000001ed4b6bb240 22325       3       org.jetbrains.kotlin.codegen.optimization.transformer.CompositeMethodTransformer::transform (73 bytes)
Event: 9.340 Thread 0x000001ed4b0b14e0 nmethod 22322 0x000001ed325ea610 code [0x000001ed325ea800, 0x000001ed325ead78]
Event: 9.340 Thread 0x000001ed4b0b14e0 22323       3       org.jetbrains.kotlin.codegen.optimization.transformer.CompositeMethodTransformer::<init> (15 bytes)
Event: 9.341 Thread 0x000001ed503d9e30 nmethod 22236 0x000001ed3744e690 code [0x000001ed3744e800, 0x000001ed3744e8b8]
Event: 9.341 Thread 0x000001ed4b6bb240 nmethod 22325 0x000001ed325eaf10 code [0x000001ed325eb200, 0x000001ed325ec258]
Event: 9.341 Thread 0x000001ed4b6bb240 22324       3       org.jetbrains.kotlin.codegen.optimization.transformer.CompositeMethodTransformer::<init> (16 bytes)
Event: 9.341 Thread 0x000001ed4b0b14e0 nmethod 22323 0x000001ed325ec790 code [0x000001ed325ecb00, 0x000001ed325edf88]
Event: 9.341 Thread 0x000001ed4b0b14e0 22326       3       org.jetbrains.kotlin.ir.declarations.impl.IrExternalPackageFragmentImpl::getSymbol (8 bytes)
Event: 9.341 Thread 0x000001ed4b0b14e0 nmethod 22326 0x000001ed325ee690 code [0x000001ed325ee820, 0x000001ed325eea58]
Event: 9.341 Thread 0x000001ed4b0b14e0 22328       3       org.jetbrains.kotlin.codegen.optimization.temporaryVals.TemporaryVariablesEliminationTransformer::transform (192 bytes)
Event: 9.341 Thread 0x000001ed4b6bb240 nmethod 22324 0x000001ed325eeb10 code [0x000001ed325eed20, 0x000001ed325ef3f8]
Event: 9.341 Thread 0x000001ed4b6bb240 22327       1       org.jetbrains.kotlin.codegen.SourceInfo::getPathOrCleanFQN (5 bytes)
Event: 9.342 Thread 0x000001ed4b6bb240 nmethod 22327 0x000001ed3744e990 code [0x000001ed3744eb20, 0x000001ed3744ebf8]
Event: 9.342 Thread 0x000001ed4b6bb240 22329       3       org.jetbrains.kotlin.backend.jvm.codegen.ExpressionCodegen::visitConst (10 bytes)
Event: 9.342 Thread 0x000001ed4b6bb240 nmethod 22329 0x000001ed325ef690 code [0x000001ed325ef840, 0x000001ed325efa68]
Event: 9.342 Thread 0x000001ed4b6bb240 22330       3       org.jetbrains.kotlin.backend.jvm.codegen.ExpressionCodegen::visitConst (237 bytes)
Event: 9.342 Thread 0x000001ed503d9e30 22331       4       org.jetbrains.kotlin.resolve.jvm.checkers.JvmSimpleNameBacktickChecker::getINVALID_CHARS (4 bytes)
Event: 9.342 Thread 0x000001ed503d9e30 nmethod 22331 0x000001ed3744ec90 code [0x000001ed3744ee00, 0x000001ed3744ee78]
Event: 9.343 Thread 0x000001ed4b22d8b0 nmethod 22319 0x000001ed325efb10 code [0x000001ed325f0400, 0x000001ed325f5ba8]

GC Heap History (20 events):
Event: 3.596 GC heap after
{Heap after GC invocations=18 (full 0):
 garbage-first heap   total 122880K, used 61791K [0x000000070c600000, 0x0000000800000000)
  region size 2048K, 1 young (2048K), 1 survivors (2048K)
 Metaspace       used 62019K, committed 62336K, reserved 1105920K
  class space    used 6939K, committed 7104K, reserved 1048576K
}
Event: 3.913 GC heap before
{Heap before GC invocations=18 (full 0):
 garbage-first heap   total 122880K, used 94559K [0x000000070c600000, 0x0000000800000000)
  region size 2048K, 17 young (34816K), 1 survivors (2048K)
 Metaspace       used 63335K, committed 63680K, reserved 1105920K
  class space    used 7077K, committed 7232K, reserved 1048576K
}
Event: 3.919 GC heap after
{Heap after GC invocations=19 (full 0):
 garbage-first heap   total 221184K, used 65072K [0x000000070c600000, 0x0000000800000000)
  region size 2048K, 2 young (4096K), 2 survivors (4096K)
 Metaspace       used 63335K, committed 63680K, reserved 1105920K
  class space    used 7077K, committed 7232K, reserved 1048576K
}
Event: 5.036 GC heap before
{Heap before GC invocations=20 (full 0):
 garbage-first heap   total 221184K, used 163376K [0x000000070c600000, 0x0000000800000000)
  region size 2048K, 49 young (100352K), 2 survivors (4096K)
 Metaspace       used 70307K, committed 70592K, reserved 1114112K
  class space    used 7949K, committed 8064K, reserved 1048576K
}
Event: 5.045 GC heap after
{Heap after GC invocations=21 (full 0):
 garbage-first heap   total 221184K, used 78634K [0x000000070c600000, 0x0000000800000000)
  region size 2048K, 7 young (14336K), 7 survivors (14336K)
 Metaspace       used 70307K, committed 70592K, reserved 1114112K
  class space    used 7949K, committed 8064K, reserved 1048576K
}
Event: 5.974 GC heap before
{Heap before GC invocations=21 (full 0):
 garbage-first heap   total 221184K, used 160554K [0x000000070c600000, 0x0000000800000000)
  region size 2048K, 47 young (96256K), 7 survivors (14336K)
 Metaspace       used 71199K, committed 71488K, reserved 1114112K
  class space    used 8015K, committed 8128K, reserved 1048576K
}
Event: 5.983 GC heap after
{Heap after GC invocations=22 (full 0):
 garbage-first heap   total 221184K, used 88963K [0x000000070c600000, 0x0000000800000000)
  region size 2048K, 6 young (12288K), 6 survivors (12288K)
 Metaspace       used 71199K, committed 71488K, reserved 1114112K
  class space    used 8015K, committed 8128K, reserved 1048576K
}
Event: 6.677 GC heap before
{Heap before GC invocations=22 (full 0):
 garbage-first heap   total 221184K, used 164739K [0x000000070c600000, 0x0000000800000000)
  region size 2048K, 43 young (88064K), 6 survivors (12288K)
 Metaspace       used 76537K, committed 76864K, reserved 1122304K
  class space    used 8511K, committed 8640K, reserved 1048576K
}
Event: 6.683 GC heap after
{Heap after GC invocations=23 (full 0):
 garbage-first heap   total 221184K, used 94515K [0x000000070c600000, 0x0000000800000000)
  region size 2048K, 3 young (6144K), 3 survivors (6144K)
 Metaspace       used 76537K, committed 76864K, reserved 1122304K
  class space    used 8511K, committed 8640K, reserved 1048576K
}
Event: 7.401 GC heap before
{Heap before GC invocations=23 (full 0):
 garbage-first heap   total 221184K, used 170291K [0x000000070c600000, 0x0000000800000000)
  region size 2048K, 40 young (81920K), 3 survivors (6144K)
 Metaspace       used 80961K, committed 81344K, reserved 1122304K
  class space    used 8924K, committed 9088K, reserved 1048576K
}
Event: 7.410 GC heap after
{Heap after GC invocations=24 (full 0):
 garbage-first heap   total 221184K, used 107956K [0x000000070c600000, 0x0000000800000000)
  region size 2048K, 5 young (10240K), 5 survivors (10240K)
 Metaspace       used 80961K, committed 81344K, reserved 1122304K
  class space    used 8924K, committed 9088K, reserved 1048576K
}
Event: 7.851 GC heap before
{Heap before GC invocations=24 (full 0):
 garbage-first heap   total 221184K, used 171444K [0x000000070c600000, 0x0000000800000000)
  region size 2048K, 36 young (73728K), 5 survivors (10240K)
 Metaspace       used 83203K, committed 83520K, reserved 1130496K
  class space    used 9157K, committed 9280K, reserved 1048576K
}
Event: 7.861 GC heap after
{Heap after GC invocations=25 (full 0):
 garbage-first heap   total 221184K, used 123117K [0x000000070c600000, 0x0000000800000000)
  region size 2048K, 5 young (10240K), 5 survivors (10240K)
 Metaspace       used 83203K, committed 83520K, reserved 1130496K
  class space    used 9157K, committed 9280K, reserved 1048576K
}
Event: 8.345 GC heap before
{Heap before GC invocations=25 (full 0):
 garbage-first heap   total 221184K, used 170221K [0x000000070c600000, 0x0000000800000000)
  region size 2048K, 29 young (59392K), 5 survivors (10240K)
 Metaspace       used 90251K, committed 90624K, reserved 1130496K
  class space    used 9840K, committed 9984K, reserved 1048576K
}
Event: 8.351 GC heap after
{Heap after GC invocations=26 (full 0):
 garbage-first heap   total 221184K, used 130425K [0x000000070c600000, 0x0000000800000000)
  region size 2048K, 3 young (6144K), 3 survivors (6144K)
 Metaspace       used 90251K, committed 90624K, reserved 1130496K
  class space    used 9840K, committed 9984K, reserved 1048576K
}
Event: 8.808 GC heap before
{Heap before GC invocations=27 (full 0):
 garbage-first heap   total 223232K, used 173433K [0x000000070c600000, 0x0000000800000000)
  region size 2048K, 25 young (51200K), 3 survivors (6144K)
 Metaspace       used 93126K, committed 93504K, reserved 1138688K
  class space    used 10023K, committed 10176K, reserved 1048576K
}
Event: 8.813 GC heap after
{Heap after GC invocations=28 (full 0):
 garbage-first heap   total 223232K, used 130715K [0x000000070c600000, 0x0000000800000000)
  region size 2048K, 2 young (4096K), 2 survivors (4096K)
 Metaspace       used 93126K, committed 93504K, reserved 1138688K
  class space    used 10023K, committed 10176K, reserved 1048576K
}
Event: 8.854 GC heap before
{Heap before GC invocations=28 (full 0):
 garbage-first heap   total 223232K, used 136859K [0x000000070c600000, 0x0000000800000000)
  region size 2048K, 5 young (10240K), 2 survivors (4096K)
 Metaspace       used 93249K, committed 93568K, reserved 1138688K
  class space    used 10024K, committed 10176K, reserved 1048576K
}
Event: 8.856 GC heap after
{Heap after GC invocations=29 (full 0):
 garbage-first heap   total 223232K, used 129630K [0x000000070c600000, 0x0000000800000000)
  region size 2048K, 1 young (2048K), 1 survivors (2048K)
 Metaspace       used 93249K, committed 93568K, reserved 1138688K
  class space    used 10024K, committed 10176K, reserved 1048576K
}
Event: 9.342 GC heap before
{Heap before GC invocations=29 (full 0):
 garbage-first heap   total 223232K, used 176734K [0x000000070c600000, 0x0000000800000000)
  region size 2048K, 25 young (51200K), 1 survivors (2048K)
 Metaspace       used 98122K, committed 98496K, reserved 1138688K
  class space    used 10384K, committed 10560K, reserved 1048576K
}

Dll operation events (2 events):
Event: 0.004 Loaded shared library D:\Code\Android\AndroidStduio\studio\jbr\bin\java.dll
Event: 0.498 Loaded shared library D:\Code\Android\AndroidStduio\studio\jbr\bin\verify.dll

Deoptimization events (20 events):
Event: 9.311 Thread 0x000001ed2b85ed40 Uncommon trap: trap_request=0xffffff45 fr.pc=0x000001ed3738c5e4 relative=0x00000000000001e4
Event: 9.311 Thread 0x000001ed2b85ed40 Uncommon trap: reason=unstable_if action=reinterpret pc=0x000001ed3738c5e4 method=org.jetbrains.kotlin.codegen.optimization.common.OptimizationBasicInterpreter.merge(Lorg/jetbrains/org/objectweb/asm/tree/analysis/BasicValue;Lorg/jetbrains/org/objectweb/as
Event: 9.311 Thread 0x000001ed2b85ed40 DEOPT PACKING pc=0x000001ed3738c5e4 sp=0x0000005b6b2fd450
Event: 9.311 Thread 0x000001ed2b85ed40 DEOPT UNPACKING pc=0x000001ed361ca1a3 sp=0x0000005b6b2fd3e8 mode 2
Event: 9.321 Thread 0x000001ed2b85ed40 Uncommon trap: trap_request=0xffffff45 fr.pc=0x000001ed37370b00 relative=0x0000000000000a00
Event: 9.321 Thread 0x000001ed2b85ed40 Uncommon trap: reason=unstable_if action=reinterpret pc=0x000001ed37370b00 method=org.jetbrains.org.objectweb.asm.tree.analysis.SourceInterpreter.merge(Lorg/jetbrains/org/objectweb/asm/tree/analysis/SourceValue;Lorg/jetbrains/org/objectweb/asm/tree/analys
Event: 9.321 Thread 0x000001ed2b85ed40 DEOPT PACKING pc=0x000001ed37370b00 sp=0x0000005b6b2fd3d0
Event: 9.321 Thread 0x000001ed2b85ed40 DEOPT UNPACKING pc=0x000001ed361ca1a3 sp=0x0000005b6b2fd328 mode 2
Event: 9.321 Thread 0x000001ed2b85ed40 Uncommon trap: trap_request=0xffffff45 fr.pc=0x000001ed36d80eb8 relative=0x0000000000000a38
Event: 9.321 Thread 0x000001ed2b85ed40 Uncommon trap: reason=unstable_if action=reinterpret pc=0x000001ed36d80eb8 method=org.jetbrains.org.objectweb.asm.tree.analysis.SourceInterpreter.merge(Lorg/jetbrains/org/objectweb/asm/tree/analysis/SourceValue;Lorg/jetbrains/org/objectweb/asm/tree/analys
Event: 9.321 Thread 0x000001ed2b85ed40 DEOPT PACKING pc=0x000001ed36d80eb8 sp=0x0000005b6b2fd340
Event: 9.321 Thread 0x000001ed2b85ed40 DEOPT UNPACKING pc=0x000001ed361ca1a3 sp=0x0000005b6b2fd320 mode 2
Event: 9.323 Thread 0x000001ed2b85ed40 Uncommon trap: trap_request=0xffffff45 fr.pc=0x000001ed3722ad94 relative=0x00000000000001f4
Event: 9.323 Thread 0x000001ed2b85ed40 Uncommon trap: reason=unstable_if action=reinterpret pc=0x000001ed3722ad94 method=org.jetbrains.org.objectweb.asm.Frame.merge(Lorg/jetbrains/org/objectweb/asm/SymbolTable;I[II)Z @ 88 c2
Event: 9.323 Thread 0x000001ed2b85ed40 DEOPT PACKING pc=0x000001ed3722ad94 sp=0x0000005b6b2fd680
Event: 9.323 Thread 0x000001ed2b85ed40 DEOPT UNPACKING pc=0x000001ed361ca1a3 sp=0x0000005b6b2fd5e0 mode 2
Event: 9.326 Thread 0x000001ed2b85ed40 Uncommon trap: trap_request=0xffffff45 fr.pc=0x000001ed36adbf60 relative=0x0000000000000720
Event: 9.326 Thread 0x000001ed2b85ed40 Uncommon trap: reason=unstable_if action=reinterpret pc=0x000001ed36adbf60 method=org.jetbrains.kotlin.protobuf.GeneratedMessageLite$ExtendableMessage$ExtensionWriter.writeUntil(ILorg/jetbrains/kotlin/protobuf/CodedOutputStream;)V @ 109 c2
Event: 9.326 Thread 0x000001ed2b85ed40 DEOPT PACKING pc=0x000001ed36adbf60 sp=0x0000005b6b2fd870
Event: 9.326 Thread 0x000001ed2b85ed40 DEOPT UNPACKING pc=0x000001ed361ca1a3 sp=0x0000005b6b2fd878 mode 2

Classes unloaded (0 events):
No events

Classes redefined (0 events):
No events

Internal exceptions (20 events):
Event: 4.269 Thread 0x000001ed2b85ed40 Exception <a 'java/lang/NoSuchMethodError'{0x0000000718073cb8}: 'java.lang.Object java.lang.invoke.DirectMethodHandle$Holder.invokeStatic(java.lang.Object, java.lang.Object, java.lang.Object, java.lang.Object, int)'> (0x0000000718073cb8) 
thrown [s\src\hotspot\share\interpreter\linkResolver.cpp, line 771]
Event: 4.269 Thread 0x000001ed2b85ed40 Exception <a 'java/lang/NoSuchMethodError'{0x000000071807dc48}: 'java.lang.Object java.lang.invoke.DirectMethodHandle$Holder.newInvokeSpecial(java.lang.Object, java.lang.Object, java.lang.Object, java.lang.Object, int)'> (0x000000071807dc48) 
thrown [s\src\hotspot\share\interpreter\linkResolver.cpp, line 771]
Event: 4.270 Thread 0x000001ed2b85ed40 Exception <a 'java/lang/NoSuchMethodError'{0x0000000718082928}: 'java.lang.Object java.lang.invoke.DirectMethodHandle$Holder.invokeSpecial(java.lang.Object, java.lang.Object, java.lang.Object, java.lang.Object, java.lang.Object, int)'> (0x0000000718082928) 
thrown [s\src\hotspot\share\interpreter\linkResolver.cpp, line 771]
Event: 4.270 Thread 0x000001ed2b85ed40 Exception <a 'java/lang/NoSuchMethodError'{0x00000007180870b0}: 'java.lang.Object java.lang.invoke.Invokers$Holder.linkToTargetMethod(java.lang.Object, java.lang.Object, java.lang.Object, int, java.lang.Object)'> (0x00000007180870b0) 
thrown [s\src\hotspot\share\interpreter\linkResolver.cpp, line 771]
Event: 4.307 Thread 0x000001ed2b85ed40 Implicit null exception at 0x000001ed36e15b57 to 0x000001ed36e17598
Event: 4.485 Thread 0x000001ed2b85ed40 Exception <a 'java/lang/NoSuchMethodError'{0x0000000716ea0d38}: 'java.lang.Object java.lang.invoke.DirectMethodHandle$Holder.invokeStatic(java.lang.Object, int, java.lang.Object)'> (0x0000000716ea0d38) 
thrown [s\src\hotspot\share\interpreter\linkResolver.cpp, line 771]
Event: 4.489 Thread 0x000001ed2b85ed40 Exception <a 'java/lang/NoSuchMethodError'{0x0000000716ec8e70}: 'java.lang.Object java.lang.invoke.DirectMethodHandle$Holder.newInvokeSpecial(java.lang.Object, int, java.lang.Object, java.lang.Object)'> (0x0000000716ec8e70) 
thrown [s\src\hotspot\share\interpreter\linkResolver.cpp, line 771]
Event: 4.830 Thread 0x000001ed2b85ed40 Implicit null exception at 0x000001ed36dffd3e to 0x000001ed36e002f0
Event: 4.874 Thread 0x000001ed2b85ed40 Exception <a 'java/lang/NoSuchMethodError'{0x00000007153f0858}: 'int java.lang.invoke.DirectMethodHandle$Holder.invokeVirtual(java.lang.Object, java.lang.Object, java.lang.Object)'> (0x00000007153f0858) 
thrown [s\src\hotspot\share\interpreter\linkResolver.cpp, line 771]
Event: 4.941 Thread 0x000001ed2b85ed40 Exception <a 'java/lang/IncompatibleClassChangeError'{0x0000000714c25478}: Found class java.lang.Object, but interface was expected> (0x0000000714c25478) 
thrown [s\src\hotspot\share\interpreter\linkResolver.cpp, line 838]
Event: 5.053 Thread 0x000001ed2b85ed40 Implicit null exception at 0x000001ed36e3a633 to 0x000001ed36e3a79c
Event: 6.262 Thread 0x000001ed2b85ed40 Implicit null exception at 0x000001ed3696990f to 0x000001ed36969b84
Event: 6.507 Thread 0x000001ed2b85ed40 Exception <a 'java/lang/NoSuchMethodError'{0x00000007166f21f8}: 'java.lang.Object java.lang.invoke.DirectMethodHandle$Holder.invokeStaticInit(java.lang.Object, java.lang.Object, java.lang.Object, java.lang.Object)'> (0x00000007166f21f8) 
thrown [s\src\hotspot\share\interpreter\linkResolver.cpp, line 771]
Event: 6.629 Thread 0x000001ed2b85ed40 Exception <a 'java/lang/NoSuchMethodError'{0x00000007158013d8}: 'java.lang.Object java.lang.invoke.DirectMethodHandle$Holder.newInvokeSpecial(java.lang.Object, java.lang.Object, java.lang.Object, int, int)'> (0x00000007158013d8) 
thrown [s\src\hotspot\share\interpreter\linkResolver.cpp, line 771]
Event: 6.629 Thread 0x000001ed2b85ed40 Exception <a 'java/lang/NoSuchMethodError'{0x0000000715805218}: 'java.lang.Object java.lang.invoke.DirectMethodHandle$Holder.invokeSpecial(java.lang.Object, java.lang.Object, java.lang.Object, java.lang.Object, int, int)'> (0x0000000715805218) 
thrown [s\src\hotspot\share\interpreter\linkResolver.cpp, line 771]
Event: 6.720 Thread 0x000001ed2b85ed40 Exception <a 'java/lang/NoSuchMethodError'{0x000000071b394db0}: 'java.lang.Object java.lang.invoke.DirectMethodHandle$Holder.newInvokeSpecial(java.lang.Object, java.lang.Object, int, int, java.lang.Object, java.lang.Object, java.lang.Object)'> (0x000000071b394db0) 
thrown [s\src\hotspot\share\interpreter\linkResolver.cpp, line 771]
Event: 6.720 Thread 0x000001ed2b85ed40 Exception <a 'java/lang/NoSuchMethodError'{0x000000071b3996f0}: 'java.lang.Object java.lang.invoke.DirectMethodHandle$Holder.invokeSpecial(java.lang.Object, java.lang.Object, java.lang.Object, int, int, java.lang.Object, java.lang.Object, java.lang.Object)'> (0x000000071b3996f0) 
thrown [s\src\hotspot\share\interpreter\linkResolver.cpp, line 771]
Event: 6.756 Thread 0x000001ed2b85ed40 Implicit null exception at 0x000001ed3692ea19 to 0x000001ed3692ecec
Event: 6.761 Thread 0x000001ed2b85ed40 Exception <a 'java/lang/NoSuchMethodError'{0x0000000719692908}: 'java.lang.Object java.lang.invoke.DirectMethodHandle$Holder.invokeSpecial(java.lang.Object, java.lang.Object, int, int, java.lang.Object, java.lang.Object, java.lang.Object, java.lang.Object, java.lang.Object)'> (0x0000000719692908) 
thrown [s\src\hotspot\share\interpreter\linkResolver.cpp, line 771]
Event: 8.247 Thread 0x000001ed2b85ed40 Implicit null exception at 0x000001ed3731b148 to 0x000001ed3731c25c

VM Operations (20 events):
Event: 9.076 Executing VM operation: HandshakeAllThreads done
Event: 9.090 Executing VM operation: HandshakeAllThreads
Event: 9.090 Executing VM operation: HandshakeAllThreads done
Event: 9.097 Executing VM operation: ICBufferFull
Event: 9.097 Executing VM operation: ICBufferFull done
Event: 9.114 Executing VM operation: HandshakeAllThreads
Event: 9.114 Executing VM operation: HandshakeAllThreads done
Event: 9.178 Executing VM operation: ICBufferFull
Event: 9.178 Executing VM operation: ICBufferFull done
Event: 9.247 Executing VM operation: HandshakeAllThreads
Event: 9.247 Executing VM operation: HandshakeAllThreads done
Event: 9.275 Executing VM operation: HandshakeAllThreads
Event: 9.275 Executing VM operation: HandshakeAllThreads done
Event: 9.281 Executing VM operation: HandshakeAllThreads
Event: 9.281 Executing VM operation: HandshakeAllThreads done
Event: 9.284 Executing VM operation: ICBufferFull
Event: 9.284 Executing VM operation: ICBufferFull done
Event: 9.320 Executing VM operation: ICBufferFull
Event: 9.320 Executing VM operation: ICBufferFull done
Event: 9.342 Executing VM operation: G1CollectForAllocation

Events (20 events):
Event: 9.150 Thread 0x000001ed4b0b6820 flushing nmethod 0x000001ed31bb6a10
Event: 9.150 Thread 0x000001ed4b0b6820 flushing nmethod 0x000001ed31bc1e10
Event: 9.150 Thread 0x000001ed4b0b6820 flushing nmethod 0x000001ed31bc4290
Event: 9.150 Thread 0x000001ed4b0b6820 flushing nmethod 0x000001ed31beca90
Event: 9.150 Thread 0x000001ed4b0b6820 flushing nmethod 0x000001ed31c0c090
Event: 9.150 Thread 0x000001ed4b0b6820 flushing nmethod 0x000001ed31c0d690
Event: 9.150 Thread 0x000001ed4b0b6820 flushing nmethod 0x000001ed31c0f690
Event: 9.150 Thread 0x000001ed4b0b6820 flushing nmethod 0x000001ed31c31290
Event: 9.150 Thread 0x000001ed4b0b6820 flushing nmethod 0x000001ed31c3a010
Event: 9.150 Thread 0x000001ed4b0b6820 flushing nmethod 0x000001ed31c3c210
Event: 9.150 Thread 0x000001ed4b0b6820 flushing nmethod 0x000001ed31c45a90
Event: 9.150 Thread 0x000001ed4b0b6820 flushing nmethod 0x000001ed31c56710
Event: 9.151 Thread 0x000001ed4b0b6820 flushing nmethod 0x000001ed31ccee90
Event: 9.151 Thread 0x000001ed4b0b6820 flushing nmethod 0x000001ed31d5fb90
Event: 9.151 Thread 0x000001ed4b0b6820 flushing nmethod 0x000001ed31d6d610
Event: 9.153 Thread 0x000001ed4b0b6820 flushing nmethod 0x000001ed3208e490
Event: 9.154 Thread 0x000001ed4b0b6820 flushing nmethod 0x000001ed3218e910
Event: 9.154 Thread 0x000001ed4b0b6820 flushing nmethod 0x000001ed3225a690
Event: 9.156 Thread 0x000001ed4b0b6820 flushing nmethod 0x000001ed3244cb10
Event: 9.156 Thread 0x000001ed4b0b6820 flushing nmethod 0x000001ed32459410


Dynamic libraries:
0x00007ff6cf7e0000 - 0x00007ff6cf7ea000 	D:\Code\Android\AndroidStduio\studio\jbr\bin\java.exe
0x00007ffce3e50000 - 0x00007ffce4066000 	C:\Windows\SYSTEM32\ntdll.dll
0x00007ffce2460000 - 0x00007ffce2524000 	C:\Windows\System32\KERNEL32.DLL
0x00007ffce1370000 - 0x00007ffce1716000 	C:\Windows\System32\KERNELBASE.dll
0x00007ffce1960000 - 0x00007ffce1a71000 	C:\Windows\System32\ucrtbase.dll
0x00007ffcd05d0000 - 0x00007ffcd05e7000 	D:\Code\Android\AndroidStduio\studio\jbr\bin\jli.dll
0x00007ffc99850000 - 0x00007ffc9986b000 	D:\Code\Android\AndroidStduio\studio\jbr\bin\VCRUNTIME140.dll
0x00007ffce2c00000 - 0x00007ffce2dad000 	C:\Windows\System32\USER32.dll
0x00007ffce1210000 - 0x00007ffce1236000 	C:\Windows\System32\win32u.dll
0x00007ffcd06b0000 - 0x00007ffcd0943000 	C:\Windows\WinSxS\amd64_microsoft.windows.common-controls_6595b64144ccf1df_6.0.22621.3235_none_270f74e173860f98\COMCTL32.dll
0x00007ffce30a0000 - 0x00007ffce30c9000 	C:\Windows\System32\GDI32.dll
0x00007ffce1ce0000 - 0x00007ffce1d87000 	C:\Windows\System32\msvcrt.dll
0x00007ffce1a80000 - 0x00007ffce1b98000 	C:\Windows\System32\gdi32full.dll
0x00007ffce1720000 - 0x00007ffce17ba000 	C:\Windows\System32\msvcp_win.dll
0x00007ffce2530000 - 0x00007ffce2561000 	C:\Windows\System32\IMM32.DLL
0x00007ffcaacf0000 - 0x00007ffcaacfc000 	D:\Code\Android\AndroidStduio\studio\jbr\bin\vcruntime140_1.dll
0x00007ffc8f230000 - 0x00007ffc8f2bd000 	D:\Code\Android\AndroidStduio\studio\jbr\bin\msvcp140.dll
0x00007ffc882e0000 - 0x00007ffc88f4e000 	D:\Code\Android\AndroidStduio\studio\jbr\bin\server\jvm.dll
0x00007ffce2e80000 - 0x00007ffce2f32000 	C:\Windows\System32\ADVAPI32.dll
0x00007ffce2dd0000 - 0x00007ffce2e78000 	C:\Windows\System32\sechost.dll
0x00007ffce1930000 - 0x00007ffce1958000 	C:\Windows\System32\bcrypt.dll
0x00007ffce3bb0000 - 0x00007ffce3cc5000 	C:\Windows\System32\RPCRT4.dll
0x00007ffcd7d90000 - 0x00007ffcd7d9a000 	C:\Windows\SYSTEM32\VERSION.dll
0x00007ffcdda40000 - 0x00007ffcdda49000 	C:\Windows\SYSTEM32\WSOCK32.dll
0x00007ffce3a30000 - 0x00007ffce3aa1000 	C:\Windows\System32\WS2_32.dll
0x00007ffcd8330000 - 0x00007ffcd8364000 	C:\Windows\SYSTEM32\WINMM.dll
0x00007ffce02c0000 - 0x00007ffce02d8000 	C:\Windows\SYSTEM32\kernel.appcore.dll
0x00007ffcdb7d0000 - 0x00007ffcdb7da000 	D:\Code\Android\AndroidStduio\studio\jbr\bin\jimage.dll
0x00007ffcdeb30000 - 0x00007ffcded63000 	C:\Windows\SYSTEM32\DBGHELP.DLL
0x00007ffce1e90000 - 0x00007ffce2218000 	C:\Windows\System32\combase.dll
0x00007ffce1ba0000 - 0x00007ffce1c77000 	C:\Windows\System32\OLEAUT32.dll
0x00007ffcd48a0000 - 0x00007ffcd48d2000 	C:\Windows\SYSTEM32\dbgcore.DLL
0x00007ffce1190000 - 0x00007ffce120a000 	C:\Windows\System32\bcryptPrimitives.dll
0x00007ffcd84e0000 - 0x00007ffcd8505000 	D:\Code\Android\AndroidStduio\studio\jbr\bin\java.dll
0x00007ffcd85d0000 - 0x00007ffcd85e8000 	D:\Code\Android\AndroidStduio\studio\jbr\bin\zip.dll
0x00007ffce30d0000 - 0x00007ffce392d000 	C:\Windows\System32\SHELL32.dll
0x00007ffcdf0f0000 - 0x00007ffcdf9e8000 	C:\Windows\SYSTEM32\windows.storage.dll
0x00007ffcdefb0000 - 0x00007ffcdf0ee000 	C:\Windows\SYSTEM32\wintypes.dll
0x00007ffce1d90000 - 0x00007ffce1e83000 	C:\Windows\System32\SHCORE.dll
0x00007ffce1c80000 - 0x00007ffce1cde000 	C:\Windows\System32\shlwapi.dll
0x00007ffce10c0000 - 0x00007ffce10e6000 	C:\Windows\SYSTEM32\profapi.dll
0x00007ffcd5cc0000 - 0x00007ffcd5cd9000 	D:\Code\Android\AndroidStduio\studio\jbr\bin\net.dll
0x00007ffcdaf40000 - 0x00007ffcdb077000 	C:\Windows\SYSTEM32\WINHTTP.dll
0x00007ffce0740000 - 0x00007ffce07a9000 	C:\Windows\system32\mswsock.dll
0x00007ffcd5ca0000 - 0x00007ffcd5cb6000 	D:\Code\Android\AndroidStduio\studio\jbr\bin\nio.dll
0x00007ffcd79b0000 - 0x00007ffcd79c0000 	D:\Code\Android\AndroidStduio\studio\jbr\bin\verify.dll

dbghelp: loaded successfully - version: 4.0.5 - missing functions: none
symbol engine: initialized successfully - sym options: 0x614 - pdb path: .;D:\Code\Android\AndroidStduio\studio\jbr\bin;C:\Windows\SYSTEM32;C:\Windows\WinSxS\amd64_microsoft.windows.common-controls_6595b64144ccf1df_6.0.22621.3235_none_270f74e173860f98;D:\Code\Android\AndroidStduio\studio\jbr\bin\server

VM Arguments:
java_command: org.jetbrains.kotlin.cli.jvm.K2JVMCompiler @D:\Code\Android\Project\InkStoneDemo1\app\build\20240319_5576665472080732182.compiler.options
java_class_path (initial): D:\Code\Android\gradle\gradle-repository\caches\modules-2\files-2.1\org.jetbrains.kotlin\kotlin-compiler-embeddable\1.8.22\e2cf111da088dc807a74157741b4cd4b664edfb7\kotlin-compiler-embeddable-1.8.22.jar;D:\Code\Android\gradle\gradle-repository\caches\modules-2\files-2.1\org.jetbrains.kotlin\kotlin-stdlib\1.8.22\636bf8b320e7627482771bbac9ed7246773c02bd\kotlin-stdlib-1.8.22.jar;D:\Code\Android\gradle\gradle-repository\caches\modules-2\files-2.1\org.jetbrains.kotlin\kotlin-script-runtime\1.8.22\ce5ff1f309623f8c1be5143bdba032c4a04cec3a\kotlin-script-runtime-1.8.22.jar;D:\Code\Android\gradle\gradle-repository\caches\modules-2\files-2.1\org.jetbrains.kotlin\kotlin-reflect\1.6.10\1cbe9c92c12a94eea200d23c2bbaedaf3daf5132\kotlin-reflect-1.6.10.jar;D:\Code\Android\gradle\gradle-repository\caches\modules-2\files-2.1\org.jetbrains.kotlin\kotlin-daemon-embeddable\1.8.22\7d9f7e06a59d2fcbc9b373400c146f42fd722e81\kotlin-daemon-embeddable-1.8.22.jar;D:\Code\Android\gradle\gradle-repository\caches\modules-2\files-2.1\org.jetbrains.intellij.deps\trove4j\1.0.20200330\3afb14d5f9ceb459d724e907a21145e8ff394f02\trove4j-1.0.20200330.jar;D:\Code\Android\gradle\gradle-repository\caches\modules-2\files-2.1\net.java.dev.jna\jna\5.6.0\330f2244e9030119ab3030fc3fededc86713d9cc\jna-5.6.0.jar;D:\Code\Android\gradle\gradle-repository\caches\modules-2\files-2.1\org.jetbrains.kotlin\kotlin-stdlib-common\1.8.22\1a8e3601703ae14bb58757ea6b2d8e8e5935a586\kotlin-stdlib-common-1.8.22.jar;D:\Code\Android\gradle\gradle-repository\caches\modules-2\files-2.1\org.jetbrains\annotations\13.0\919f0dfe192fb4e063e7dacadee7f8bb9a2672a9\annotations-13.0.jar
Launcher Type: SUN_STANDARD

[Global flags]
     intx CICompilerCount                          = 12                                        {product} {ergonomic}
     uint ConcGCThreads                            = 3                                         {product} {ergonomic}
     uint G1ConcRefinementThreads                  = 13                                        {product} {ergonomic}
   size_t G1HeapRegionSize                         = 2097152                                   {product} {ergonomic}
    uintx GCDrainStackTargetSize                   = 64                                        {product} {ergonomic}
   size_t InitialHeapSize                          = 255852544                                 {product} {ergonomic}
   size_t MarkStackSize                            = 4194304                                   {product} {ergonomic}
   size_t MaxHeapSize                              = 4087349248                                {product} {ergonomic}
   size_t MaxNewSize                               = 2451570688                                {product} {ergonomic}
   size_t MinHeapDeltaBytes                        = 2097152                                   {product} {ergonomic}
   size_t MinHeapSize                              = 8388608                                   {product} {ergonomic}
    uintx NonNMethodCodeHeapSize                   = 7602480                                {pd product} {ergonomic}
    uintx NonProfiledCodeHeapSize                  = 122027880                              {pd product} {ergonomic}
    uintx ProfiledCodeHeapSize                     = 122027880                              {pd product} {ergonomic}
    uintx ReservedCodeCacheSize                    = 251658240                              {pd product} {ergonomic}
     bool SegmentedCodeCache                       = true                                      {product} {ergonomic}
   size_t SoftMaxHeapSize                          = 4087349248                             {manageable} {ergonomic}
     bool UseCompressedClassPointers               = true                           {product lp64_product} {ergonomic}
     bool UseCompressedOops                        = true                           {product lp64_product} {ergonomic}
     bool UseG1GC                                  = true                                      {product} {ergonomic}
     bool UseLargePagesIndividualAllocation        = false                                  {pd product} {ergonomic}

Logging:
Log output configuration:
 #0: stdout all=warning uptime,level,tags
 #1: stderr all=off uptime,level,tags

Environment Variables:
JAVA_HOME=D:\Code\Java\Language\jdk-21.0.1
PATH=D:\Code\Python\Language\3.8\Scripts\;D:\Code\Python\Language\3.8\;D:\Code\Python\Language\Scripts\;D:\Code\Python\Language\3.12\;C:\Windows\system32;C:\Windows;C:\Windows\System32\Wbem;C:\Windows\System32\WindowsPowerShell\v1.0\;C:\Windows\System32\OpenSSH\;C:\Program Files (x86)\NVIDIA Corporation\PhysX\Common;C:\Program Files\NVIDIA Corporation\NVIDIA NvDLISR;D:\Windows Kits\10\Windows Performance Toolkit\;D:\Tools\Git\cmd;D:\Tools\Node.js\;D:\Code\MySql\Language\Server\bin;C:\Users\LYJ\AppData\Local\Microsoft\WindowsApps;D:\Code\Python\Pycharm\PyCharm 2023.2.4\bin;;D:\Code\Java\Language\jdk-21.0.1\bin;D:\Code\Java\IDEA\IntelliJ IDEA 2023.2.5\bin;;D:\Code\Android\gradle\gradle-8.0.1\bin;C:\Users\LYJ\AppData\Roaming\npm
USERNAME=LYJ
OS=Windows_NT
PROCESSOR_IDENTIFIER=AMD64 Family 25 Model 116 Stepping 1, AuthenticAMD
TMP=C:\Users\LYJ\AppData\Local\Temp
TEMP=C:\Users\LYJ\AppData\Local\Temp


JNI global refs:
JNI global refs: 28, weak refs: 0

JNI global refs memory usage: 843, weak refs: 841


---------------  S Y S T E M  ---------------

OS:
 Windows 11 , 64 bit Build 22621 (10.0.22621.3235)
OS uptime: 0 days 21:50 hours

CPU: total 16 (initial active 16) (16 cores per cpu, 2 threads per core) family 25 model 116 stepping 1 microcode 0x0, cx8, cmov, fxsr, ht, mmx, 3dnowpref, sse, sse2, sse3, ssse3, sse4a, sse4.1, sse4.2, popcnt, lzcnt, tsc, tscinvbit, avx, avx2, aes, erms, clmul, bmi1, bmi2, adx, avx512f, avx512dq, avx512cd, avx512bw, avx512vl, sha, fma, vzeroupper, avx512_vpopcntdq, avx512_vpclmulqdq, avx512_vaes, avx512_vnni, clflush, clflushopt, avx512_vbmi2, avx512_vbmi

Memory: 4k page, system-wide physical 15587M (1055M free)
TotalPageFile size 24119M (AvailPageFile size 5M)
current process WorkingSet (physical memory assigned to process): 558M, peak: 564M
current process commit charge ("private bytes"): 632M, peak: 657M

vm_info: OpenJDK 64-Bit Server VM (17.0.6+0-b2043.56-10027231) for windows-amd64 JRE (17.0.6+0-b2043.56-10027231), built on Apr 28 2023 00:43:19 by "androidbuild" with MS VC++ 16.10 / 16.11 (VS2019)

END.
