#
# There is insufficient memory for the Java Runtime Environment to continue.
# Native memory allocation (malloc) failed to allocate 892256 bytes for Chunk::new
# Possible reasons:
#   The system is out of physical RAM or swap space
#   The process is running with CompressedOops enabled, and the Java Heap may be blocking the growth of the native heap
# Possible solutions:
#   Reduce memory load on the system
#   Increase physical memory or swap space
#   Check if swap backing store is full
#   Decrease Java heap size (-Xmx/-Xms)
#   Decrease number of Java threads
#   Decrease Java thread stack sizes (-Xss)
#   Set larger code cache with -XX:ReservedCodeCacheSize=
#   JVM is running with Zero Based Compressed Oops mode in which the Java heap is
#     placed in the first 32GB address space. The Java Heap base address is the
#     maximum limit for the native heap growth. Please use -XX:HeapBaseMinAddress
#     to set the Java Heap base and to place the Java Heap above 32GB virtual address.
# This output file may be truncated or incomplete.
#
#  Out of Memory Error (arena.cpp:189), pid=21320, tid=22956
#
# JRE version: OpenJDK Runtime Environment (17.0.6) (build 17.0.6+0-b2043.56-10027231)
# Java VM: OpenJDK 64-Bit Server VM (17.0.6+0-b2043.56-10027231, mixed mode, tiered, compressed oops, compressed class ptrs, g1 gc, windows-amd64)
# No core dump will be written. Minidumps are not enabled by default on client versions of Windows
#

---------------  S U M M A R Y ------------

Command Line: org.jetbrains.kotlin.cli.jvm.K2JVMCompiler @D:\Code\Android\Project\InkStoneDemo1\app\build\20240319_4843082687694977157.compiler.options

Host: AMD Ryzen 9 7940H w/ Radeon 780M Graphics     , 16 cores, 15G,  Windows 11 , 64 bit Build 22621 (10.0.22621.3235)
Time: Tue Mar 19 19:54:41 2024  Windows 11 , 64 bit Build 22621 (10.0.22621.3235) elapsed time: 3.445876 seconds (0d 0h 0m 3s)

---------------  T H R E A D  ---------------

Current thread (0x000001b35be6dfd0):  JavaThread "C2 CompilerThread3" daemon [_thread_in_native, id=22956, stack(0x000000673c500000,0x000000673c600000)]


Current CompileTask:
C2:   3445 9641       4       org.jetbrains.org.objectweb.asm.ClassReader::readMethod (1061 bytes)

Stack: [0x000000673c500000,0x000000673c600000]
Native frames: (J=compiled Java code, j=interpreted, Vv=VM code, C=native code)
V  [jvm.dll+0x683c9a]
V  [jvm.dll+0x8427a4]
V  [jvm.dll+0x843f9e]
V  [jvm.dll+0x844603]
V  [jvm.dll+0x249b75]
V  [jvm.dll+0xabcac]
V  [jvm.dll+0xac27c]
V  [jvm.dll+0x2b0eef]
V  [jvm.dll+0x58a267]
V  [jvm.dll+0x2243b2]
V  [jvm.dll+0x22478f]
V  [jvm.dll+0x21e055]
V  [jvm.dll+0x21b51b]
V  [jvm.dll+0x1a4fdd]
V  [jvm.dll+0x22b098]
V  [jvm.dll+0x229159]
V  [jvm.dll+0x7f81ec]
V  [jvm.dll+0x7f274a]
V  [jvm.dll+0x682ad5]
C  [ucrtbase.dll+0x29363]
C  [KERNEL32.DLL+0x1257d]
C  [ntdll.dll+0x5aa58]


---------------  P R O C E S S  ---------------

Threads class SMR info:
_java_thread_list=0x000001b35ccc0160, length=19, elements={
0x000001b338b2ee60, 0x000001b35845d060, 0x000001b35845da10, 0x000001b3584685a0,
0x000001b3584920e0, 0x000001b358492a90, 0x000001b358493850, 0x000001b3584945e0,
0x000001b358495080, 0x000001b358495a70, 0x000001b358628ab0, 0x000001b35862afd0,
0x000001b35862b8f0, 0x000001b358632230, 0x000001b358678ad0, 0x000001b3587048c0,
0x000001b358d4df50, 0x000001b35be6dfd0, 0x000001b35bdb46a0
}

Java Threads: ( => current thread )
  0x000001b338b2ee60 JavaThread "main" [_thread_in_vm, id=2668, stack(0x0000006739f00000,0x000000673a000000)]
  0x000001b35845d060 JavaThread "Reference Handler" daemon [_thread_blocked, id=10700, stack(0x000000673a600000,0x000000673a700000)]
  0x000001b35845da10 JavaThread "Finalizer" daemon [_thread_blocked, id=17800, stack(0x000000673a700000,0x000000673a800000)]
  0x000001b3584685a0 JavaThread "Signal Dispatcher" daemon [_thread_blocked, id=23472, stack(0x000000673a800000,0x000000673a900000)]
  0x000001b3584920e0 JavaThread "Attach Listener" daemon [_thread_blocked, id=22016, stack(0x000000673a900000,0x000000673aa00000)]
  0x000001b358492a90 JavaThread "Service Thread" daemon [_thread_blocked, id=14852, stack(0x000000673aa00000,0x000000673ab00000)]
  0x000001b358493850 JavaThread "Monitor Deflation Thread" daemon [_thread_blocked, id=18756, stack(0x000000673ab00000,0x000000673ac00000)]
  0x000001b3584945e0 JavaThread "C2 CompilerThread0" daemon [_thread_in_native, id=3712, stack(0x000000673ac00000,0x000000673ad00000)]
  0x000001b358495080 JavaThread "C1 CompilerThread0" daemon [_thread_blocked, id=14500, stack(0x000000673ad00000,0x000000673ae00000)]
  0x000001b358495a70 JavaThread "Sweeper thread" daemon [_thread_blocked, id=17096, stack(0x000000673ae00000,0x000000673af00000)]
  0x000001b358628ab0 JavaThread "C1 CompilerThread1" daemon [_thread_blocked, id=2076, stack(0x000000673af00000,0x000000673b000000)]
  0x000001b35862afd0 JavaThread "C1 CompilerThread2" daemon [_thread_blocked, id=12564, stack(0x000000673b000000,0x000000673b100000)]
  0x000001b35862b8f0 JavaThread "C1 CompilerThread3" daemon [_thread_blocked, id=10408, stack(0x000000673b100000,0x000000673b200000)]
  0x000001b358632230 JavaThread "Notification Thread" daemon [_thread_blocked, id=1712, stack(0x000000673b200000,0x000000673b300000)]
  0x000001b358678ad0 JavaThread "Common-Cleaner" daemon [_thread_blocked, id=21112, stack(0x000000673b400000,0x000000673b500000)]
  0x000001b3587048c0 JavaThread "C2 CompilerThread1" daemon [_thread_in_native, id=16536, stack(0x000000673b500000,0x000000673b600000)]
  0x000001b358d4df50 JavaThread "C2 CompilerThread2" daemon [_thread_in_native, id=11780, stack(0x000000673ba00000,0x000000673bb00000)]
=>0x000001b35be6dfd0 JavaThread "C2 CompilerThread3" daemon [_thread_in_native, id=22956, stack(0x000000673c500000,0x000000673c600000)]
  0x000001b35bdb46a0 JavaThread "C2 CompilerThread4" daemon [_thread_in_native, id=13828, stack(0x000000673c600000,0x000000673c700000)]

Other Threads:
  0x000001b35791ec10 VMThread "VM Thread" [stack: 0x000000673a500000,0x000000673a600000] [id=22424]
  0x000001b358637810 WatcherThread [stack: 0x000000673b300000,0x000000673b400000] [id=12900]
  0x000001b338b990d0 GCTaskThread "GC Thread#0" [stack: 0x000000673a000000,0x000000673a100000] [id=14340]
  0x000001b358690890 GCTaskThread "GC Thread#1" [stack: 0x000000673b600000,0x000000673b700000] [id=9492]
  0x000001b358690b40 GCTaskThread "GC Thread#2" [stack: 0x000000673b700000,0x000000673b800000] [id=21856]
  0x000001b35868f060 GCTaskThread "GC Thread#3" [stack: 0x000000673b800000,0x000000673b900000] [id=8284]
  0x000001b358bb2730 GCTaskThread "GC Thread#4" [stack: 0x000000673b900000,0x000000673ba00000] [id=15780]
  0x000001b358bb06f0 GCTaskThread "GC Thread#5" [stack: 0x000000673bb00000,0x000000673bc00000] [id=19408]
  0x000001b358bb0190 GCTaskThread "GC Thread#6" [stack: 0x000000673bc00000,0x000000673bd00000] [id=14008]
  0x000001b358bb1460 GCTaskThread "GC Thread#7" [stack: 0x000000673bd00000,0x000000673be00000] [id=19280]
  0x000001b358bb2f40 GCTaskThread "GC Thread#8" [stack: 0x000000673be00000,0x000000673bf00000] [id=17528]
  0x000001b358bafee0 GCTaskThread "GC Thread#9" [stack: 0x000000673bf00000,0x000000673c000000] [id=10560]
  0x000001b358bb19c0 GCTaskThread "GC Thread#10" [stack: 0x000000673c200000,0x000000673c300000] [id=18820]
  0x000001b358baf6d0 GCTaskThread "GC Thread#11" [stack: 0x000000673c300000,0x000000673c400000] [id=20012]
  0x000001b358bb0f00 GCTaskThread "GC Thread#12" [stack: 0x000000673c400000,0x000000673c500000] [id=18084]
  0x000001b338ba93a0 ConcurrentGCThread "G1 Main Marker" [stack: 0x000000673a100000,0x000000673a200000] [id=2292]
  0x000001b338baa550 ConcurrentGCThread "G1 Conc#0" [stack: 0x000000673a200000,0x000000673a300000] [id=19876]
  0x000001b358baf980 ConcurrentGCThread "G1 Conc#1" [stack: 0x000000673c000000,0x000000673c100000] [id=14964]
  0x000001b358bb09a0 ConcurrentGCThread "G1 Conc#2" [stack: 0x000000673c100000,0x000000673c200000] [id=15844]
  0x000001b3577a5190 ConcurrentGCThread "G1 Refine#0" [stack: 0x000000673a300000,0x000000673a400000] [id=13048]
  0x000001b360c26a00 ConcurrentGCThread "G1 Refine#1" [stack: 0x000000673c700000,0x000000673c800000] [id=21540]
  0x000001b360c26ce0 ConcurrentGCThread "G1 Refine#2" [stack: 0x000000673c800000,0x000000673c900000] [id=23192]
  0x000001b360c28c80 ConcurrentGCThread "G1 Refine#3" [stack: 0x000000673c900000,0x000000673ca00000] [id=11968]
  0x000001b360c26fc0 ConcurrentGCThread "G1 Refine#4" [stack: 0x000000673ca00000,0x000000673cb00000] [id=19724]
  0x000001b360c272a0 ConcurrentGCThread "G1 Refine#5" [stack: 0x000000673cb00000,0x000000673cc00000] [id=13584]
  0x000001b3577a8ad0 ConcurrentGCThread "G1 Service" [stack: 0x000000673a400000,0x000000673a500000] [id=5200]

Threads with active compile tasks:
C2 CompilerThread0     3457 9476   !   4       org.jetbrains.kotlin.metadata.ProtoBuf$Type::<init> (875 bytes)
C2 CompilerThread1     3457 9600       4       org.jetbrains.org.objectweb.asm.ClassReader::accept (1380 bytes)
C2 CompilerThread2     3457 9499       4       org.jetbrains.kotlin.cli.jvm.index.JvmDependenciesIndexImpl::search (379 bytes)
C2 CompilerThread3     3457 9641       4       org.jetbrains.org.objectweb.asm.ClassReader::readMethod (1061 bytes)
C2 CompilerThread4     3457 9488   !   4       org.jetbrains.kotlin.metadata.ProtoBuf$Function::<init> (1410 bytes)

VM state: not at safepoint (normal execution)

VM Mutex/Monitor currently owned by a thread: None

Heap address: 0x000000070c600000, size: 3898 MB, Compressed Oops mode: Zero based, Oop shift amount: 3

CDS archive(s) not mapped
Compressed class space mapped at: 0x0000000800000000-0x0000000840000000, reserved size: 1073741824
Narrow klass base: 0x0000000800000000, Narrow klass shift: 0, Narrow klass range: 0x40000000

GC Precious Log:
 CPUs: 16 total, 16 available
 Memory: 15587M
 Large Page Support: Disabled
 NUMA Support: Disabled
 Compressed Oops: Enabled (Zero based)
 Heap Region Size: 2M
 Heap Min Capacity: 8M
 Heap Initial Capacity: 244M
 Heap Max Capacity: 3898M
 Pre-touch: Disabled
 Parallel Workers: 13
 Concurrent Workers: 3
 Concurrent Refinement Workers: 13
 Periodic GC: Disabled

Heap:
 garbage-first heap   total 161792K, used 85856K [0x000000070c600000, 0x0000000800000000)
  region size 2048K, 19 young (38912K), 4 survivors (8192K)
 Metaspace       used 61648K, committed 61952K, reserved 1105920K
  class space    used 6915K, committed 7040K, reserved 1048576K

Heap Regions: E=young(eden), S=young(survivor), O=old, HS=humongous(starts), HC=humongous(continues), CS=collection set, F=free, OA=open archive, CA=closed archive, TAMS=top-at-mark-start (previous, next)
|   0|0x000000070c600000, 0x000000070c800000, 0x000000070c800000|100%|HS|  |TAMS 0x000000070c800000, 0x000000070c600000| Complete 
|   1|0x000000070c800000, 0x000000070ca00000, 0x000000070ca00000|100%|HC|  |TAMS 0x000000070ca00000, 0x000000070c800000| Complete 
|   2|0x000000070ca00000, 0x000000070cc00000, 0x000000070cc00000|100%| O|  |TAMS 0x000000070cc00000, 0x000000070ca00000| Untracked 
|   3|0x000000070cc00000, 0x000000070ce00000, 0x000000070ce00000|100%|HS|  |TAMS 0x000000070ce00000, 0x000000070cc00000| Complete 
|   4|0x000000070ce00000, 0x000000070d000000, 0x000000070d000000|100%|HC|  |TAMS 0x000000070d000000, 0x000000070ce00000| Complete 
|   5|0x000000070d000000, 0x000000070d200000, 0x000000070d200000|100%| O|  |TAMS 0x000000070d200000, 0x000000070d000000| Untracked 
|   6|0x000000070d200000, 0x000000070d400000, 0x000000070d400000|100%| O|  |TAMS 0x000000070d400000, 0x000000070d200000| Untracked 
|   7|0x000000070d400000, 0x000000070d600000, 0x000000070d600000|100%| O|  |TAMS 0x000000070d600000, 0x000000070d400000| Untracked 
|   8|0x000000070d600000, 0x000000070d800000, 0x000000070d800000|100%| O|  |TAMS 0x000000070d800000, 0x000000070d600000| Untracked 
|   9|0x000000070d800000, 0x000000070da00000, 0x000000070da00000|100%| O|  |TAMS 0x000000070da00000, 0x000000070d800000| Untracked 
|  10|0x000000070da00000, 0x000000070dc00000, 0x000000070dc00000|100%| O|  |TAMS 0x000000070dc00000, 0x000000070da00000| Untracked 
|  11|0x000000070dc00000, 0x000000070de00000, 0x000000070de00000|100%| O|  |TAMS 0x000000070de00000, 0x000000070dc00000| Untracked 
|  12|0x000000070de00000, 0x000000070e000000, 0x000000070e000000|100%| O|  |TAMS 0x000000070e000000, 0x000000070de00000| Untracked 
|  13|0x000000070e000000, 0x000000070e200000, 0x000000070e200000|100%| O|  |TAMS 0x000000070e200000, 0x000000070e000000| Untracked 
|  14|0x000000070e200000, 0x000000070e400000, 0x000000070e400000|100%|HS|  |TAMS 0x000000070e400000, 0x000000070e200000| Complete 
|  15|0x000000070e400000, 0x000000070e600000, 0x000000070e600000|100%| O|  |TAMS 0x000000070e600000, 0x000000070e400000| Untracked 
|  16|0x000000070e600000, 0x000000070e800000, 0x000000070e800000|100%| O|  |TAMS 0x000000070e800000, 0x000000070e600000| Untracked 
|  17|0x000000070e800000, 0x000000070ea00000, 0x000000070ea00000|100%| O|  |TAMS 0x000000070ea00000, 0x000000070e800000| Untracked 
|  18|0x000000070ea00000, 0x000000070ec00000, 0x000000070ec00000|100%| O|  |TAMS 0x000000070ebaa200, 0x000000070ea00000| Untracked 
|  19|0x000000070ec00000, 0x000000070ee00000, 0x000000070ee00000|100%| O|  |TAMS 0x000000070ec00000, 0x000000070ec00000| Untracked 
|  20|0x000000070ee00000, 0x000000070f000000, 0x000000070f000000|100%| O|  |TAMS 0x000000070ee00000, 0x000000070ee00000| Untracked 
|  21|0x000000070f000000, 0x000000070f200000, 0x000000070f200000|100%| O|  |TAMS 0x000000070f000000, 0x000000070f000000| Untracked 
|  22|0x000000070f200000, 0x000000070f400000, 0x000000070f400000|100%| O|  |TAMS 0x000000070f200000, 0x000000070f200000| Untracked 
|  23|0x000000070f400000, 0x000000070f5d8000, 0x000000070f600000| 92%| O|  |TAMS 0x000000070f400000, 0x000000070f400000| Untracked 
|  24|0x000000070f600000, 0x000000070f600000, 0x000000070f800000|  0%| F|  |TAMS 0x000000070f600000, 0x000000070f600000| Untracked 
|  25|0x000000070f800000, 0x000000070f800000, 0x000000070fa00000|  0%| F|  |TAMS 0x000000070f800000, 0x000000070f800000| Untracked 
|  26|0x000000070fa00000, 0x000000070fa00000, 0x000000070fc00000|  0%| F|  |TAMS 0x000000070fa00000, 0x000000070fa00000| Untracked 
|  27|0x000000070fc00000, 0x000000070fc00000, 0x000000070fe00000|  0%| F|  |TAMS 0x000000070fc00000, 0x000000070fc00000| Untracked 
|  28|0x000000070fe00000, 0x000000070fe00000, 0x0000000710000000|  0%| F|  |TAMS 0x000000070fe00000, 0x000000070fe00000| Untracked 
|  29|0x0000000710000000, 0x0000000710000000, 0x0000000710200000|  0%| F|  |TAMS 0x0000000710000000, 0x0000000710000000| Untracked 
|  30|0x0000000710200000, 0x0000000710200000, 0x0000000710400000|  0%| F|  |TAMS 0x0000000710200000, 0x0000000710200000| Untracked 
|  31|0x0000000710400000, 0x0000000710400000, 0x0000000710600000|  0%| F|  |TAMS 0x0000000710400000, 0x0000000710400000| Untracked 
|  32|0x0000000710600000, 0x0000000710600000, 0x0000000710800000|  0%| F|  |TAMS 0x0000000710600000, 0x0000000710600000| Untracked 
|  33|0x0000000710800000, 0x0000000710800000, 0x0000000710a00000|  0%| F|  |TAMS 0x0000000710800000, 0x0000000710800000| Untracked 
|  34|0x0000000710a00000, 0x0000000710a00000, 0x0000000710c00000|  0%| F|  |TAMS 0x0000000710a00000, 0x0000000710a00000| Untracked 
|  35|0x0000000710c00000, 0x0000000710c00000, 0x0000000710e00000|  0%| F|  |TAMS 0x0000000710c00000, 0x0000000710c00000| Untracked 
|  36|0x0000000710e00000, 0x0000000710e00000, 0x0000000711000000|  0%| F|  |TAMS 0x0000000710e00000, 0x0000000710e00000| Untracked 
|  37|0x0000000711000000, 0x0000000711000000, 0x0000000711200000|  0%| F|  |TAMS 0x0000000711000000, 0x0000000711000000| Untracked 
|  38|0x0000000711200000, 0x0000000711200000, 0x0000000711400000|  0%| F|  |TAMS 0x0000000711200000, 0x0000000711200000| Untracked 
|  39|0x0000000711400000, 0x0000000711400000, 0x0000000711600000|  0%| F|  |TAMS 0x0000000711400000, 0x0000000711400000| Untracked 
|  40|0x0000000711600000, 0x0000000711600000, 0x0000000711800000|  0%| F|  |TAMS 0x0000000711600000, 0x0000000711600000| Untracked 
|  41|0x0000000711800000, 0x0000000711800000, 0x0000000711a00000|  0%| F|  |TAMS 0x0000000711800000, 0x0000000711800000| Untracked 
|  42|0x0000000711a00000, 0x0000000711a00000, 0x0000000711c00000|  0%| F|  |TAMS 0x0000000711a00000, 0x0000000711a00000| Untracked 
|  43|0x0000000711c00000, 0x0000000711c00000, 0x0000000711e00000|  0%| F|  |TAMS 0x0000000711c00000, 0x0000000711c00000| Untracked 
|  44|0x0000000711e00000, 0x0000000711e00000, 0x0000000712000000|  0%| F|  |TAMS 0x0000000711e00000, 0x0000000711e00000| Untracked 
|  45|0x0000000712000000, 0x0000000712000000, 0x0000000712200000|  0%| F|  |TAMS 0x0000000712000000, 0x0000000712000000| Untracked 
|  46|0x0000000712200000, 0x0000000712200000, 0x0000000712400000|  0%| F|  |TAMS 0x0000000712200000, 0x0000000712200000| Untracked 
|  47|0x0000000712400000, 0x0000000712400000, 0x0000000712600000|  0%| F|  |TAMS 0x0000000712400000, 0x0000000712400000| Untracked 
|  48|0x0000000712600000, 0x0000000712600000, 0x0000000712800000|  0%| F|  |TAMS 0x0000000712600000, 0x0000000712600000| Untracked 
|  49|0x0000000712800000, 0x0000000712800000, 0x0000000712a00000|  0%| F|  |TAMS 0x0000000712800000, 0x0000000712800000| Untracked 
|  50|0x0000000712a00000, 0x0000000712c00000, 0x0000000712c00000|100%| S|CS|TAMS 0x0000000712a00000, 0x0000000712a00000| Complete 
|  51|0x0000000712c00000, 0x0000000712e00000, 0x0000000712e00000|100%| S|CS|TAMS 0x0000000712c00000, 0x0000000712c00000| Complete 
|  52|0x0000000712e00000, 0x0000000713000000, 0x0000000713000000|100%| S|CS|TAMS 0x0000000712e00000, 0x0000000712e00000| Complete 
|  53|0x0000000713000000, 0x0000000713200000, 0x0000000713200000|100%| S|CS|TAMS 0x0000000713000000, 0x0000000713000000| Complete 
|  54|0x0000000713200000, 0x0000000713200000, 0x0000000713400000|  0%| F|  |TAMS 0x0000000713200000, 0x0000000713200000| Untracked 
|  55|0x0000000713400000, 0x0000000713400000, 0x0000000713600000|  0%| F|  |TAMS 0x0000000713400000, 0x0000000713400000| Untracked 
|  56|0x0000000713600000, 0x0000000713600000, 0x0000000713800000|  0%| F|  |TAMS 0x0000000713600000, 0x0000000713600000| Untracked 
|  57|0x0000000713800000, 0x0000000713800000, 0x0000000713a00000|  0%| F|  |TAMS 0x0000000713800000, 0x0000000713800000| Untracked 
|  58|0x0000000713a00000, 0x0000000713a00000, 0x0000000713c00000|  0%| F|  |TAMS 0x0000000713a00000, 0x0000000713a00000| Untracked 
|  59|0x0000000713c00000, 0x0000000713c00000, 0x0000000713e00000|  0%| F|  |TAMS 0x0000000713c00000, 0x0000000713c00000| Untracked 
|  60|0x0000000713e00000, 0x0000000713e00000, 0x0000000714000000|  0%| F|  |TAMS 0x0000000713e00000, 0x0000000713e00000| Untracked 
|  61|0x0000000714000000, 0x0000000714000000, 0x0000000714200000|  0%| F|  |TAMS 0x0000000714000000, 0x0000000714000000| Untracked 
|  62|0x0000000714200000, 0x0000000714200000, 0x0000000714400000|  0%| F|  |TAMS 0x0000000714200000, 0x0000000714200000| Untracked 
|  63|0x0000000714400000, 0x0000000714400000, 0x0000000714600000|  0%| F|  |TAMS 0x0000000714400000, 0x0000000714400000| Untracked 
|  64|0x0000000714600000, 0x000000071470fce0, 0x0000000714800000| 53%| E|  |TAMS 0x0000000714600000, 0x0000000714600000| Complete 
|  65|0x0000000714800000, 0x0000000714a00000, 0x0000000714a00000|100%| E|CS|TAMS 0x0000000714800000, 0x0000000714800000| Complete 
|  66|0x0000000714a00000, 0x0000000714c00000, 0x0000000714c00000|100%| E|CS|TAMS 0x0000000714a00000, 0x0000000714a00000| Complete 
|  67|0x0000000714c00000, 0x0000000714e00000, 0x0000000714e00000|100%| E|CS|TAMS 0x0000000714c00000, 0x0000000714c00000| Complete 
|  68|0x0000000714e00000, 0x0000000715000000, 0x0000000715000000|100%| E|CS|TAMS 0x0000000714e00000, 0x0000000714e00000| Complete 
|  69|0x0000000715000000, 0x0000000715200000, 0x0000000715200000|100%| E|CS|TAMS 0x0000000715000000, 0x0000000715000000| Complete 
|  70|0x0000000715200000, 0x0000000715400000, 0x0000000715400000|100%| E|CS|TAMS 0x0000000715200000, 0x0000000715200000| Complete 
|  71|0x0000000715400000, 0x0000000715600000, 0x0000000715600000|100%| E|CS|TAMS 0x0000000715400000, 0x0000000715400000| Complete 
|  72|0x0000000715600000, 0x0000000715800000, 0x0000000715800000|100%| E|CS|TAMS 0x0000000715600000, 0x0000000715600000| Complete 
|  73|0x0000000715800000, 0x0000000715a00000, 0x0000000715a00000|100%| E|CS|TAMS 0x0000000715800000, 0x0000000715800000| Complete 
|  74|0x0000000715a00000, 0x0000000715c00000, 0x0000000715c00000|100%| E|CS|TAMS 0x0000000715a00000, 0x0000000715a00000| Complete 
|  75|0x0000000715c00000, 0x0000000715e00000, 0x0000000715e00000|100%| E|CS|TAMS 0x0000000715c00000, 0x0000000715c00000| Complete 
|  76|0x0000000715e00000, 0x0000000716000000, 0x0000000716000000|100%| E|CS|TAMS 0x0000000715e00000, 0x0000000715e00000| Complete 
|  77|0x0000000716000000, 0x0000000716200000, 0x0000000716200000|100%| E|CS|TAMS 0x0000000716000000, 0x0000000716000000| Complete 
| 121|0x000000071b800000, 0x000000071ba00000, 0x000000071ba00000|100%| E|CS|TAMS 0x000000071b800000, 0x000000071b800000| Complete 

Card table byte_map: [0x000001b34c010000,0x000001b34c7b0000] _byte_map_base: 0x000001b3487ad000

Marking Bits (Prev, Next): (CMBitMap*) 0x000001b338b99720, (CMBitMap*) 0x000001b338b996e0
 Prev Bits: [0x000001b350c40000, 0x000001b354928000)
 Next Bits: [0x000001b34cf50000, 0x000001b350c38000)

Polling page: 0x000001b336aa0000

Metaspace:

Usage:
  Non-class:     53.45 MB used.
      Class:      6.75 MB used.
       Both:     60.20 MB used.

Virtual space:
  Non-class space:       56.00 MB reserved,      53.62 MB ( 96%) committed,  7 nodes.
      Class space:        1.00 GB reserved,       6.88 MB ( <1%) committed,  1 nodes.
             Both:        1.05 GB reserved,      60.50 MB (  6%) committed. 

Chunk freelists:
   Non-Class:  1.84 MB
       Class:  1.08 MB
        Both:  2.92 MB

MaxMetaspaceSize: unlimited
CompressedClassSpaceSize: 1.00 GB
Initial GC threshold: 21.00 MB
Current GC threshold: 98.06 MB
CDS: off
MetaspaceReclaimPolicy: balanced
 - commit_granule_bytes: 65536.
 - commit_granule_words: 8192.
 - virtual_space_node_default_size: 1048576.
 - enlarge_chunks_in_place: 1.
 - new_chunks_are_fully_committed: 0.
 - uncommit_free_chunks: 1.
 - use_allocation_guard: 0.
 - handle_deallocations: 1.


Internal statistics:

num_allocs_failed_limit: 9.
num_arena_births: 282.
num_arena_deaths: 0.
num_vsnodes_births: 8.
num_vsnodes_deaths: 0.
num_space_committed: 966.
num_space_uncommitted: 0.
num_chunks_returned_to_freelist: 9.
num_chunks_taken_from_freelist: 2181.
num_chunk_merges: 9.
num_chunk_splits: 1727.
num_chunks_enlarged: 1493.
num_purges: 0.
num_inconsistent_stats: 0.

CodeHeap 'non-profiled nmethods': size=119168Kb used=4374Kb max_used=4374Kb free=114793Kb
 bounds [0x000001b343b90000, 0x000001b343fe0000, 0x000001b34aff0000]
CodeHeap 'profiled nmethods': size=119104Kb used=25675Kb max_used=25675Kb free=93428Kb
 bounds [0x000001b33bff0000, 0x000001b33d910000, 0x000001b343440000]
CodeHeap 'non-nmethods': size=7488Kb used=3021Kb max_used=3091Kb free=4466Kb
 bounds [0x000001b343440000, 0x000001b343750000, 0x000001b343b90000]
 total_blobs=9546 nmethods=8911 adapters=542
 compilation: enabled
              stopped_count=0, restarted_count=0
 full_count=0

Compilation events (20 events):
Event: 3.441 Thread 0x000001b35862afd0 nmethod 9721 0x000001b33d8eeb10 code [0x000001b33d8eed20, 0x000001b33d8ef3a8]
Event: 3.441 Thread 0x000001b35862afd0 9722       3       org.jetbrains.kotlin.types.AbstractTypeApproximator::asDefinitelyNotNullType (18 bytes)
Event: 3.441 Thread 0x000001b358495080 9723       3       org.jetbrains.kotlin.types.AbstractTypeApproximator::isIntersection (18 bytes)
Event: 3.441 Thread 0x000001b358628ab0 9724       3       org.jetbrains.kotlin.types.AbstractTypeApproximator::isIntegerLiteralConstantTypeConstructor (18 bytes)
Event: 3.441 Thread 0x000001b35862b8f0 9725       3       org.jetbrains.kotlin.resolve.calls.components.ClassicTypeSystemContextForCS::isIntegerLiteralConstantTypeConstructor (6 bytes)
Event: 3.441 Thread 0x000001b35862afd0 nmethod 9722 0x000001b33d8ef610 code [0x000001b33d8ef820, 0x000001b33d8efea8]
Event: 3.441 Thread 0x000001b35862b8f0 nmethod 9725 0x000001b33d8f0110 code [0x000001b33d8f0340, 0x000001b33d8f0a28]
Event: 3.441 Thread 0x000001b358495080 nmethod 9723 0x000001b33d8f0d10 code [0x000001b33d8f0f20, 0x000001b33d8f15a8]
Event: 3.441 Thread 0x000001b358628ab0 nmethod 9724 0x000001b33d8f1810 code [0x000001b33d8f1a20, 0x000001b33d8f20a8]
Event: 3.441 Thread 0x000001b35862afd0 9726       3       org.jetbrains.kotlin.types.checker.ClassicTypeSystemContext$DefaultImpls::isIntegerLiteralConstantTypeConstructor (14 bytes)
Event: 3.441 Thread 0x000001b35862b8f0 9727       3       org.jetbrains.kotlin.types.AbstractTypeApproximator::isIntegerConstantOperatorTypeConstructor (18 bytes)
Event: 3.441 Thread 0x000001b358628ab0 9728       3       org.jetbrains.kotlin.resolve.calls.components.ClassicTypeSystemContextForCS::isIntegerConstantOperatorTypeConstructor (6 bytes)
Event: 3.441 Thread 0x000001b358495080 9729       3       org.jetbrains.kotlin.types.checker.ClassicTypeSystemContext$DefaultImpls::isIntegerConstantOperatorTypeConstructor (8 bytes)
Event: 3.442 Thread 0x000001b358495080 nmethod 9729 0x000001b33d8f2310 code [0x000001b33d8f2520, 0x000001b33d8f2a98]
Event: 3.442 Thread 0x000001b35862afd0 nmethod 9726 0x000001b33d8f2d10 code [0x000001b33d8f2f20, 0x000001b33d8f3588]
Event: 3.442 Thread 0x000001b35862b8f0 nmethod 9727 0x000001b33d8f3810 code [0x000001b33d8f3a20, 0x000001b33d8f40a8]
Event: 3.442 Thread 0x000001b358628ab0 nmethod 9728 0x000001b33d8f4310 code [0x000001b33d8f4520, 0x000001b33d8f4b18]
Event: 3.443 Thread 0x000001b358628ab0 9731       3       org.jetbrains.kotlin.resolve.ModifiersChecker::resolveVisibilityFromModifiers (73 bytes)
Event: 3.444 Thread 0x000001b358628ab0 nmethod 9731 0x000001b33d8f4d90 code [0x000001b33d8f4fa0, 0x000001b33d8f5628]
Event: 3.445 Thread 0x000001b358628ab0 9733       3       org.jetbrains.kotlin.resolve.calls.tower.TowerResolver$Task::createNonLocalLevels$addLevelForImportingScope (40 bytes)

GC Heap History (20 events):
Event: 0.637 GC heap before
{Heap before GC invocations=2 (full 0):
 garbage-first heap   total 249856K, used 10308K [0x000000070c600000, 0x0000000800000000)
  region size 2048K, 4 young (8192K), 3 survivors (6144K)
 Metaspace       used 21287K, committed 21504K, reserved 1073152K
  class space    used 2290K, committed 2368K, reserved 1048576K
}
Event: 0.639 GC heap after
{Heap after GC invocations=3 (full 0):
 garbage-first heap   total 249856K, used 10820K [0x000000070c600000, 0x0000000800000000)
  region size 2048K, 4 young (8192K), 4 survivors (8192K)
 Metaspace       used 21287K, committed 21504K, reserved 1073152K
  class space    used 2290K, committed 2368K, reserved 1048576K
}
Event: 0.860 GC heap before
{Heap before GC invocations=4 (full 0):
 garbage-first heap   total 55296K, used 39492K [0x000000070c600000, 0x0000000800000000)
  region size 2048K, 17 young (34816K), 4 survivors (8192K)
 Metaspace       used 28570K, committed 28800K, reserved 1081344K
  class space    used 3118K, committed 3200K, reserved 1048576K
}
Event: 0.864 GC heap after
{Heap after GC invocations=5 (full 0):
 garbage-first heap   total 55296K, used 16804K [0x000000070c600000, 0x0000000800000000)
  region size 2048K, 5 young (10240K), 5 survivors (10240K)
 Metaspace       used 28570K, committed 28800K, reserved 1081344K
  class space    used 3118K, committed 3200K, reserved 1048576K
}
Event: 0.881 GC heap before
{Heap before GC invocations=5 (full 0):
 garbage-first heap   total 55296K, used 18852K [0x000000070c600000, 0x0000000800000000)
  region size 2048K, 6 young (12288K), 5 survivors (10240K)
 Metaspace       used 29063K, committed 29312K, reserved 1081344K
  class space    used 3196K, committed 3328K, reserved 1048576K
}
Event: 0.887 GC heap after
{Heap after GC invocations=6 (full 0):
 garbage-first heap   total 55296K, used 17837K [0x000000070c600000, 0x0000000800000000)
  region size 2048K, 1 young (2048K), 1 survivors (2048K)
 Metaspace       used 29063K, committed 29312K, reserved 1081344K
  class space    used 3196K, committed 3328K, reserved 1048576K
}
Event: 1.053 GC heap before
{Heap before GC invocations=6 (full 0):
 garbage-first heap   total 55296K, used 38317K [0x000000070c600000, 0x0000000800000000)
  region size 2048K, 11 young (22528K), 1 survivors (2048K)
 Metaspace       used 32082K, committed 32320K, reserved 1081344K
  class space    used 3840K, committed 3904K, reserved 1048576K
}
Event: 1.057 GC heap after
{Heap after GC invocations=7 (full 0):
 garbage-first heap   total 153600K, used 20998K [0x000000070c600000, 0x0000000800000000)
  region size 2048K, 2 young (4096K), 2 survivors (4096K)
 Metaspace       used 32082K, committed 32320K, reserved 1081344K
  class space    used 3840K, committed 3904K, reserved 1048576K
}
Event: 1.217 GC heap before
{Heap before GC invocations=7 (full 0):
 garbage-first heap   total 153600K, used 45574K [0x000000070c600000, 0x0000000800000000)
  region size 2048K, 14 young (28672K), 2 survivors (4096K)
 Metaspace       used 35738K, committed 35968K, reserved 1081344K
  class space    used 4444K, committed 4544K, reserved 1048576K
}
Event: 1.222 GC heap after
{Heap after GC invocations=8 (full 0):
 garbage-first heap   total 153600K, used 27370K [0x000000070c600000, 0x0000000800000000)
  region size 2048K, 5 young (10240K), 5 survivors (10240K)
 Metaspace       used 35738K, committed 35968K, reserved 1081344K
  class space    used 4444K, committed 4544K, reserved 1048576K
}
Event: 1.637 GC heap before
{Heap before GC invocations=9 (full 0):
 garbage-first heap   total 110592K, used 82666K [0x000000070c600000, 0x0000000800000000)
  region size 2048K, 32 young (65536K), 5 survivors (10240K)
 Metaspace       used 46396K, committed 46720K, reserved 1097728K
  class space    used 5488K, committed 5632K, reserved 1048576K
}
Event: 1.645 GC heap after
{Heap after GC invocations=10 (full 0):
 garbage-first heap   total 110592K, used 31349K [0x000000070c600000, 0x0000000800000000)
  region size 2048K, 4 young (8192K), 4 survivors (8192K)
 Metaspace       used 46396K, committed 46720K, reserved 1097728K
  class space    used 5488K, committed 5632K, reserved 1048576K
}
Event: 1.672 GC heap before
{Heap before GC invocations=10 (full 0):
 garbage-first heap   total 110592K, used 33397K [0x000000070c600000, 0x0000000800000000)
  region size 2048K, 5 young (10240K), 4 survivors (8192K)
 Metaspace       used 46659K, committed 46912K, reserved 1097728K
  class space    used 5516K, committed 5632K, reserved 1048576K
}
Event: 1.676 GC heap after
{Heap after GC invocations=11 (full 0):
 garbage-first heap   total 110592K, used 32599K [0x000000070c600000, 0x0000000800000000)
  region size 2048K, 1 young (2048K), 1 survivors (2048K)
 Metaspace       used 46659K, committed 46912K, reserved 1097728K
  class space    used 5516K, committed 5632K, reserved 1048576K
}
Event: 1.977 GC heap before
{Heap before GC invocations=11 (full 0):
 garbage-first heap   total 110592K, used 75607K [0x000000070c600000, 0x0000000800000000)
  region size 2048K, 22 young (45056K), 1 survivors (2048K)
 Metaspace       used 51006K, committed 51264K, reserved 1097728K
  class space    used 6039K, committed 6144K, reserved 1048576K
}
Event: 1.981 GC heap after
{Heap after GC invocations=12 (full 0):
 garbage-first heap   total 161792K, used 34946K [0x000000070c600000, 0x0000000800000000)
  region size 2048K, 2 young (4096K), 2 survivors (4096K)
 Metaspace       used 51006K, committed 51264K, reserved 1097728K
  class space    used 6039K, committed 6144K, reserved 1048576K
}
Event: 2.596 GC heap before
{Heap before GC invocations=12 (full 0):
 garbage-first heap   total 161792K, used 108674K [0x000000070c600000, 0x0000000800000000)
  region size 2048K, 37 young (75776K), 2 survivors (4096K)
 Metaspace       used 57049K, committed 57344K, reserved 1105920K
  class space    used 6587K, committed 6720K, reserved 1048576K
}
Event: 2.605 GC heap after
{Heap after GC invocations=13 (full 0):
 garbage-first heap   total 161792K, used 48808K [0x000000070c600000, 0x0000000800000000)
  region size 2048K, 5 young (10240K), 5 survivors (10240K)
 Metaspace       used 57049K, committed 57344K, reserved 1105920K
  class space    used 6587K, committed 6720K, reserved 1048576K
}
Event: 3.109 GC heap before
{Heap before GC invocations=13 (full 0):
 garbage-first heap   total 161792K, used 97960K [0x000000070c600000, 0x0000000800000000)
  region size 2048K, 30 young (61440K), 5 survivors (10240K)
 Metaspace       used 59897K, committed 60160K, reserved 1105920K
  class space    used 6838K, committed 6976K, reserved 1048576K
}
Event: 3.119 GC heap after
{Heap after GC invocations=14 (full 0):
 garbage-first heap   total 161792K, used 57184K [0x000000070c600000, 0x0000000800000000)
  region size 2048K, 4 young (8192K), 4 survivors (8192K)
 Metaspace       used 59897K, committed 60160K, reserved 1105920K
  class space    used 6838K, committed 6976K, reserved 1048576K
}

Dll operation events (2 events):
Event: 0.004 Loaded shared library D:\Code\Android\AndroidStduio\studio\jbr\bin\java.dll
Event: 0.553 Loaded shared library D:\Code\Android\AndroidStduio\studio\jbr\bin\verify.dll

Deoptimization events (20 events):
Event: 3.438 Thread 0x000001b338b2ee60 Uncommon trap: trap_request=0xffffffc6 fr.pc=0x000001b343da5084 relative=0x0000000000000aa4
Event: 3.438 Thread 0x000001b338b2ee60 Uncommon trap: reason=bimorphic_or_optimized_type_check action=maybe_recompile pc=0x000001b343da5084 method=kotlin.collections.CollectionsKt__MutableCollectionsKt.addAll(Ljava/util/Collection;Ljava/lang/Iterable;)Z @ 49 c2
Event: 3.438 Thread 0x000001b338b2ee60 DEOPT PACKING pc=0x000001b343da5084 sp=0x0000006739ffa0a0
Event: 3.438 Thread 0x000001b338b2ee60 DEOPT UNPACKING pc=0x000001b34349a1a3 sp=0x0000006739ffa098 mode 2
Event: 3.439 Thread 0x000001b338b2ee60 Uncommon trap: trap_request=0xffffffde fr.pc=0x000001b343fa4a28 relative=0x0000000000000108
Event: 3.439 Thread 0x000001b338b2ee60 Uncommon trap: reason=class_check action=maybe_recompile pc=0x000001b343fa4a28 method=org.jetbrains.kotlin.builtins.KotlinBuiltIns.getBuiltInClassByName(Ljava/lang/String;)Lorg/jetbrains/kotlin/descriptors/ClassDescriptor; @ 22 c2
Event: 3.439 Thread 0x000001b338b2ee60 DEOPT PACKING pc=0x000001b343fa4a28 sp=0x0000006739ffb3a0
Event: 3.439 Thread 0x000001b338b2ee60 DEOPT UNPACKING pc=0x000001b34349a1a3 sp=0x0000006739ffb340 mode 2
Event: 3.440 Thread 0x000001b338b2ee60 Uncommon trap: trap_request=0xffffffde fr.pc=0x000001b343fa4a28 relative=0x0000000000000108
Event: 3.440 Thread 0x000001b338b2ee60 Uncommon trap: reason=class_check action=maybe_recompile pc=0x000001b343fa4a28 method=org.jetbrains.kotlin.builtins.KotlinBuiltIns.getBuiltInClassByName(Ljava/lang/String;)Lorg/jetbrains/kotlin/descriptors/ClassDescriptor; @ 22 c2
Event: 3.440 Thread 0x000001b338b2ee60 DEOPT PACKING pc=0x000001b343fa4a28 sp=0x0000006739ffb840
Event: 3.440 Thread 0x000001b338b2ee60 DEOPT UNPACKING pc=0x000001b34349a1a3 sp=0x0000006739ffb7e0 mode 2
Event: 3.441 Thread 0x000001b338b2ee60 Uncommon trap: trap_request=0xffffffc6 fr.pc=0x000001b343d33bd4 relative=0x0000000000000134
Event: 3.441 Thread 0x000001b338b2ee60 Uncommon trap: reason=bimorphic_or_optimized_type_check action=maybe_recompile pc=0x000001b343d33bd4 method=org.jetbrains.kotlin.com.intellij.psi.impl.source.tree.CompositeElement.findChildByType(Lorg/jetbrains/kotlin/com/intellij/psi/tree/IElementType;)L
Event: 3.441 Thread 0x000001b338b2ee60 DEOPT PACKING pc=0x000001b343d33bd4 sp=0x0000006739ffb8a0
Event: 3.441 Thread 0x000001b338b2ee60 DEOPT UNPACKING pc=0x000001b34349a1a3 sp=0x0000006739ffb838 mode 2
Event: 3.441 Thread 0x000001b338b2ee60 Uncommon trap: trap_request=0xffffffc6 fr.pc=0x000001b343d33bd4 relative=0x0000000000000134
Event: 3.441 Thread 0x000001b338b2ee60 Uncommon trap: reason=bimorphic_or_optimized_type_check action=maybe_recompile pc=0x000001b343d33bd4 method=org.jetbrains.kotlin.com.intellij.psi.impl.source.tree.CompositeElement.findChildByType(Lorg/jetbrains/kotlin/com/intellij/psi/tree/IElementType;)L
Event: 3.441 Thread 0x000001b338b2ee60 DEOPT PACKING pc=0x000001b343d33bd4 sp=0x0000006739ffb280
Event: 3.441 Thread 0x000001b338b2ee60 DEOPT UNPACKING pc=0x000001b34349a1a3 sp=0x0000006739ffb218 mode 2

Classes unloaded (0 events):
No events

Classes redefined (0 events):
No events

Internal exceptions (20 events):
Event: 0.898 Thread 0x000001b338b2ee60 Exception <a 'java/lang/NoSuchMethodError'{0x000000071b919908}: 'int java.lang.invoke.DirectMethodHandle$Holder.invokeVirtual(java.lang.Object, java.lang.Object)'> (0x000000071b919908) 
thrown [s\src\hotspot\share\interpreter\linkResolver.cpp, line 771]
Event: 0.906 Thread 0x000001b338b2ee60 Exception <a 'java/lang/NoSuchMethodError'{0x000000071b9c92e8}: 'java.lang.Object java.lang.invoke.Invokers$Holder.invokeExact_MT(java.lang.Object, java.lang.Object, java.lang.Object, java.lang.Object, java.lang.Object, java.lang.Object)'> (0x000000071b9c92e8) 
thrown [s\src\hotspot\share\interpreter\linkResolver.cpp, line 771]
Event: 1.094 Thread 0x000001b338b2ee60 Implicit null exception at 0x000001b343c96f7f to 0x000001b343c97000
Event: 1.277 Thread 0x000001b338b2ee60 Exception <a 'java/lang/NoSuchMethodError'{0x00000007121c7740}: 'java.lang.Object java.lang.invoke.DirectMethodHandle$Holder.invokeVirtual(java.lang.Object, java.lang.Object, java.lang.Object)'> (0x00000007121c7740) 
thrown [s\src\hotspot\share\interpreter\linkResolver.cpp, line 771]
Event: 1.592 Thread 0x000001b338b2ee60 Exception <a 'java/lang/NoSuchMethodError'{0x000000070f5bbde0}: 'java.lang.Object java.lang.invoke.DirectMethodHandle$Holder.newInvokeSpecial(java.lang.Object, java.lang.Object, int)'> (0x000000070f5bbde0) 
thrown [s\src\hotspot\share\interpreter\linkResolver.cpp, line 771]
Event: 1.685 Thread 0x000001b338b2ee60 Exception <a 'java/lang/NoSuchMethodError'{0x000000071b8a7e00}: 'java.lang.Object java.lang.invoke.DirectMethodHandle$Holder.newInvokeSpecial(java.lang.Object, java.lang.Object, java.lang.Object, int)'> (0x000000071b8a7e00) 
thrown [s\src\hotspot\share\interpreter\linkResolver.cpp, line 771]
Event: 1.685 Thread 0x000001b338b2ee60 Exception <a 'java/lang/NoSuchMethodError'{0x000000071b8ac488}: 'java.lang.Object java.lang.invoke.DirectMethodHandle$Holder.invokeSpecial(java.lang.Object, java.lang.Object, java.lang.Object, java.lang.Object, int)'> (0x000000071b8ac488) 
thrown [s\src\hotspot\share\interpreter\linkResolver.cpp, line 771]
Event: 1.686 Thread 0x000001b338b2ee60 Exception <a 'java/lang/NoSuchMethodError'{0x000000071b8b02f8}: 'java.lang.Object java.lang.invoke.Invokers$Holder.linkToTargetMethod(java.lang.Object, java.lang.Object, int, java.lang.Object)'> (0x000000071b8b02f8) 
thrown [s\src\hotspot\share\interpreter\linkResolver.cpp, line 771]
Event: 1.691 Thread 0x000001b338b2ee60 Exception <a 'java/lang/NoSuchMethodError'{0x000000071b912cd0}: 'java.lang.Object java.lang.invoke.DirectMethodHandle$Holder.invokeInterface(java.lang.Object, java.lang.Object)'> (0x000000071b912cd0) 
thrown [s\src\hotspot\share\interpreter\linkResolver.cpp, line 771]
Event: 2.127 Thread 0x000001b338b2ee60 Exception <a 'java/lang/NoSuchMethodError'{0x0000000715301a28}: 'java.lang.Object java.lang.invoke.DirectMethodHandle$Holder.newInvokeSpecial(java.lang.Object, java.lang.Object, java.lang.Object, java.lang.Object, java.lang.Object, java.lang.Object, java.lang.Object, java.lang.Object)'> (0x0000000715301a28) 
thrown [s\src\hotspot\share\interpreter\linkResolver.cpp, line 771]
Event: 2.127 Thread 0x000001b338b2ee60 Exception <a 'java/lang/NoSuchMethodError'{0x0000000715307040}: 'java.lang.Object java.lang.invoke.DirectMethodHandle$Holder.invokeSpecial(java.lang.Object, java.lang.Object, java.lang.Object, java.lang.Object, java.lang.Object, java.lang.Object, java.lang.Object, java.lang.Object, java.lang.Object)'> (0x0000000715307040) 
thrown [s\src\hotspot\share\interpreter\linkResolver.cpp, line 771]
Event: 2.127 Thread 0x000001b338b2ee60 Exception <a 'java/lang/NoSuchMethodError'{0x000000071530bf70}: 'java.lang.Object java.lang.invoke.Invokers$Holder.linkToTargetMethod(java.lang.Object, java.lang.Object, java.lang.Object, java.lang.Object, java.lang.Object, java.lang.Object, java.lang.Object, java.lang.Object)'> (0x000000071530bf70) 
thrown [s\src\hotspot\share\interpreter\linkResolver.cpp, line 771]
Event: 2.137 Thread 0x000001b338b2ee60 Exception <a 'java/lang/NoSuchMethodError'{0x000000071504bc98}: 'java.lang.Object java.lang.invoke.DirectMethodHandle$Holder.newInvokeSpecial(java.lang.Object, java.lang.Object, java.lang.Object, java.lang.Object, java.lang.Object, java.lang.Object)'> (0x000000071504bc98) 
thrown [s\src\hotspot\share\interpreter\linkResolver.cpp, line 771]
Event: 2.409 Thread 0x000001b338b2ee60 Exception <a 'java/lang/NoSuchMethodError'{0x0000000712fb6b90}: 'java.lang.Object java.lang.invoke.DirectMethodHandle$Holder.invokeSpecial(java.lang.Object, java.lang.Object, java.lang.Object, java.lang.Object, java.lang.Object, java.lang.Object, int)'> (0x0000000712fb6b90) 
thrown [s\src\hotspot\share\interpreter\linkResolver.cpp, line 771]
Event: 2.472 Thread 0x000001b338b2ee60 Exception <a 'java/lang/NoSuchMethodError'{0x00000007128a2d30}: 'java.lang.Object java.lang.invoke.DirectMethodHandle$Holder.invokeStaticInit(java.lang.Object, java.lang.Object, java.lang.Object)'> (0x00000007128a2d30) 
thrown [s\src\hotspot\share\interpreter\linkResolver.cpp, line 771]
Event: 2.688 Thread 0x000001b338b2ee60 Exception <a 'java/lang/NoSuchMethodError'{0x00000007154fb310}: 'java.lang.Object java.lang.invoke.DirectMethodHandle$Holder.newInvokeSpecial(java.lang.Object, int, java.lang.Object)'> (0x00000007154fb310) 
thrown [s\src\hotspot\share\interpreter\linkResolver.cpp, line 771]
Event: 2.689 Thread 0x000001b338b2ee60 Exception <a 'java/lang/NoSuchMethodError'{0x0000000715505a48}: 'int java.lang.invoke.DirectMethodHandle$Holder.invokeInterface(java.lang.Object, java.lang.Object)'> (0x0000000715505a48) 
thrown [s\src\hotspot\share\interpreter\linkResolver.cpp, line 771]
Event: 2.695 Thread 0x000001b338b2ee60 Implicit null exception at 0x000001b343be070f to 0x000001b343be0970
Event: 2.695 Thread 0x000001b338b2ee60 Implicit null exception at 0x000001b343bf2d0f to 0x000001b343bf2d89
Event: 2.864 Thread 0x000001b338b2ee60 Exception <a 'java/lang/NoSuchMethodError'{0x00000007142c5440}: 'int java.lang.invoke.DirectMethodHandle$Holder.invokeStaticInit(java.lang.Object, int)'> (0x00000007142c5440) 
thrown [s\src\hotspot\share\interpreter\linkResolver.cpp, line 771]

VM Operations (20 events):
Event: 3.367 Executing VM operation: HandshakeAllThreads
Event: 3.367 Executing VM operation: HandshakeAllThreads done
Event: 3.384 Executing VM operation: HandshakeAllThreads
Event: 3.384 Executing VM operation: HandshakeAllThreads done
Event: 3.406 Executing VM operation: HandshakeAllThreads
Event: 3.406 Executing VM operation: HandshakeAllThreads done
Event: 3.408 Executing VM operation: HandshakeAllThreads
Event: 3.408 Executing VM operation: HandshakeAllThreads done
Event: 3.414 Executing VM operation: HandshakeAllThreads
Event: 3.414 Executing VM operation: HandshakeAllThreads done
Event: 3.416 Executing VM operation: ICBufferFull
Event: 3.416 Executing VM operation: ICBufferFull done
Event: 3.429 Executing VM operation: HandshakeAllThreads
Event: 3.429 Executing VM operation: HandshakeAllThreads done
Event: 3.434 Executing VM operation: HandshakeAllThreads
Event: 3.434 Executing VM operation: HandshakeAllThreads done
Event: 3.442 Executing VM operation: HandshakeAllThreads
Event: 3.442 Executing VM operation: HandshakeAllThreads done
Event: 3.444 Executing VM operation: ICBufferFull
Event: 3.444 Executing VM operation: ICBufferFull done

Events (20 events):
Event: 3.370 loading class jdk/internal/math/FloatingDecimal
Event: 3.370 loading class jdk/internal/math/FloatingDecimal done
Event: 3.370 loading class jdk/internal/math/FloatingDecimal$ExceptionalBinaryToASCIIBuffer
Event: 3.370 loading class jdk/internal/math/FloatingDecimal$BinaryToASCIIConverter
Event: 3.370 loading class jdk/internal/math/FloatingDecimal$BinaryToASCIIConverter done
Event: 3.370 loading class jdk/internal/math/FloatingDecimal$ExceptionalBinaryToASCIIBuffer done
Event: 3.371 loading class jdk/internal/math/FloatingDecimal$BinaryToASCIIBuffer
Event: 3.371 loading class jdk/internal/math/FloatingDecimal$BinaryToASCIIBuffer done
Event: 3.371 loading class jdk/internal/math/FloatingDecimal$1
Event: 3.371 loading class jdk/internal/math/FloatingDecimal$1 done
Event: 3.371 loading class jdk/internal/math/FloatingDecimal$PreparedASCIIToBinaryBuffer
Event: 3.371 loading class jdk/internal/math/FloatingDecimal$ASCIIToBinaryConverter
Event: 3.371 loading class jdk/internal/math/FloatingDecimal$ASCIIToBinaryConverter done
Event: 3.371 loading class jdk/internal/math/FloatingDecimal$PreparedASCIIToBinaryBuffer done
Event: 3.371 loading class jdk/internal/math/FloatingDecimal$ASCIIToBinaryBuffer
Event: 3.371 loading class jdk/internal/math/FloatingDecimal$ASCIIToBinaryBuffer done
Event: 3.391 loading class java/util/regex/Pattern$Bound
Event: 3.391 loading class java/util/regex/Pattern$Bound done
Event: 3.391 loading class java/util/regex/Pattern$NotBehind
Event: 3.391 loading class java/util/regex/Pattern$NotBehind done


Dynamic libraries:
0x00007ff6cf7e0000 - 0x00007ff6cf7ea000 	D:\Code\Android\AndroidStduio\studio\jbr\bin\java.exe
0x00007ffce3e50000 - 0x00007ffce4066000 	C:\Windows\SYSTEM32\ntdll.dll
0x00007ffce2460000 - 0x00007ffce2524000 	C:\Windows\System32\KERNEL32.DLL
0x00007ffce1370000 - 0x00007ffce1716000 	C:\Windows\System32\KERNELBASE.dll
0x00007ffce1960000 - 0x00007ffce1a71000 	C:\Windows\System32\ucrtbase.dll
0x00007ffc99850000 - 0x00007ffc9986b000 	D:\Code\Android\AndroidStduio\studio\jbr\bin\VCRUNTIME140.dll
0x00007ffcd05d0000 - 0x00007ffcd05e7000 	D:\Code\Android\AndroidStduio\studio\jbr\bin\jli.dll
0x00007ffce2c00000 - 0x00007ffce2dad000 	C:\Windows\System32\USER32.dll
0x00007ffce1210000 - 0x00007ffce1236000 	C:\Windows\System32\win32u.dll
0x00007ffcd06b0000 - 0x00007ffcd0943000 	C:\Windows\WinSxS\amd64_microsoft.windows.common-controls_6595b64144ccf1df_6.0.22621.3235_none_270f74e173860f98\COMCTL32.dll
0x00007ffce1ce0000 - 0x00007ffce1d87000 	C:\Windows\System32\msvcrt.dll
0x00007ffce30a0000 - 0x00007ffce30c9000 	C:\Windows\System32\GDI32.dll
0x00007ffce1a80000 - 0x00007ffce1b98000 	C:\Windows\System32\gdi32full.dll
0x00007ffce1720000 - 0x00007ffce17ba000 	C:\Windows\System32\msvcp_win.dll
0x00007ffce2530000 - 0x00007ffce2561000 	C:\Windows\System32\IMM32.DLL
0x00007ffcaacf0000 - 0x00007ffcaacfc000 	D:\Code\Android\AndroidStduio\studio\jbr\bin\vcruntime140_1.dll
0x00007ffc8f230000 - 0x00007ffc8f2bd000 	D:\Code\Android\AndroidStduio\studio\jbr\bin\msvcp140.dll
0x00007ffc882e0000 - 0x00007ffc88f4e000 	D:\Code\Android\AndroidStduio\studio\jbr\bin\server\jvm.dll
0x00007ffce2e80000 - 0x00007ffce2f32000 	C:\Windows\System32\ADVAPI32.dll
0x00007ffce2dd0000 - 0x00007ffce2e78000 	C:\Windows\System32\sechost.dll
0x00007ffce1930000 - 0x00007ffce1958000 	C:\Windows\System32\bcrypt.dll
0x00007ffce3bb0000 - 0x00007ffce3cc5000 	C:\Windows\System32\RPCRT4.dll
0x00007ffcd8330000 - 0x00007ffcd8364000 	C:\Windows\SYSTEM32\WINMM.dll
0x00007ffcdda40000 - 0x00007ffcdda49000 	C:\Windows\SYSTEM32\WSOCK32.dll
0x00007ffcd7d90000 - 0x00007ffcd7d9a000 	C:\Windows\SYSTEM32\VERSION.dll
0x00007ffce3a30000 - 0x00007ffce3aa1000 	C:\Windows\System32\WS2_32.dll
0x00007ffce02c0000 - 0x00007ffce02d8000 	C:\Windows\SYSTEM32\kernel.appcore.dll
0x00007ffcdb7d0000 - 0x00007ffcdb7da000 	D:\Code\Android\AndroidStduio\studio\jbr\bin\jimage.dll
0x00007ffcdeb30000 - 0x00007ffcded63000 	C:\Windows\SYSTEM32\DBGHELP.DLL
0x00007ffce1e90000 - 0x00007ffce2218000 	C:\Windows\System32\combase.dll
0x00007ffce1ba0000 - 0x00007ffce1c77000 	C:\Windows\System32\OLEAUT32.dll
0x00007ffcd48a0000 - 0x00007ffcd48d2000 	C:\Windows\SYSTEM32\dbgcore.DLL
0x00007ffce1190000 - 0x00007ffce120a000 	C:\Windows\System32\bcryptPrimitives.dll
0x00007ffcd84e0000 - 0x00007ffcd8505000 	D:\Code\Android\AndroidStduio\studio\jbr\bin\java.dll
0x00007ffcd85d0000 - 0x00007ffcd85e8000 	D:\Code\Android\AndroidStduio\studio\jbr\bin\zip.dll
0x00007ffce30d0000 - 0x00007ffce392d000 	C:\Windows\System32\SHELL32.dll
0x00007ffcdf0f0000 - 0x00007ffcdf9e8000 	C:\Windows\SYSTEM32\windows.storage.dll
0x00007ffcdefb0000 - 0x00007ffcdf0ee000 	C:\Windows\SYSTEM32\wintypes.dll
0x00007ffce1d90000 - 0x00007ffce1e83000 	C:\Windows\System32\SHCORE.dll
0x00007ffce1c80000 - 0x00007ffce1cde000 	C:\Windows\System32\shlwapi.dll
0x00007ffce10c0000 - 0x00007ffce10e6000 	C:\Windows\SYSTEM32\profapi.dll
0x00007ffcd5cc0000 - 0x00007ffcd5cd9000 	D:\Code\Android\AndroidStduio\studio\jbr\bin\net.dll
0x00007ffcdaf40000 - 0x00007ffcdb077000 	C:\Windows\SYSTEM32\WINHTTP.dll
0x00007ffce0740000 - 0x00007ffce07a9000 	C:\Windows\system32\mswsock.dll
0x00007ffcd5ca0000 - 0x00007ffcd5cb6000 	D:\Code\Android\AndroidStduio\studio\jbr\bin\nio.dll
0x00007ffcd79b0000 - 0x00007ffcd79c0000 	D:\Code\Android\AndroidStduio\studio\jbr\bin\verify.dll

dbghelp: loaded successfully - version: 4.0.5 - missing functions: none
symbol engine: initialized successfully - sym options: 0x614 - pdb path: .;D:\Code\Android\AndroidStduio\studio\jbr\bin;C:\Windows\SYSTEM32;C:\Windows\WinSxS\amd64_microsoft.windows.common-controls_6595b64144ccf1df_6.0.22621.3235_none_270f74e173860f98;D:\Code\Android\AndroidStduio\studio\jbr\bin\server

VM Arguments:
java_command: org.jetbrains.kotlin.cli.jvm.K2JVMCompiler @D:\Code\Android\Project\InkStoneDemo1\app\build\20240319_4843082687694977157.compiler.options
java_class_path (initial): D:\Code\Android\gradle\gradle-repository\caches\modules-2\files-2.1\org.jetbrains.kotlin\kotlin-compiler-embeddable\1.8.22\e2cf111da088dc807a74157741b4cd4b664edfb7\kotlin-compiler-embeddable-1.8.22.jar;D:\Code\Android\gradle\gradle-repository\caches\modules-2\files-2.1\org.jetbrains.kotlin\kotlin-stdlib\1.8.22\636bf8b320e7627482771bbac9ed7246773c02bd\kotlin-stdlib-1.8.22.jar;D:\Code\Android\gradle\gradle-repository\caches\modules-2\files-2.1\org.jetbrains.kotlin\kotlin-script-runtime\1.8.22\ce5ff1f309623f8c1be5143bdba032c4a04cec3a\kotlin-script-runtime-1.8.22.jar;D:\Code\Android\gradle\gradle-repository\caches\modules-2\files-2.1\org.jetbrains.kotlin\kotlin-reflect\1.6.10\1cbe9c92c12a94eea200d23c2bbaedaf3daf5132\kotlin-reflect-1.6.10.jar;D:\Code\Android\gradle\gradle-repository\caches\modules-2\files-2.1\org.jetbrains.kotlin\kotlin-daemon-embeddable\1.8.22\7d9f7e06a59d2fcbc9b373400c146f42fd722e81\kotlin-daemon-embeddable-1.8.22.jar;D:\Code\Android\gradle\gradle-repository\caches\modules-2\files-2.1\org.jetbrains.intellij.deps\trove4j\1.0.20200330\3afb14d5f9ceb459d724e907a21145e8ff394f02\trove4j-1.0.20200330.jar;D:\Code\Android\gradle\gradle-repository\caches\modules-2\files-2.1\net.java.dev.jna\jna\5.6.0\330f2244e9030119ab3030fc3fededc86713d9cc\jna-5.6.0.jar;D:\Code\Android\gradle\gradle-repository\caches\modules-2\files-2.1\org.jetbrains.kotlin\kotlin-stdlib-common\1.8.22\1a8e3601703ae14bb58757ea6b2d8e8e5935a586\kotlin-stdlib-common-1.8.22.jar;D:\Code\Android\gradle\gradle-repository\caches\modules-2\files-2.1\org.jetbrains\annotations\13.0\919f0dfe192fb4e063e7dacadee7f8bb9a2672a9\annotations-13.0.jar
Launcher Type: SUN_STANDARD

[Global flags]
     intx CICompilerCount                          = 12                                        {product} {ergonomic}
     uint ConcGCThreads                            = 3                                         {product} {ergonomic}
     uint G1ConcRefinementThreads                  = 13                                        {product} {ergonomic}
   size_t G1HeapRegionSize                         = 2097152                                   {product} {ergonomic}
    uintx GCDrainStackTargetSize                   = 64                                        {product} {ergonomic}
   size_t InitialHeapSize                          = 255852544                                 {product} {ergonomic}
   size_t MarkStackSize                            = 4194304                                   {product} {ergonomic}
   size_t MaxHeapSize                              = 4087349248                                {product} {ergonomic}
   size_t MaxNewSize                               = 2451570688                                {product} {ergonomic}
   size_t MinHeapDeltaBytes                        = 2097152                                   {product} {ergonomic}
   size_t MinHeapSize                              = 8388608                                   {product} {ergonomic}
    uintx NonNMethodCodeHeapSize                   = 7602480                                {pd product} {ergonomic}
    uintx NonProfiledCodeHeapSize                  = 122027880                              {pd product} {ergonomic}
    uintx ProfiledCodeHeapSize                     = 122027880                              {pd product} {ergonomic}
    uintx ReservedCodeCacheSize                    = 251658240                              {pd product} {ergonomic}
     bool SegmentedCodeCache                       = true                                      {product} {ergonomic}
   size_t SoftMaxHeapSize                          = 4087349248                             {manageable} {ergonomic}
     bool UseCompressedClassPointers               = true                           {product lp64_product} {ergonomic}
     bool UseCompressedOops                        = true                           {product lp64_product} {ergonomic}
     bool UseG1GC                                  = true                                      {product} {ergonomic}
     bool UseLargePagesIndividualAllocation        = false                                  {pd product} {ergonomic}

Logging:
Log output configuration:
 #0: stdout all=warning uptime,level,tags
 #1: stderr all=off uptime,level,tags

Environment Variables:
JAVA_HOME=D:\Code\Java\Language\jdk-21.0.1
PATH=D:\Code\Python\Language\3.8\Scripts\;D:\Code\Python\Language\3.8\;D:\Code\Python\Language\Scripts\;D:\Code\Python\Language\3.12\;C:\Windows\system32;C:\Windows;C:\Windows\System32\Wbem;C:\Windows\System32\WindowsPowerShell\v1.0\;C:\Windows\System32\OpenSSH\;C:\Program Files (x86)\NVIDIA Corporation\PhysX\Common;C:\Program Files\NVIDIA Corporation\NVIDIA NvDLISR;D:\Windows Kits\10\Windows Performance Toolkit\;D:\Tools\Git\cmd;D:\Tools\Node.js\;D:\Code\MySql\Language\Server\bin;C:\Users\LYJ\AppData\Local\Microsoft\WindowsApps;D:\Code\Python\Pycharm\PyCharm 2023.2.4\bin;;D:\Code\Java\Language\jdk-21.0.1\bin;D:\Code\Java\IDEA\IntelliJ IDEA 2023.2.5\bin;;D:\Code\Android\gradle\gradle-8.0.1\bin;C:\Users\LYJ\AppData\Roaming\npm
USERNAME=LYJ
OS=Windows_NT
PROCESSOR_IDENTIFIER=AMD64 Family 25 Model 116 Stepping 1, AuthenticAMD
TMP=C:\Users\LYJ\AppData\Local\Temp
TEMP=C:\Users\LYJ\AppData\Local\Temp


JNI global refs:
JNI global refs: 23, weak refs: 7

JNI global refs memory usage: 843, weak refs: 841


---------------  S Y S T E M  ---------------

OS:
 Windows 11 , 64 bit Build 22621 (10.0.22621.3235)
OS uptime: 0 days 21:56 hours

CPU: total 16 (initial active 16) (16 cores per cpu, 2 threads per core) family 25 model 116 stepping 1 microcode 0x0, cx8, cmov, fxsr, ht, mmx, 3dnowpref, sse, sse2, sse3, ssse3, sse4a, sse4.1, sse4.2, popcnt, lzcnt, tsc, tscinvbit, avx, avx2, aes, erms, clmul, bmi1, bmi2, adx, avx512f, avx512dq, avx512cd, avx512bw, avx512vl, sha, fma, vzeroupper, avx512_vpopcntdq, avx512_vpclmulqdq, avx512_vaes, avx512_vnni, clflush, clflushopt, avx512_vbmi2, avx512_vbmi

Memory: 4k page, system-wide physical 15587M (964M free)
TotalPageFile size 24119M (AvailPageFile size 8M)
current process WorkingSet (physical memory assigned to process): 387M, peak: 390M
current process commit charge ("private bytes"): 434M, peak: 438M

vm_info: OpenJDK 64-Bit Server VM (17.0.6+0-b2043.56-10027231) for windows-amd64 JRE (17.0.6+0-b2043.56-10027231), built on Apr 28 2023 00:43:19 by "androidbuild" with MS VC++ 16.10 / 16.11 (VS2019)

END.
