#
# There is insufficient memory for the Java Runtime Environment to continue.
# Native memory allocation (mmap) failed to map 255852544 bytes for G1 virtual space
# Possible reasons:
#   The system is out of physical RAM or swap space
#   The process is running with CompressedOops enabled, and the Java Heap may be blocking the growth of the native heap
# Possible solutions:
#   Reduce memory load on the system
#   Increase physical memory or swap space
#   Check if swap backing store is full
#   Decrease Java heap size (-Xmx/-Xms)
#   Decrease number of Java threads
#   Decrease Java thread stack sizes (-Xss)
#   Set larger code cache with -XX:ReservedCodeCacheSize=
#   JVM is running with Zero Based Compressed Oops mode in which the Java heap is
#     placed in the first 32GB address space. The Java Heap base address is the
#     maximum limit for the native heap growth. Please use -XX:HeapBaseMinAddress
#     to set the Java Heap base and to place the Java Heap above 32GB virtual address.
# This output file may be truncated or incomplete.
#
#  Out of Memory Error (os_windows.cpp:3769), pid=18176, tid=9184
#
# JRE version:  (17.0.6) (build )
# Java VM: OpenJDK 64-Bit Server VM (17.0.6+0-b2043.56-10027231, mixed mode, sharing, tiered, compressed oops, compressed class ptrs, g1 gc, windows-amd64)
# No core dump will be written. Minidumps are not enabled by default on client versions of Windows
#

---------------  S U M M A R Y ------------

Command Line: git4idea.http.GitAskPassApp Username for 'https://github.com': 

Host: AMD Ryzen 9 7940H w/ Radeon 780M Graphics     , 16 cores, 15G,  Windows 11 , 64 bit Build 22621 (10.0.22621.3235)
Time: Mon Mar 25 20:53:01 2024  Windows 11 , 64 bit Build 22621 (10.0.22621.3235) elapsed time: 0.044159 seconds (0d 0h 0m 0s)

---------------  T H R E A D  ---------------

Current thread (0x00000263d5a0fad0):  JavaThread "Unknown thread" [_thread_in_vm, id=9184, stack(0x0000007549400000,0x0000007549500000)]

Stack: [0x0000007549400000,0x0000007549500000]
Native frames: (J=compiled Java code, j=interpreted, Vv=VM code, C=native code)
V  [jvm.dll+0x683c9a]
V  [jvm.dll+0x8427a4]
V  [jvm.dll+0x843f9e]
V  [jvm.dll+0x844603]
V  [jvm.dll+0x249b75]
V  [jvm.dll+0x680b69]
V  [jvm.dll+0x67505a]
V  [jvm.dll+0x309acb]
V  [jvm.dll+0x310f86]
V  [jvm.dll+0x3608ee]
V  [jvm.dll+0x360b1f]
V  [jvm.dll+0x2dfbf8]
V  [jvm.dll+0x2e0b64]
V  [jvm.dll+0x814091]
V  [jvm.dll+0x36e6a1]
V  [jvm.dll+0x7f35cc]
V  [jvm.dll+0x3f0e8f]
V  [jvm.dll+0x3f29d1]
C  [jli.dll+0x526b]
C  [ucrtbase.dll+0x29363]
C  [KERNEL32.DLL+0x1257d]
C  [ntdll.dll+0x5aa58]


---------------  P R O C E S S  ---------------

Threads class SMR info:
_java_thread_list=0x00007fff8de3c058, length=0, elements={
}

Java Threads: ( => current thread )

Other Threads:
  0x00000263d5a7a180 GCTaskThread "GC Thread#0" [stack: 0x0000007549500000,0x0000007549600000] [id=18284]
  0x00000263d5a8a360 ConcurrentGCThread "G1 Main Marker" [stack: 0x0000007549600000,0x0000007549700000] [id=9808]
  0x00000263d5a8d330 ConcurrentGCThread "G1 Conc#0" [stack: 0x0000007549700000,0x0000007549800000] [id=26012]

[error occurred during error reporting (printing all threads), id 0xc0000005, EXCEPTION_ACCESS_VIOLATION (0xc0000005) at pc=0x00007fff8d5f0797]

VM state: not at safepoint (not fully initialized)

VM Mutex/Monitor currently owned by a thread:  ([mutex/lock_event])
[0x00000263d5a09480] Heap_lock - owner thread: 0x00000263d5a0fad0

Heap address: 0x000000070c600000, size: 3898 MB, Compressed Oops mode: Zero based, Oop shift amount: 3

CDS archive(s) mapped at: [0x0000000000000000-0x0000000000000000-0x0000000000000000), size 0, SharedBaseAddress: 0x0000000800000000, ArchiveRelocationMode: 0.
Narrow klass base: 0x0000000000000000, Narrow klass shift: 0, Narrow klass range: 0x0

GC Precious Log:
<Empty>

Heap:
 garbage-first heap   total 0K, used 0K [0x000000070c600000, 0x0000000800000000)
  region size 2048K, 0 young (0K), 0 survivors (0K)

[error occurred during error reporting (printing heap information), id 0xc0000005, EXCEPTION_ACCESS_VIOLATION (0xc0000005) at pc=0x00007fff8d9dda89]

GC Heap History (0 events):
No events

Dll operation events (1 events):
Event: 0.042 Loaded shared library D:\Code\Android\AndroidStduio\studio\jbr\bin\java.dll

Deoptimization events (0 events):
No events

Classes unloaded (0 events):
No events

Classes redefined (0 events):
No events

Internal exceptions (0 events):
No events

VM Operations (0 events):
No events

Events (0 events):
No events


Dynamic libraries:
0x00007ff6b40b0000 - 0x00007ff6b40ba000 	D:\Code\Android\AndroidStduio\studio\jbr\bin\java.exe
0x00007ff814a10000 - 0x00007ff814c26000 	C:\Windows\SYSTEM32\ntdll.dll
0x00007ff812ea0000 - 0x00007ff812f64000 	C:\Windows\System32\KERNEL32.DLL
0x00007ff811fa0000 - 0x00007ff812346000 	C:\Windows\System32\KERNELBASE.dll
0x00007ff812640000 - 0x00007ff812751000 	C:\Windows\System32\ucrtbase.dll
0x00007fffd3ce0000 - 0x00007fffd3cfb000 	D:\Code\Android\AndroidStduio\studio\jbr\bin\VCRUNTIME140.dll
0x00007ffff5bb0000 - 0x00007ffff5bc7000 	D:\Code\Android\AndroidStduio\studio\jbr\bin\jli.dll
0x00007ff813e90000 - 0x00007ff81403d000 	C:\Windows\System32\USER32.dll
0x00007ff812350000 - 0x00007ff812376000 	C:\Windows\System32\win32u.dll
0x00007ffffa4b0000 - 0x00007ffffa743000 	C:\Windows\WinSxS\amd64_microsoft.windows.common-controls_6595b64144ccf1df_6.0.22621.3235_none_270f74e173860f98\COMCTL32.dll
0x00007ff814420000 - 0x00007ff8144c7000 	C:\Windows\System32\msvcrt.dll
0x00007ff814650000 - 0x00007ff814679000 	C:\Windows\System32\GDI32.dll
0x00007ff812380000 - 0x00007ff812498000 	C:\Windows\System32\gdi32full.dll
0x00007ff811e80000 - 0x00007ff811f1a000 	C:\Windows\System32\msvcp_win.dll
0x00007ff812be0000 - 0x00007ff812c11000 	C:\Windows\System32\IMM32.DLL
0x00007ff807280000 - 0x00007ff80728c000 	D:\Code\Android\AndroidStduio\studio\jbr\bin\vcruntime140_1.dll
0x00007fffcac30000 - 0x00007fffcacbd000 	D:\Code\Android\AndroidStduio\studio\jbr\bin\msvcp140.dll
0x00007fff8d300000 - 0x00007fff8df6e000 	D:\Code\Android\AndroidStduio\studio\jbr\bin\server\jvm.dll
0x00007ff8130f0000 - 0x00007ff8131a2000 	C:\Windows\System32\ADVAPI32.dll
0x00007ff814040000 - 0x00007ff8140e8000 	C:\Windows\System32\sechost.dll
0x00007ff8124a0000 - 0x00007ff8124c8000 	C:\Windows\System32\bcrypt.dll
0x00007ff812d20000 - 0x00007ff812e35000 	C:\Windows\System32\RPCRT4.dll
0x00007ff80ed30000 - 0x00007ff80ed39000 	C:\Windows\SYSTEM32\WSOCK32.dll
0x00007ff8088a0000 - 0x00007ff8088aa000 	C:\Windows\SYSTEM32\VERSION.dll
0x00007ff8091c0000 - 0x00007ff8091f4000 	C:\Windows\SYSTEM32\WINMM.dll
0x00007ff8148a0000 - 0x00007ff814911000 	C:\Windows\System32\WS2_32.dll
0x00007ff810e80000 - 0x00007ff810e98000 	C:\Windows\SYSTEM32\kernel.appcore.dll
0x00007ff80ca10000 - 0x00007ff80ca1a000 	D:\Code\Android\AndroidStduio\studio\jbr\bin\jimage.dll
0x00007ff80f6f0000 - 0x00007ff80f923000 	C:\Windows\SYSTEM32\DBGHELP.DLL
0x00007ff813af0000 - 0x00007ff813e78000 	C:\Windows\System32\combase.dll
0x00007ff8131b0000 - 0x00007ff813287000 	C:\Windows\System32\OLEAUT32.dll
0x00007ff805450000 - 0x00007ff805482000 	C:\Windows\SYSTEM32\dbgcore.DLL
0x00007ff811f20000 - 0x00007ff811f9a000 	C:\Windows\System32\bcryptPrimitives.dll
0x00007ffff7760000 - 0x00007ffff7785000 	D:\Code\Android\AndroidStduio\studio\jbr\bin\java.dll

dbghelp: loaded successfully - version: 4.0.5 - missing functions: none
symbol engine: initialized successfully - sym options: 0x614 - pdb path: .;D:\Code\Android\AndroidStduio\studio\jbr\bin;C:\Windows\SYSTEM32;C:\Windows\WinSxS\amd64_microsoft.windows.common-controls_6595b64144ccf1df_6.0.22621.3235_none_270f74e173860f98;D:\Code\Android\AndroidStduio\studio\jbr\bin\server

VM Arguments:
java_command: git4idea.http.GitAskPassApp Username for 'https://github.com': 
java_class_path (initial): D:/Code/Android/AndroidStduio/studio/plugins/vcs-git/lib/git4idea-rt.jar;D:/Code/Android/AndroidStduio/studio/lib/externalProcess-rt.jar;D:/Code/Android/AndroidStduio/studio/lib/app.jar;D:/Code/Android/AndroidStduio/studio/lib/3rd-party-rt.jar
Launcher Type: SUN_STANDARD

[Global flags]
     intx CICompilerCount                          = 12                                        {product} {ergonomic}
     uint ConcGCThreads                            = 3                                         {product} {ergonomic}
     uint G1ConcRefinementThreads                  = 13                                        {product} {ergonomic}
   size_t G1HeapRegionSize                         = 2097152                                   {product} {ergonomic}
    uintx GCDrainStackTargetSize                   = 64                                        {product} {ergonomic}
   size_t InitialHeapSize                          = 255852544                                 {product} {ergonomic}
   size_t MarkStackSize                            = 4194304                                   {product} {ergonomic}
   size_t MaxHeapSize                              = 4087349248                                {product} {ergonomic}
   size_t MinHeapDeltaBytes                        = 2097152                                   {product} {ergonomic}
   size_t MinHeapSize                              = 8388608                                   {product} {ergonomic}
    uintx NonNMethodCodeHeapSize                   = 7602480                                {pd product} {ergonomic}
    uintx NonProfiledCodeHeapSize                  = 122027880                              {pd product} {ergonomic}
    uintx ProfiledCodeHeapSize                     = 122027880                              {pd product} {ergonomic}
    uintx ReservedCodeCacheSize                    = 251658240                              {pd product} {ergonomic}
     bool SegmentedCodeCache                       = true                                      {product} {ergonomic}
   size_t SoftMaxHeapSize                          = 4087349248                             {manageable} {ergonomic}
     bool UseCompressedClassPointers               = true                           {product lp64_product} {ergonomic}
     bool UseCompressedOops                        = true                           {product lp64_product} {ergonomic}
     bool UseG1GC                                  = true                                      {product} {ergonomic}
     bool UseLargePagesIndividualAllocation        = false                                  {pd product} {ergonomic}

Logging:
Log output configuration:
 #0: stdout all=warning uptime,level,tags
 #1: stderr all=off uptime,level,tags

Environment Variables:
JAVA_HOME=D:\Code\Java\Language\jdk-21.0.1
PATH=D:\Tools\Git\mingw64\libexec\git-core;D:\Tools\Git\mingw64\libexec\git-core;D:\Tools\Git\mingw64\bin;D:\Tools\Git\usr\bin;C:\Users\LYJ\bin;D:\Code\Python\Language\3.8\Scripts;D:\Code\Python\Language\3.8;D:\Code\Python\Language\Scripts;D:\Code\Python\Language\3.12;C:\Windows\system32;C:\Windows;C:\Windows\System32\Wbem;C:\Windows\System32\WindowsPowerShell\v1.0;C:\Windows\System32\OpenSSH;C:\Program Files (x86)\NVIDIA Corporation\PhysX\Common;C:\Program Files\NVIDIA Corporation\NVIDIA NvDLISR;D:\Windows Kits\10\Windows Performance Toolkit;D:\Tools\Git\cmd;D:\Tools\Node.js;D:\Code\MySql\Language\Server\bin;C:\Users\LYJ\AppData\Local\Microsoft\WindowsApps;D:\Code\Python\Pycharm\PyCharm 2023.2.4\bin;D:\Code\Java\Language\jdk-21.0.1\bin;D:\Code\Java\IDEA\IntelliJ IDEA 2023.2.5\bin;D:\Code\Android\gradle\gradle-8.0.1\bin;C:\Users\LYJ\AppData\Roaming\npm
USERNAME=LYJ
DISPLAY=:0.0
LC_ALL=en_US.UTF-8
TERM=xterm-256color
TMPDIR=C:\Users\LYJ\AppData\Local\Temp
OS=Windows_NT
PROCESSOR_IDENTIFIER=AMD64 Family 25 Model 116 Stepping 1, AuthenticAMD
TMP=C:\Users\LYJ\AppData\Local\Temp
TEMP=C:\Users\LYJ\AppData\Local\Temp


JNI global refs:

[error occurred during error reporting (JNI global references), id 0xc0000005, EXCEPTION_ACCESS_VIOLATION (0xc0000005) at pc=0x00007fff8d3b7a10]


---------------  S Y S T E M  ---------------

OS:
 Windows 11 , 64 bit Build 22621 (10.0.22621.3235)
OS uptime: 3 days 2:06 hours

CPU: total 16 (initial active 16) (16 cores per cpu, 2 threads per core) family 25 model 116 stepping 1 microcode 0x0, cx8, cmov, fxsr, ht, mmx, 3dnowpref, sse, sse2, sse3, ssse3, sse4a, sse4.1, sse4.2, popcnt, lzcnt, tsc, tscinvbit, avx, avx2, aes, erms, clmul, bmi1, bmi2, adx, avx512f, avx512dq, avx512cd, avx512bw, avx512vl, sha, fma, vzeroupper, avx512_vpopcntdq, avx512_vpclmulqdq, avx512_vaes, avx512_vnni, clflush, clflushopt, avx512_vbmi2, avx512_vbmi

Memory: 4k page, system-wide physical 15587M (1249M free)
TotalPageFile size 24119M (AvailPageFile size 201M)
current process WorkingSet (physical memory assigned to process): 11M, peak: 11M
current process commit charge ("private bytes"): 70M, peak: 314M

vm_info: OpenJDK 64-Bit Server VM (17.0.6+0-b2043.56-10027231) for windows-amd64 JRE (17.0.6+0-b2043.56-10027231), built on Apr 28 2023 00:43:19 by "androidbuild" with MS VC++ 16.10 / 16.11 (VS2019)

END.
