#
# There is insufficient memory for the Java Runtime Environment to continue.
# Native memory allocation (malloc) failed to allocate 1191296 bytes for Chunk::new
# Possible reasons:
#   The system is out of physical RAM or swap space
#   The process is running with CompressedOops enabled, and the Java Heap may be blocking the growth of the native heap
# Possible solutions:
#   Reduce memory load on the system
#   Increase physical memory or swap space
#   Check if swap backing store is full
#   Decrease Java heap size (-Xmx/-Xms)
#   Decrease number of Java threads
#   Decrease Java thread stack sizes (-Xss)
#   Set larger code cache with -XX:ReservedCodeCacheSize=
#   JVM is running with Zero Based Compressed Oops mode in which the Java heap is
#     placed in the first 32GB address space. The Java Heap base address is the
#     maximum limit for the native heap growth. Please use -XX:HeapBaseMinAddress
#     to set the Java Heap base and to place the Java Heap above 32GB virtual address.
# This output file may be truncated or incomplete.
#
#  Out of Memory Error (arena.cpp:189), pid=12964, tid=8468
#
# JRE version: OpenJDK Runtime Environment (17.0.6) (build 17.0.6+0-b2043.56-10027231)
# Java VM: OpenJDK 64-Bit Server VM (17.0.6+0-b2043.56-10027231, mixed mode, tiered, compressed oops, compressed class ptrs, g1 gc, windows-amd64)
# No core dump will be written. Minidumps are not enabled by default on client versions of Windows
#

---------------  S U M M A R Y ------------

Command Line: org.jetbrains.kotlin.cli.jvm.K2JVMCompiler @D:\Code\Android\Project\InkStoneDemo1\app\build\20240319_15663645914957576328.compiler.options

Host: AMD Ryzen 9 7940H w/ Radeon 780M Graphics     , 16 cores, 15G,  Windows 11 , 64 bit Build 22621 (10.0.22621.3235)
Time: Tue Mar 19 19:43:24 2024  Windows 11 , 64 bit Build 22621 (10.0.22621.3235) elapsed time: 10.817838 seconds (0d 0h 0m 10s)

---------------  T H R E A D  ---------------

Current thread (0x000001d67fbe40d0):  JavaThread "C2 CompilerThread0" daemon [_thread_in_native, id=8468, stack(0x0000006890500000,0x0000006890600000)]


Current CompileTask:
C2:  10817 23523       4       org.jetbrains.kotlin.backend.jvm.codegen.PromisedValue::materializeAt (408 bytes)

Stack: [0x0000006890500000,0x0000006890600000]
Native frames: (J=compiled Java code, j=interpreted, Vv=VM code, C=native code)
V  [jvm.dll+0x683c9a]
V  [jvm.dll+0x8427a4]
V  [jvm.dll+0x843f9e]
V  [jvm.dll+0x844603]
V  [jvm.dll+0x249b75]
V  [jvm.dll+0xabcac]
V  [jvm.dll+0xac27c]
V  [jvm.dll+0x2b0eef]
V  [jvm.dll+0x58a267]
V  [jvm.dll+0x2243b2]
V  [jvm.dll+0x22478f]
V  [jvm.dll+0x21e055]
V  [jvm.dll+0x21b51b]
V  [jvm.dll+0x1a4fdd]
V  [jvm.dll+0x22b098]
V  [jvm.dll+0x229159]
V  [jvm.dll+0x7f81ec]
V  [jvm.dll+0x7f274a]
V  [jvm.dll+0x682ad5]
C  [ucrtbase.dll+0x29363]
C  [KERNEL32.DLL+0x1257d]
C  [ntdll.dll+0x5aa58]


---------------  P R O C E S S  ---------------

Threads class SMR info:
_java_thread_list=0x000001d612fef260, length=22, elements={
0x000001d671d3ffd0, 0x000001d67fb8e260, 0x000001d67fb8eb20, 0x000001d67fb9f960,
0x000001d67fba0220, 0x000001d67fbe0810, 0x000001d67fbe10d0, 0x000001d67fbe40d0,
0x000001d67fbe49d0, 0x000001d67fbe5ae0, 0x000001d67fd3a140, 0x000001d67fd7a4c0,
0x000001d67fd794e0, 0x000001d67fde9c90, 0x000001d611ac0920, 0x000001d61198ea20,
0x000001d611ea4310, 0x000001d615670150, 0x000001d612dfd140, 0x000001d6166952a0,
0x000001d616693950, 0x000001d6166957b0
}

Java Threads: ( => current thread )
  0x000001d671d3ffd0 JavaThread "main" [_thread_in_Java, id=5924, stack(0x000000688f800000,0x000000688f900000)]
  0x000001d67fb8e260 JavaThread "Reference Handler" daemon [_thread_blocked, id=21712, stack(0x000000688ff00000,0x0000006890000000)]
  0x000001d67fb8eb20 JavaThread "Finalizer" daemon [_thread_blocked, id=14900, stack(0x0000006890000000,0x0000006890100000)]
  0x000001d67fb9f960 JavaThread "Signal Dispatcher" daemon [_thread_blocked, id=13220, stack(0x0000006890100000,0x0000006890200000)]
  0x000001d67fba0220 JavaThread "Attach Listener" daemon [_thread_blocked, id=3848, stack(0x0000006890200000,0x0000006890300000)]
  0x000001d67fbe0810 JavaThread "Service Thread" daemon [_thread_blocked, id=18220, stack(0x0000006890300000,0x0000006890400000)]
  0x000001d67fbe10d0 JavaThread "Monitor Deflation Thread" daemon [_thread_blocked, id=21772, stack(0x0000006890400000,0x0000006890500000)]
=>0x000001d67fbe40d0 JavaThread "C2 CompilerThread0" daemon [_thread_in_native, id=8468, stack(0x0000006890500000,0x0000006890600000)]
  0x000001d67fbe49d0 JavaThread "C1 CompilerThread0" daemon [_thread_blocked, id=14708, stack(0x0000006890600000,0x0000006890700000)]
  0x000001d67fbe5ae0 JavaThread "Sweeper thread" daemon [_thread_blocked, id=15452, stack(0x0000006890700000,0x0000006890800000)]
  0x000001d67fd3a140 JavaThread "C1 CompilerThread1" daemon [_thread_in_native, id=4192, stack(0x0000006890800000,0x0000006890900000)]
  0x000001d67fd7a4c0 JavaThread "Notification Thread" daemon [_thread_blocked, id=4992, stack(0x0000006890900000,0x0000006890a00000)]
  0x000001d67fd794e0 JavaThread "Common-Cleaner" daemon [_thread_blocked, id=21488, stack(0x0000006890b00000,0x0000006890c00000)]
  0x000001d67fde9c90 JavaThread "C2 CompilerThread1" daemon [_thread_in_native, id=20444, stack(0x0000006890c00000,0x0000006890d00000)]
  0x000001d611ac0920 JavaThread "C1 CompilerThread2" daemon [_thread_blocked, id=15216, stack(0x0000006890d00000,0x0000006890e00000)]
  0x000001d61198ea20 JavaThread "C1 CompilerThread3" daemon [_thread_blocked, id=3152, stack(0x0000006890e00000,0x0000006890f00000)]
  0x000001d611ea4310 JavaThread "C2 CompilerThread2" daemon [_thread_in_native, id=7572, stack(0x0000006891300000,0x0000006891400000)]
  0x000001d615670150 JavaThread "C2 CompilerThread3" daemon [_thread_in_native, id=5744, stack(0x0000006891b00000,0x0000006891c00000)]
  0x000001d612dfd140 JavaThread "C2 CompilerThread4" daemon [_thread_in_native, id=13316, stack(0x0000006891f00000,0x0000006892000000)]
  0x000001d6166952a0 JavaThread "C2 CompilerThread5" daemon [_thread_blocked, id=8628, stack(0x0000006892000000,0x0000006892100000)]
  0x000001d616693950 JavaThread "C2 CompilerThread6" daemon [_thread_in_native, id=14536, stack(0x0000006892100000,0x0000006892200000)]
  0x000001d6166957b0 JavaThread "C2 CompilerThread7" daemon [_thread_in_native, id=19192, stack(0x0000006892200000,0x0000006892300000)]

Other Threads:
  0x000001d67fb6a010 VMThread "VM Thread" [stack: 0x000000688fe00000,0x000000688ff00000] [id=21644]
  0x000001d67fd7a990 WatcherThread [stack: 0x0000006890a00000,0x0000006890b00000] [id=2912]
  0x000001d671dabea0 GCTaskThread "GC Thread#0" [stack: 0x000000688f900000,0x000000688fa00000] [id=18004]
  0x000001d611b631d0 GCTaskThread "GC Thread#1" [stack: 0x0000006890f00000,0x0000006891000000] [id=5880]
  0x000001d611b639b0 GCTaskThread "GC Thread#2" [stack: 0x0000006891000000,0x0000006891100000] [id=15780]
  0x000001d611b63c60 GCTaskThread "GC Thread#3" [stack: 0x0000006891100000,0x0000006891200000] [id=19748]
  0x000001d611b64120 GCTaskThread "GC Thread#4" [stack: 0x0000006891200000,0x0000006891300000] [id=11524]
  0x000001d612813f30 GCTaskThread "GC Thread#5" [stack: 0x0000006891400000,0x0000006891500000] [id=17972]
  0x000001d6128131c0 GCTaskThread "GC Thread#6" [stack: 0x0000006891500000,0x0000006891600000] [id=20312]
  0x000001d6128141e0 GCTaskThread "GC Thread#7" [stack: 0x0000006891600000,0x0000006891700000] [id=22520]
  0x000001d612814490 GCTaskThread "GC Thread#8" [stack: 0x0000006891700000,0x0000006891800000] [id=13600]
  0x000001d6128129b0 GCTaskThread "GC Thread#9" [stack: 0x0000006891800000,0x0000006891900000] [id=14456]
  0x000001d612813720 GCTaskThread "GC Thread#10" [stack: 0x0000006891c00000,0x0000006891d00000] [id=20764]
  0x000001d6128139d0 GCTaskThread "GC Thread#11" [stack: 0x0000006891d00000,0x0000006891e00000] [id=7380]
  0x000001d6134ba8c0 GCTaskThread "GC Thread#12" [stack: 0x0000006891e00000,0x0000006891f00000] [id=7336]
  0x000001d671dbc080 ConcurrentGCThread "G1 Main Marker" [stack: 0x000000688fa00000,0x000000688fb00000] [id=3956]
  0x000001d671dbc9a0 ConcurrentGCThread "G1 Conc#0" [stack: 0x000000688fb00000,0x000000688fc00000] [id=8112]
  0x000001d612813c80 ConcurrentGCThread "G1 Conc#1" [stack: 0x0000006891900000,0x0000006891a00000] [id=2360]
  0x000001d612813470 ConcurrentGCThread "G1 Conc#2" [stack: 0x0000006891a00000,0x0000006891b00000] [id=21788]
  0x000001d671dfecb0 ConcurrentGCThread "G1 Refine#0" [stack: 0x000000688fc00000,0x000000688fd00000] [id=13888]
  0x000001d615db0c60 ConcurrentGCThread "G1 Refine#1" [stack: 0x0000006892300000,0x0000006892400000] [id=12952]
  0x000001d61d3aae70 ConcurrentGCThread "G1 Refine#2" [stack: 0x0000006892400000,0x0000006892500000] [id=23284]
  0x000001d61d3aa2f0 ConcurrentGCThread "G1 Refine#3" [stack: 0x0000006892500000,0x0000006892600000] [id=17600]
  0x000001d61d3a8ed0 ConcurrentGCThread "G1 Refine#4" [stack: 0x0000006892600000,0x0000006892700000] [id=15744]
  0x000001d61d3a9a50 ConcurrentGCThread "G1 Refine#5" [stack: 0x0000006892700000,0x0000006892800000] [id=18204]
  0x000001d67f99d740 ConcurrentGCThread "G1 Service" [stack: 0x000000688fd00000,0x000000688fe00000] [id=15956]

Threads with active compile tasks:
C2 CompilerThread0    10830 23523       4       org.jetbrains.kotlin.backend.jvm.codegen.PromisedValue::materializeAt (408 bytes)
C2 CompilerThread1    10830 23718       4       org.jetbrains.kotlin.backend.jvm.mapping.MethodSignatureMapper::writeParameterType (150 bytes)
C2 CompilerThread2    10830 23704       4       org.jetbrains.kotlin.backend.jvm.mapping.MethodSignatureMapper::mapFunctionName (342 bytes)
C2 CompilerThread3    10830 23720       4       org.jetbrains.kotlin.codegen.optimization.boxing.BoxingInterpreterKt::isBoxing (55 bytes)
C2 CompilerThread4    10830 23770       4       org.jetbrains.org.objectweb.asm.commons.LocalVariablesSorter::remap (118 bytes)
C2 CompilerThread5    10830 23773       4       org.jetbrains.kotlin.com.intellij.psi.impl.source.tree.LazyParseableElement::getLastChildNode (9 bytes)
C2 CompilerThread6    10830 23731       4       org.jetbrains.kotlin.codegen.optimization.temporaryVals.TemporaryVariablesEliminationTransformer::simplifyTrivialInstructions (467 bytes)
C2 CompilerThread7    10830 23204       4       org.jetbrains.org.objectweb.asm.Frame::execute (2318 bytes)

VM state: not at safepoint (normal execution)

VM Mutex/Monitor currently owned by a thread: None

Heap address: 0x000000070c600000, size: 3898 MB, Compressed Oops mode: Zero based, Oop shift amount: 3

CDS archive(s) not mapped
Compressed class space mapped at: 0x0000000800000000-0x0000000840000000, reserved size: 1073741824
Narrow klass base: 0x0000000800000000, Narrow klass shift: 0, Narrow klass range: 0x40000000

GC Precious Log:
 CPUs: 16 total, 16 available
 Memory: 15587M
 Large Page Support: Disabled
 NUMA Support: Disabled
 Compressed Oops: Enabled (Zero based)
 Heap Region Size: 2M
 Heap Min Capacity: 8M
 Heap Initial Capacity: 244M
 Heap Max Capacity: 3898M
 Pre-touch: Disabled
 Parallel Workers: 13
 Concurrent Workers: 3
 Concurrent Refinement Workers: 13
 Periodic GC: Disabled

Heap:
 garbage-first heap   total 475136K, used 205975K [0x000000070c600000, 0x0000000800000000)
  region size 2048K, 39 young (79872K), 3 survivors (6144K)
 Metaspace       used 99517K, committed 99904K, reserved 1138688K
  class space    used 10428K, committed 10624K, reserved 1048576K

Heap Regions: E=young(eden), S=young(survivor), O=old, HS=humongous(starts), HC=humongous(continues), CS=collection set, F=free, OA=open archive, CA=closed archive, TAMS=top-at-mark-start (previous, next)
|   0|0x000000070c600000, 0x000000070c800000, 0x000000070c800000|100%|HS|  |TAMS 0x000000070c800000, 0x000000070c600000| Complete 
|   1|0x000000070c800000, 0x000000070ca00000, 0x000000070ca00000|100%|HC|  |TAMS 0x000000070ca00000, 0x000000070c800000| Complete 
|   2|0x000000070ca00000, 0x000000070cc00000, 0x000000070cc00000|100%| O|  |TAMS 0x000000070cc00000, 0x000000070ca00000| Untracked 
|   3|0x000000070cc00000, 0x000000070ce00000, 0x000000070ce00000|100%|HS|  |TAMS 0x000000070ce00000, 0x000000070cc00000| Complete 
|   4|0x000000070ce00000, 0x000000070d000000, 0x000000070d000000|100%|HC|  |TAMS 0x000000070d000000, 0x000000070ce00000| Complete 
|   5|0x000000070d000000, 0x000000070d200000, 0x000000070d200000|100%| O|  |TAMS 0x000000070d200000, 0x000000070d000000| Untracked 
|   6|0x000000070d200000, 0x000000070d400000, 0x000000070d400000|100%| O|  |TAMS 0x000000070d400000, 0x000000070d200000| Untracked 
|   7|0x000000070d400000, 0x000000070d600000, 0x000000070d600000|100%| O|  |TAMS 0x000000070d600000, 0x000000070d400000| Untracked 
|   8|0x000000070d600000, 0x000000070d800000, 0x000000070d800000|100%|HS|  |TAMS 0x000000070d800000, 0x000000070d600000| Complete 
|   9|0x000000070d800000, 0x000000070da00000, 0x000000070da00000|100%| O|  |TAMS 0x000000070da00000, 0x000000070d800000| Untracked 
|  10|0x000000070da00000, 0x000000070dc00000, 0x000000070dc00000|100%| O|  |TAMS 0x000000070dc00000, 0x000000070da00000| Untracked 
|  11|0x000000070dc00000, 0x000000070de00000, 0x000000070de00000|100%| O|  |TAMS 0x000000070de00000, 0x000000070dc00000| Untracked 
|  12|0x000000070de00000, 0x000000070e000000, 0x000000070e000000|100%| O|  |TAMS 0x000000070e000000, 0x000000070de00000| Untracked 
|  13|0x000000070e000000, 0x000000070e200000, 0x000000070e200000|100%| O|  |TAMS 0x000000070e200000, 0x000000070e000000| Untracked 
|  14|0x000000070e200000, 0x000000070e400000, 0x000000070e400000|100%| O|  |TAMS 0x000000070e400000, 0x000000070e200000| Untracked 
|  15|0x000000070e400000, 0x000000070e600000, 0x000000070e600000|100%| O|  |TAMS 0x000000070e600000, 0x000000070e400000| Untracked 
|  16|0x000000070e600000, 0x000000070e800000, 0x000000070e800000|100%| O|  |TAMS 0x000000070e800000, 0x000000070e600000| Untracked 
|  17|0x000000070e800000, 0x000000070ea00000, 0x000000070ea00000|100%| O|  |TAMS 0x000000070ea00000, 0x000000070e800000| Untracked 
|  18|0x000000070ea00000, 0x000000070ec00000, 0x000000070ec00000|100%| O|  |TAMS 0x000000070ec00000, 0x000000070ea00000| Untracked 
|  19|0x000000070ec00000, 0x000000070ee00000, 0x000000070ee00000|100%| O|  |TAMS 0x000000070ee00000, 0x000000070ec00000| Untracked 
|  20|0x000000070ee00000, 0x000000070f000000, 0x000000070f000000|100%| O|  |TAMS 0x000000070f000000, 0x000000070ee00000| Untracked 
|  21|0x000000070f000000, 0x000000070f200000, 0x000000070f200000|100%| O|  |TAMS 0x000000070f200000, 0x000000070f000000| Untracked 
|  22|0x000000070f200000, 0x000000070f400000, 0x000000070f400000|100%| O|  |TAMS 0x000000070f400000, 0x000000070f200000| Untracked 
|  23|0x000000070f400000, 0x000000070f600000, 0x000000070f600000|100%| O|  |TAMS 0x000000070f600000, 0x000000070f400000| Untracked 
|  24|0x000000070f600000, 0x000000070f800000, 0x000000070f800000|100%| O|  |TAMS 0x000000070f800000, 0x000000070f600000| Untracked 
|  25|0x000000070f800000, 0x000000070fa00000, 0x000000070fa00000|100%| O|  |TAMS 0x000000070fa00000, 0x000000070f800000| Untracked 
|  26|0x000000070fa00000, 0x000000070fc00000, 0x000000070fc00000|100%| O|  |TAMS 0x000000070fc00000, 0x000000070fa00000| Untracked 
|  27|0x000000070fc00000, 0x000000070fe00000, 0x000000070fe00000|100%| O|  |TAMS 0x000000070fe00000, 0x000000070fc00000| Untracked 
|  28|0x000000070fe00000, 0x0000000710000000, 0x0000000710000000|100%| O|  |TAMS 0x0000000710000000, 0x000000070fe00000| Untracked 
|  29|0x0000000710000000, 0x0000000710200000, 0x0000000710200000|100%| O|  |TAMS 0x0000000710200000, 0x0000000710000000| Untracked 
|  30|0x0000000710200000, 0x0000000710400000, 0x0000000710400000|100%| O|  |TAMS 0x0000000710400000, 0x0000000710200000| Untracked 
|  31|0x0000000710400000, 0x0000000710600000, 0x0000000710600000|100%| O|  |TAMS 0x0000000710600000, 0x0000000710400000| Untracked 
|  32|0x0000000710600000, 0x0000000710800000, 0x0000000710800000|100%| O|  |TAMS 0x0000000710800000, 0x0000000710600000| Untracked 
|  33|0x0000000710800000, 0x0000000710a00000, 0x0000000710a00000|100%| O|  |TAMS 0x0000000710a00000, 0x0000000710800000| Untracked 
|  34|0x0000000710a00000, 0x0000000710c00000, 0x0000000710c00000|100%| O|  |TAMS 0x0000000710a00000, 0x0000000710a00000| Untracked 
|  35|0x0000000710c00000, 0x0000000710e00000, 0x0000000710e00000|100%| O|  |TAMS 0x0000000710e00000, 0x0000000710c00000| Untracked 
|  36|0x0000000710e00000, 0x0000000711000000, 0x0000000711000000|100%| O|  |TAMS 0x0000000711000000, 0x0000000710e00000| Untracked 
|  37|0x0000000711000000, 0x0000000711200000, 0x0000000711200000|100%| O|  |TAMS 0x0000000711200000, 0x0000000711000000| Untracked 
|  38|0x0000000711200000, 0x0000000711400000, 0x0000000711400000|100%| O|  |TAMS 0x0000000711400000, 0x0000000711200000| Untracked 
|  39|0x0000000711400000, 0x0000000711600000, 0x0000000711600000|100%| O|  |TAMS 0x0000000711600000, 0x0000000711400000| Untracked 
|  40|0x0000000711600000, 0x0000000711800000, 0x0000000711800000|100%| O|  |TAMS 0x0000000711800000, 0x0000000711600000| Untracked 
|  41|0x0000000711800000, 0x0000000711a00000, 0x0000000711a00000|100%| O|  |TAMS 0x0000000711a00000, 0x0000000711800000| Untracked 
|  42|0x0000000711a00000, 0x0000000711c00000, 0x0000000711c00000|100%| O|  |TAMS 0x0000000711a00000, 0x0000000711a00000| Untracked 
|  43|0x0000000711c00000, 0x0000000711c00000, 0x0000000711e00000|  0%| F|  |TAMS 0x0000000711c00000, 0x0000000711c00000| Untracked 
|  44|0x0000000711e00000, 0x0000000712000000, 0x0000000712000000|100%| O|  |TAMS 0x0000000712000000, 0x0000000711e00000| Untracked 
|  45|0x0000000712000000, 0x0000000712200000, 0x0000000712200000|100%| O|  |TAMS 0x0000000712200000, 0x0000000712000000| Untracked 
|  46|0x0000000712200000, 0x0000000712400000, 0x0000000712400000|100%| O|  |TAMS 0x0000000712400000, 0x0000000712200000| Untracked 
|  47|0x0000000712400000, 0x0000000712600000, 0x0000000712600000|100%| O|  |TAMS 0x0000000712600000, 0x0000000712400000| Untracked 
|  48|0x0000000712600000, 0x0000000712800000, 0x0000000712800000|100%| O|  |TAMS 0x0000000712800000, 0x0000000712600000| Untracked 
|  49|0x0000000712800000, 0x0000000712a00000, 0x0000000712a00000|100%| O|  |TAMS 0x0000000712a00000, 0x0000000712800000| Untracked 
|  50|0x0000000712a00000, 0x0000000712c00000, 0x0000000712c00000|100%| O|  |TAMS 0x0000000712c00000, 0x0000000712a00000| Untracked 
|  51|0x0000000712c00000, 0x0000000712e00000, 0x0000000712e00000|100%| O|  |TAMS 0x0000000712e00000, 0x0000000712c00000| Untracked 
|  52|0x0000000712e00000, 0x0000000713000000, 0x0000000713000000|100%| O|  |TAMS 0x0000000713000000, 0x0000000712e00000| Untracked 
|  53|0x0000000713000000, 0x0000000713200000, 0x0000000713200000|100%| O|  |TAMS 0x0000000713200000, 0x0000000713000000| Untracked 
|  54|0x0000000713200000, 0x0000000713400000, 0x0000000713400000|100%| O|  |TAMS 0x0000000713400000, 0x0000000713200000| Untracked 
|  55|0x0000000713400000, 0x0000000713400000, 0x0000000713600000|  0%| F|  |TAMS 0x0000000713400000, 0x0000000713400000| Untracked 
|  56|0x0000000713600000, 0x0000000713800000, 0x0000000713800000|100%| O|  |TAMS 0x0000000713800000, 0x0000000713600000| Untracked 
|  57|0x0000000713800000, 0x0000000713a00000, 0x0000000713a00000|100%| O|  |TAMS 0x0000000713a00000, 0x0000000713800000| Untracked 
|  58|0x0000000713a00000, 0x0000000713c00000, 0x0000000713c00000|100%| O|  |TAMS 0x0000000713c00000, 0x0000000713a00000| Untracked 
|  59|0x0000000713c00000, 0x0000000713e00000, 0x0000000713e00000|100%| O|  |TAMS 0x0000000713e00000, 0x0000000713c00000| Untracked 
|  60|0x0000000713e00000, 0x0000000714000000, 0x0000000714000000|100%| O|  |TAMS 0x0000000714000000, 0x0000000713e00000| Untracked 
|  61|0x0000000714000000, 0x0000000714200000, 0x0000000714200000|100%| O|  |TAMS 0x0000000714200000, 0x0000000714000000| Untracked 
|  62|0x0000000714200000, 0x0000000714400000, 0x0000000714400000|100%| O|  |TAMS 0x0000000714400000, 0x0000000714200000| Untracked 
|  63|0x0000000714400000, 0x0000000714600000, 0x0000000714600000|100%| O|  |TAMS 0x000000071456ca00, 0x0000000714400000| Untracked 
|  64|0x0000000714600000, 0x0000000714800000, 0x0000000714800000|100%| O|  |TAMS 0x0000000714600000, 0x0000000714600000| Untracked 
|  65|0x0000000714800000, 0x000000071489c000, 0x0000000714a00000| 30%| O|  |TAMS 0x0000000714800000, 0x0000000714800000| Untracked 
|  66|0x0000000714a00000, 0x0000000714a00000, 0x0000000714c00000|  0%| F|  |TAMS 0x0000000714a00000, 0x0000000714a00000| Untracked 
|  67|0x0000000714c00000, 0x0000000714c00000, 0x0000000714e00000|  0%| F|  |TAMS 0x0000000714c00000, 0x0000000714c00000| Untracked 
|  68|0x0000000714e00000, 0x0000000714e00000, 0x0000000715000000|  0%| F|  |TAMS 0x0000000714e00000, 0x0000000714e00000| Untracked 
|  69|0x0000000715000000, 0x0000000715000000, 0x0000000715200000|  0%| F|  |TAMS 0x0000000715000000, 0x0000000715000000| Untracked 
|  70|0x0000000715200000, 0x0000000715200000, 0x0000000715400000|  0%| F|  |TAMS 0x0000000715200000, 0x0000000715200000| Untracked 
|  71|0x0000000715400000, 0x0000000715400000, 0x0000000715600000|  0%| F|  |TAMS 0x0000000715400000, 0x0000000715400000| Untracked 
|  72|0x0000000715600000, 0x0000000715600000, 0x0000000715800000|  0%| F|  |TAMS 0x0000000715600000, 0x0000000715600000| Untracked 
|  73|0x0000000715800000, 0x0000000715800000, 0x0000000715a00000|  0%| F|  |TAMS 0x0000000715800000, 0x0000000715800000| Untracked 
|  74|0x0000000715a00000, 0x0000000715a00000, 0x0000000715c00000|  0%| F|  |TAMS 0x0000000715a00000, 0x0000000715a00000| Untracked 
|  75|0x0000000715c00000, 0x0000000715c00000, 0x0000000715e00000|  0%| F|  |TAMS 0x0000000715c00000, 0x0000000715c00000| Untracked 
|  76|0x0000000715e00000, 0x0000000715e00000, 0x0000000716000000|  0%| F|  |TAMS 0x0000000715e00000, 0x0000000715e00000| Untracked 
|  77|0x0000000716000000, 0x0000000716000000, 0x0000000716200000|  0%| F|  |TAMS 0x0000000716000000, 0x0000000716000000| Untracked 
|  78|0x0000000716200000, 0x0000000716200000, 0x0000000716400000|  0%| F|  |TAMS 0x0000000716200000, 0x0000000716200000| Untracked 
|  79|0x0000000716400000, 0x0000000716400000, 0x0000000716600000|  0%| F|  |TAMS 0x0000000716400000, 0x0000000716400000| Untracked 
|  80|0x0000000716600000, 0x0000000716600000, 0x0000000716800000|  0%| F|  |TAMS 0x0000000716600000, 0x0000000716600000| Untracked 
|  81|0x0000000716800000, 0x0000000716800000, 0x0000000716a00000|  0%| F|  |TAMS 0x0000000716800000, 0x0000000716800000| Untracked 
|  82|0x0000000716a00000, 0x0000000716a89d30, 0x0000000716c00000| 26%| S|CS|TAMS 0x0000000716a00000, 0x0000000716a00000| Complete 
|  83|0x0000000716c00000, 0x0000000716e00000, 0x0000000716e00000|100%| S|CS|TAMS 0x0000000716c00000, 0x0000000716c00000| Complete 
|  84|0x0000000716e00000, 0x0000000717000000, 0x0000000717000000|100%| S|CS|TAMS 0x0000000716e00000, 0x0000000716e00000| Complete 
|  85|0x0000000717000000, 0x0000000717000000, 0x0000000717200000|  0%| F|  |TAMS 0x0000000717000000, 0x0000000717000000| Untracked 
|  86|0x0000000717200000, 0x0000000717200000, 0x0000000717400000|  0%| F|  |TAMS 0x0000000717200000, 0x0000000717200000| Untracked 
|  87|0x0000000717400000, 0x0000000717400000, 0x0000000717600000|  0%| F|  |TAMS 0x0000000717400000, 0x0000000717400000| Untracked 
|  88|0x0000000717600000, 0x0000000717600000, 0x0000000717800000|  0%| F|  |TAMS 0x0000000717600000, 0x0000000717600000| Untracked 
|  89|0x0000000717800000, 0x0000000717800000, 0x0000000717a00000|  0%| F|  |TAMS 0x0000000717800000, 0x0000000717800000| Untracked 
|  90|0x0000000717a00000, 0x0000000717a00000, 0x0000000717c00000|  0%| F|  |TAMS 0x0000000717a00000, 0x0000000717a00000| Untracked 
|  91|0x0000000717c00000, 0x0000000717c00000, 0x0000000717e00000|  0%| F|  |TAMS 0x0000000717c00000, 0x0000000717c00000| Untracked 
|  92|0x0000000717e00000, 0x0000000717e00000, 0x0000000718000000|  0%| F|  |TAMS 0x0000000717e00000, 0x0000000717e00000| Untracked 
|  93|0x0000000718000000, 0x0000000718000000, 0x0000000718200000|  0%| F|  |TAMS 0x0000000718000000, 0x0000000718000000| Untracked 
|  94|0x0000000718200000, 0x0000000718200000, 0x0000000718400000|  0%| F|  |TAMS 0x0000000718200000, 0x0000000718200000| Untracked 
|  95|0x0000000718400000, 0x0000000718400000, 0x0000000718600000|  0%| F|  |TAMS 0x0000000718400000, 0x0000000718400000| Untracked 
|  96|0x0000000718600000, 0x0000000718600000, 0x0000000718800000|  0%| F|  |TAMS 0x0000000718600000, 0x0000000718600000| Untracked 
|  97|0x0000000718800000, 0x0000000718800000, 0x0000000718a00000|  0%| F|  |TAMS 0x0000000718800000, 0x0000000718800000| Untracked 
|  98|0x0000000718a00000, 0x0000000718a00000, 0x0000000718c00000|  0%| F|  |TAMS 0x0000000718a00000, 0x0000000718a00000| Untracked 
|  99|0x0000000718c00000, 0x0000000718c00000, 0x0000000718e00000|  0%| F|  |TAMS 0x0000000718c00000, 0x0000000718c00000| Untracked 
| 100|0x0000000718e00000, 0x0000000718e00000, 0x0000000719000000|  0%| F|  |TAMS 0x0000000718e00000, 0x0000000718e00000| Untracked 
| 101|0x0000000719000000, 0x0000000719000000, 0x0000000719200000|  0%| F|  |TAMS 0x0000000719000000, 0x0000000719000000| Untracked 
| 102|0x0000000719200000, 0x0000000719200000, 0x0000000719400000|  0%| F|  |TAMS 0x0000000719200000, 0x0000000719200000| Untracked 
| 103|0x0000000719400000, 0x0000000719400000, 0x0000000719600000|  0%| F|  |TAMS 0x0000000719400000, 0x0000000719400000| Untracked 
| 104|0x0000000719600000, 0x0000000719600000, 0x0000000719800000|  0%| F|  |TAMS 0x0000000719600000, 0x0000000719600000| Untracked 
| 105|0x0000000719800000, 0x0000000719800000, 0x0000000719a00000|  0%| F|  |TAMS 0x0000000719800000, 0x0000000719800000| Untracked 
| 106|0x0000000719a00000, 0x0000000719a00000, 0x0000000719c00000|  0%| F|  |TAMS 0x0000000719a00000, 0x0000000719a00000| Untracked 
| 107|0x0000000719c00000, 0x0000000719c00000, 0x0000000719e00000|  0%| F|  |TAMS 0x0000000719c00000, 0x0000000719c00000| Untracked 
| 108|0x0000000719e00000, 0x0000000719e00000, 0x000000071a000000|  0%| F|  |TAMS 0x0000000719e00000, 0x0000000719e00000| Untracked 
| 109|0x000000071a000000, 0x000000071a000000, 0x000000071a200000|  0%| F|  |TAMS 0x000000071a000000, 0x000000071a000000| Untracked 
| 110|0x000000071a200000, 0x000000071a200000, 0x000000071a400000|  0%| F|  |TAMS 0x000000071a200000, 0x000000071a200000| Untracked 
| 111|0x000000071a400000, 0x000000071a400000, 0x000000071a600000|  0%| F|  |TAMS 0x000000071a400000, 0x000000071a400000| Untracked 
| 112|0x000000071a600000, 0x000000071a600000, 0x000000071a800000|  0%| F|  |TAMS 0x000000071a600000, 0x000000071a600000| Untracked 
| 113|0x000000071a800000, 0x000000071a800000, 0x000000071aa00000|  0%| F|  |TAMS 0x000000071a800000, 0x000000071a800000| Untracked 
| 114|0x000000071aa00000, 0x000000071aa00000, 0x000000071ac00000|  0%| F|  |TAMS 0x000000071aa00000, 0x000000071aa00000| Untracked 
| 115|0x000000071ac00000, 0x000000071ac00000, 0x000000071ae00000|  0%| F|  |TAMS 0x000000071ac00000, 0x000000071ac00000| Untracked 
| 116|0x000000071ae00000, 0x000000071ae00000, 0x000000071b000000|  0%| F|  |TAMS 0x000000071ae00000, 0x000000071ae00000| Untracked 
| 117|0x000000071b000000, 0x000000071b000000, 0x000000071b200000|  0%| F|  |TAMS 0x000000071b000000, 0x000000071b000000| Untracked 
| 118|0x000000071b200000, 0x000000071b200000, 0x000000071b400000|  0%| F|  |TAMS 0x000000071b200000, 0x000000071b200000| Untracked 
| 119|0x000000071b400000, 0x000000071b400000, 0x000000071b600000|  0%| F|  |TAMS 0x000000071b400000, 0x000000071b400000| Untracked 
| 120|0x000000071b600000, 0x000000071b600000, 0x000000071b800000|  0%| F|  |TAMS 0x000000071b600000, 0x000000071b600000| Untracked 
| 121|0x000000071b800000, 0x000000071b800000, 0x000000071ba00000|  0%| F|  |TAMS 0x000000071b800000, 0x000000071b800000| Untracked 
| 122|0x000000071ba00000, 0x000000071ba00000, 0x000000071bc00000|  0%| F|  |TAMS 0x000000071ba00000, 0x000000071ba00000| Untracked 
| 123|0x000000071bc00000, 0x000000071bc00000, 0x000000071be00000|  0%| F|  |TAMS 0x000000071bc00000, 0x000000071bc00000| Untracked 
| 124|0x000000071be00000, 0x000000071be00000, 0x000000071c000000|  0%| F|  |TAMS 0x000000071be00000, 0x000000071be00000| Untracked 
| 125|0x000000071c000000, 0x000000071c000000, 0x000000071c200000|  0%| F|  |TAMS 0x000000071c000000, 0x000000071c000000| Untracked 
| 126|0x000000071c200000, 0x000000071c200000, 0x000000071c400000|  0%| F|  |TAMS 0x000000071c200000, 0x000000071c200000| Untracked 
| 127|0x000000071c400000, 0x000000071c400000, 0x000000071c600000|  0%| F|  |TAMS 0x000000071c400000, 0x000000071c400000| Untracked 
| 128|0x000000071c600000, 0x000000071c600000, 0x000000071c800000|  0%| F|  |TAMS 0x000000071c600000, 0x000000071c600000| Untracked 
| 129|0x000000071c800000, 0x000000071c800000, 0x000000071ca00000|  0%| F|  |TAMS 0x000000071c800000, 0x000000071c800000| Untracked 
| 130|0x000000071ca00000, 0x000000071ca00000, 0x000000071cc00000|  0%| F|  |TAMS 0x000000071ca00000, 0x000000071ca00000| Untracked 
| 131|0x000000071cc00000, 0x000000071cc00000, 0x000000071ce00000|  0%| F|  |TAMS 0x000000071cc00000, 0x000000071cc00000| Untracked 
| 132|0x000000071ce00000, 0x000000071ce00000, 0x000000071d000000|  0%| F|  |TAMS 0x000000071ce00000, 0x000000071ce00000| Untracked 
| 133|0x000000071d000000, 0x000000071d000000, 0x000000071d200000|  0%| F|  |TAMS 0x000000071d000000, 0x000000071d000000| Untracked 
| 134|0x000000071d200000, 0x000000071d200000, 0x000000071d400000|  0%| F|  |TAMS 0x000000071d200000, 0x000000071d200000| Untracked 
| 135|0x000000071d400000, 0x000000071d400000, 0x000000071d600000|  0%| F|  |TAMS 0x000000071d400000, 0x000000071d400000| Untracked 
| 136|0x000000071d600000, 0x000000071d600000, 0x000000071d800000|  0%| F|  |TAMS 0x000000071d600000, 0x000000071d600000| Untracked 
| 137|0x000000071d800000, 0x000000071d800000, 0x000000071da00000|  0%| F|  |TAMS 0x000000071d800000, 0x000000071d800000| Untracked 
| 138|0x000000071da00000, 0x000000071da00000, 0x000000071dc00000|  0%| F|  |TAMS 0x000000071da00000, 0x000000071da00000| Untracked 
| 139|0x000000071dc00000, 0x000000071dc00000, 0x000000071de00000|  0%| F|  |TAMS 0x000000071dc00000, 0x000000071dc00000| Untracked 
| 140|0x000000071de00000, 0x000000071de00000, 0x000000071e000000|  0%| F|  |TAMS 0x000000071de00000, 0x000000071de00000| Untracked 
| 141|0x000000071e000000, 0x000000071e000000, 0x000000071e200000|  0%| F|  |TAMS 0x000000071e000000, 0x000000071e000000| Untracked 
| 142|0x000000071e200000, 0x000000071e200000, 0x000000071e400000|  0%| F|  |TAMS 0x000000071e200000, 0x000000071e200000| Untracked 
| 143|0x000000071e400000, 0x000000071e400000, 0x000000071e600000|  0%| F|  |TAMS 0x000000071e400000, 0x000000071e400000| Untracked 
| 144|0x000000071e600000, 0x000000071e600000, 0x000000071e800000|  0%| F|  |TAMS 0x000000071e600000, 0x000000071e600000| Untracked 
| 145|0x000000071e800000, 0x000000071e800000, 0x000000071ea00000|  0%| F|  |TAMS 0x000000071e800000, 0x000000071e800000| Untracked 
| 146|0x000000071ea00000, 0x000000071ea00000, 0x000000071ec00000|  0%| F|  |TAMS 0x000000071ea00000, 0x000000071ea00000| Untracked 
| 147|0x000000071ec00000, 0x000000071ec00000, 0x000000071ee00000|  0%| F|  |TAMS 0x000000071ec00000, 0x000000071ec00000| Untracked 
| 148|0x000000071ee00000, 0x000000071ee00000, 0x000000071f000000|  0%| F|  |TAMS 0x000000071ee00000, 0x000000071ee00000| Untracked 
| 149|0x000000071f000000, 0x000000071f000000, 0x000000071f200000|  0%| F|  |TAMS 0x000000071f000000, 0x000000071f000000| Untracked 
| 150|0x000000071f200000, 0x000000071f200000, 0x000000071f400000|  0%| F|  |TAMS 0x000000071f200000, 0x000000071f200000| Untracked 
| 151|0x000000071f400000, 0x000000071f400000, 0x000000071f600000|  0%| F|  |TAMS 0x000000071f400000, 0x000000071f400000| Untracked 
| 152|0x000000071f600000, 0x000000071f600000, 0x000000071f800000|  0%| F|  |TAMS 0x000000071f600000, 0x000000071f600000| Untracked 
| 153|0x000000071f800000, 0x000000071f800000, 0x000000071fa00000|  0%| F|  |TAMS 0x000000071f800000, 0x000000071f800000| Untracked 
| 154|0x000000071fa00000, 0x000000071fa00000, 0x000000071fc00000|  0%| F|  |TAMS 0x000000071fa00000, 0x000000071fa00000| Untracked 
| 155|0x000000071fc00000, 0x000000071fc00000, 0x000000071fe00000|  0%| F|  |TAMS 0x000000071fc00000, 0x000000071fc00000| Untracked 
| 156|0x000000071fe00000, 0x000000071fe00000, 0x0000000720000000|  0%| F|  |TAMS 0x000000071fe00000, 0x000000071fe00000| Untracked 
| 157|0x0000000720000000, 0x0000000720000000, 0x0000000720200000|  0%| F|  |TAMS 0x0000000720000000, 0x0000000720000000| Untracked 
| 158|0x0000000720200000, 0x0000000720200000, 0x0000000720400000|  0%| F|  |TAMS 0x0000000720200000, 0x0000000720200000| Untracked 
| 159|0x0000000720400000, 0x0000000720400000, 0x0000000720600000|  0%| F|  |TAMS 0x0000000720400000, 0x0000000720400000| Untracked 
| 160|0x0000000720600000, 0x0000000720600000, 0x0000000720800000|  0%| F|  |TAMS 0x0000000720600000, 0x0000000720600000| Untracked 
| 161|0x0000000720800000, 0x0000000720800000, 0x0000000720a00000|  0%| F|  |TAMS 0x0000000720800000, 0x0000000720800000| Untracked 
| 162|0x0000000720a00000, 0x0000000720a00000, 0x0000000720c00000|  0%| F|  |TAMS 0x0000000720a00000, 0x0000000720a00000| Untracked 
| 163|0x0000000720c00000, 0x0000000720c00000, 0x0000000720e00000|  0%| F|  |TAMS 0x0000000720c00000, 0x0000000720c00000| Untracked 
| 164|0x0000000720e00000, 0x0000000720e00000, 0x0000000721000000|  0%| F|  |TAMS 0x0000000720e00000, 0x0000000720e00000| Untracked 
| 165|0x0000000721000000, 0x0000000721000000, 0x0000000721200000|  0%| F|  |TAMS 0x0000000721000000, 0x0000000721000000| Untracked 
| 166|0x0000000721200000, 0x0000000721200000, 0x0000000721400000|  0%| F|  |TAMS 0x0000000721200000, 0x0000000721200000| Untracked 
| 167|0x0000000721400000, 0x0000000721400000, 0x0000000721600000|  0%| F|  |TAMS 0x0000000721400000, 0x0000000721400000| Untracked 
| 168|0x0000000721600000, 0x0000000721600000, 0x0000000721800000|  0%| F|  |TAMS 0x0000000721600000, 0x0000000721600000| Untracked 
| 169|0x0000000721800000, 0x0000000721800000, 0x0000000721a00000|  0%| F|  |TAMS 0x0000000721800000, 0x0000000721800000| Untracked 
| 170|0x0000000721a00000, 0x0000000721a00000, 0x0000000721c00000|  0%| F|  |TAMS 0x0000000721a00000, 0x0000000721a00000| Untracked 
| 171|0x0000000721c00000, 0x0000000721c00000, 0x0000000721e00000|  0%| F|  |TAMS 0x0000000721c00000, 0x0000000721c00000| Untracked 
| 172|0x0000000721e00000, 0x0000000721e00000, 0x0000000722000000|  0%| F|  |TAMS 0x0000000721e00000, 0x0000000721e00000| Untracked 
| 173|0x0000000722000000, 0x0000000722000000, 0x0000000722200000|  0%| F|  |TAMS 0x0000000722000000, 0x0000000722000000| Untracked 
| 174|0x0000000722200000, 0x0000000722200000, 0x0000000722400000|  0%| F|  |TAMS 0x0000000722200000, 0x0000000722200000| Untracked 
| 175|0x0000000722400000, 0x0000000722400000, 0x0000000722600000|  0%| F|  |TAMS 0x0000000722400000, 0x0000000722400000| Untracked 
| 176|0x0000000722600000, 0x0000000722600000, 0x0000000722800000|  0%| F|  |TAMS 0x0000000722600000, 0x0000000722600000| Untracked 
| 177|0x0000000722800000, 0x0000000722800000, 0x0000000722a00000|  0%| F|  |TAMS 0x0000000722800000, 0x0000000722800000| Untracked 
| 178|0x0000000722a00000, 0x0000000722a00000, 0x0000000722c00000|  0%| F|  |TAMS 0x0000000722a00000, 0x0000000722a00000| Untracked 
| 179|0x0000000722c00000, 0x0000000722c00000, 0x0000000722e00000|  0%| F|  |TAMS 0x0000000722c00000, 0x0000000722c00000| Untracked 
| 180|0x0000000722e00000, 0x0000000722e00000, 0x0000000723000000|  0%| F|  |TAMS 0x0000000722e00000, 0x0000000722e00000| Untracked 
| 181|0x0000000723000000, 0x0000000723000000, 0x0000000723200000|  0%| F|  |TAMS 0x0000000723000000, 0x0000000723000000| Untracked 
| 182|0x0000000723200000, 0x0000000723200000, 0x0000000723400000|  0%| F|  |TAMS 0x0000000723200000, 0x0000000723200000| Untracked 
| 183|0x0000000723400000, 0x0000000723400000, 0x0000000723600000|  0%| F|  |TAMS 0x0000000723400000, 0x0000000723400000| Untracked 
| 184|0x0000000723600000, 0x0000000723600000, 0x0000000723800000|  0%| F|  |TAMS 0x0000000723600000, 0x0000000723600000| Untracked 
| 185|0x0000000723800000, 0x0000000723800000, 0x0000000723a00000|  0%| F|  |TAMS 0x0000000723800000, 0x0000000723800000| Untracked 
| 186|0x0000000723a00000, 0x0000000723a00000, 0x0000000723c00000|  0%| F|  |TAMS 0x0000000723a00000, 0x0000000723a00000| Untracked 
| 187|0x0000000723c00000, 0x0000000723c00000, 0x0000000723e00000|  0%| F|  |TAMS 0x0000000723c00000, 0x0000000723c00000| Untracked 
| 188|0x0000000723e00000, 0x0000000723e00000, 0x0000000724000000|  0%| F|  |TAMS 0x0000000723e00000, 0x0000000723e00000| Untracked 
| 189|0x0000000724000000, 0x0000000724000000, 0x0000000724200000|  0%| F|  |TAMS 0x0000000724000000, 0x0000000724000000| Untracked 
| 190|0x0000000724200000, 0x0000000724200000, 0x0000000724400000|  0%| F|  |TAMS 0x0000000724200000, 0x0000000724200000| Untracked 
| 191|0x0000000724400000, 0x0000000724400000, 0x0000000724600000|  0%| F|  |TAMS 0x0000000724400000, 0x0000000724400000| Untracked 
| 192|0x0000000724600000, 0x0000000724600000, 0x0000000724800000|  0%| F|  |TAMS 0x0000000724600000, 0x0000000724600000| Untracked 
| 193|0x0000000724800000, 0x0000000724800000, 0x0000000724a00000|  0%| F|  |TAMS 0x0000000724800000, 0x0000000724800000| Untracked 
| 194|0x0000000724a00000, 0x0000000724a00000, 0x0000000724c00000|  0%| F|  |TAMS 0x0000000724a00000, 0x0000000724a00000| Untracked 
| 195|0x0000000724c00000, 0x0000000724c00000, 0x0000000724e00000|  0%| F|  |TAMS 0x0000000724c00000, 0x0000000724c00000| Untracked 
| 196|0x0000000724e00000, 0x0000000725000000, 0x0000000725000000|100%| E|  |TAMS 0x0000000724e00000, 0x0000000724e00000| Complete 
| 197|0x0000000725000000, 0x0000000725200000, 0x0000000725200000|100%| E|CS|TAMS 0x0000000725000000, 0x0000000725000000| Complete 
| 198|0x0000000725200000, 0x0000000725400000, 0x0000000725400000|100%| E|CS|TAMS 0x0000000725200000, 0x0000000725200000| Complete 
| 199|0x0000000725400000, 0x0000000725600000, 0x0000000725600000|100%| E|CS|TAMS 0x0000000725400000, 0x0000000725400000| Complete 
| 200|0x0000000725600000, 0x0000000725800000, 0x0000000725800000|100%| E|CS|TAMS 0x0000000725600000, 0x0000000725600000| Complete 
| 201|0x0000000725800000, 0x0000000725a00000, 0x0000000725a00000|100%| E|CS|TAMS 0x0000000725800000, 0x0000000725800000| Complete 
| 202|0x0000000725a00000, 0x0000000725c00000, 0x0000000725c00000|100%| E|CS|TAMS 0x0000000725a00000, 0x0000000725a00000| Complete 
| 203|0x0000000725c00000, 0x0000000725e00000, 0x0000000725e00000|100%| E|CS|TAMS 0x0000000725c00000, 0x0000000725c00000| Complete 
| 204|0x0000000725e00000, 0x0000000726000000, 0x0000000726000000|100%| E|CS|TAMS 0x0000000725e00000, 0x0000000725e00000| Complete 
| 205|0x0000000726000000, 0x0000000726200000, 0x0000000726200000|100%| E|CS|TAMS 0x0000000726000000, 0x0000000726000000| Complete 
| 206|0x0000000726200000, 0x0000000726400000, 0x0000000726400000|100%| E|CS|TAMS 0x0000000726200000, 0x0000000726200000| Complete 
| 207|0x0000000726400000, 0x0000000726600000, 0x0000000726600000|100%| E|CS|TAMS 0x0000000726400000, 0x0000000726400000| Complete 
| 208|0x0000000726600000, 0x0000000726800000, 0x0000000726800000|100%| E|CS|TAMS 0x0000000726600000, 0x0000000726600000| Complete 
| 209|0x0000000726800000, 0x0000000726a00000, 0x0000000726a00000|100%| E|CS|TAMS 0x0000000726800000, 0x0000000726800000| Complete 
| 210|0x0000000726a00000, 0x0000000726c00000, 0x0000000726c00000|100%| E|CS|TAMS 0x0000000726a00000, 0x0000000726a00000| Complete 
| 211|0x0000000726c00000, 0x0000000726e00000, 0x0000000726e00000|100%| E|CS|TAMS 0x0000000726c00000, 0x0000000726c00000| Complete 
| 212|0x0000000726e00000, 0x0000000727000000, 0x0000000727000000|100%| E|CS|TAMS 0x0000000726e00000, 0x0000000726e00000| Complete 
| 213|0x0000000727000000, 0x0000000727200000, 0x0000000727200000|100%| E|CS|TAMS 0x0000000727000000, 0x0000000727000000| Complete 
| 214|0x0000000727200000, 0x0000000727400000, 0x0000000727400000|100%| E|CS|TAMS 0x0000000727200000, 0x0000000727200000| Complete 
| 215|0x0000000727400000, 0x0000000727600000, 0x0000000727600000|100%| E|CS|TAMS 0x0000000727400000, 0x0000000727400000| Complete 
| 216|0x0000000727600000, 0x0000000727800000, 0x0000000727800000|100%| E|CS|TAMS 0x0000000727600000, 0x0000000727600000| Complete 
| 217|0x0000000727800000, 0x0000000727a00000, 0x0000000727a00000|100%| E|CS|TAMS 0x0000000727800000, 0x0000000727800000| Complete 
| 218|0x0000000727a00000, 0x0000000727c00000, 0x0000000727c00000|100%| E|CS|TAMS 0x0000000727a00000, 0x0000000727a00000| Complete 
| 219|0x0000000727c00000, 0x0000000727e00000, 0x0000000727e00000|100%| E|CS|TAMS 0x0000000727c00000, 0x0000000727c00000| Complete 
| 220|0x0000000727e00000, 0x0000000728000000, 0x0000000728000000|100%| E|CS|TAMS 0x0000000727e00000, 0x0000000727e00000| Complete 
| 221|0x0000000728000000, 0x0000000728200000, 0x0000000728200000|100%| E|CS|TAMS 0x0000000728000000, 0x0000000728000000| Complete 
| 222|0x0000000728200000, 0x0000000728400000, 0x0000000728400000|100%| E|CS|TAMS 0x0000000728200000, 0x0000000728200000| Complete 
| 223|0x0000000728400000, 0x0000000728600000, 0x0000000728600000|100%| E|CS|TAMS 0x0000000728400000, 0x0000000728400000| Complete 
| 224|0x0000000728600000, 0x0000000728800000, 0x0000000728800000|100%| E|CS|TAMS 0x0000000728600000, 0x0000000728600000| Complete 
| 225|0x0000000728800000, 0x0000000728a00000, 0x0000000728a00000|100%| E|CS|TAMS 0x0000000728800000, 0x0000000728800000| Complete 
| 226|0x0000000728a00000, 0x0000000728c00000, 0x0000000728c00000|100%| E|CS|TAMS 0x0000000728a00000, 0x0000000728a00000| Complete 
| 227|0x0000000728c00000, 0x0000000728e00000, 0x0000000728e00000|100%| E|CS|TAMS 0x0000000728c00000, 0x0000000728c00000| Complete 
| 228|0x0000000728e00000, 0x0000000729000000, 0x0000000729000000|100%| E|CS|TAMS 0x0000000728e00000, 0x0000000728e00000| Complete 
| 229|0x0000000729000000, 0x0000000729200000, 0x0000000729200000|100%| E|CS|TAMS 0x0000000729000000, 0x0000000729000000| Complete 
| 230|0x0000000729200000, 0x0000000729400000, 0x0000000729400000|100%| E|CS|TAMS 0x0000000729200000, 0x0000000729200000| Complete 
| 231|0x0000000729400000, 0x0000000729600000, 0x0000000729600000|100%| E|CS|TAMS 0x0000000729400000, 0x0000000729400000| Complete 

Card table byte_map: [0x000001d676220000,0x000001d6769c0000] _byte_map_base: 0x000001d6729bd000

Marking Bits (Prev, Next): (CMBitMap*) 0x000001d671dac3c0, (CMBitMap*) 0x000001d671dac400
 Prev Bits: [0x000001d677160000, 0x000001d67ae48000)
 Next Bits: [0x000001d67ae50000, 0x000001d67eb38000)

Polling page: 0x000001d66fb30000

Metaspace:

Usage:
  Non-class:     87.01 MB used.
      Class:     10.18 MB used.
       Both:     97.19 MB used.

Virtual space:
  Non-class space:       88.00 MB reserved,      87.19 MB (>99%) committed,  11 nodes.
      Class space:        1.00 GB reserved,      10.38 MB (  1%) committed,  1 nodes.
             Both:        1.09 GB reserved,      97.56 MB (  9%) committed. 

Chunk freelists:
   Non-Class:  144.00 KB
       Class:  1.67 MB
        Both:  1.81 MB

MaxMetaspaceSize: unlimited
CompressedClassSpaceSize: 1.00 GB
Initial GC threshold: 21.00 MB
Current GC threshold: 152.44 MB
CDS: off
MetaspaceReclaimPolicy: balanced
 - commit_granule_bytes: 65536.
 - commit_granule_words: 8192.
 - virtual_space_node_default_size: 1048576.
 - enlarge_chunks_in_place: 1.
 - new_chunks_are_fully_committed: 0.
 - uncommit_free_chunks: 1.
 - use_allocation_guard: 0.
 - handle_deallocations: 1.


Internal statistics:

num_allocs_failed_limit: 9.
num_arena_births: 508.
num_arena_deaths: 0.
num_vsnodes_births: 12.
num_vsnodes_deaths: 0.
num_space_committed: 1559.
num_space_uncommitted: 0.
num_chunks_returned_to_freelist: 9.
num_chunks_taken_from_freelist: 3817.
num_chunk_merges: 9.
num_chunk_splits: 3040.
num_chunks_enlarged: 2612.
num_purges: 0.
num_inconsistent_stats: 0.

CodeHeap 'non-profiled nmethods': size=119168Kb used=13262Kb max_used=13350Kb free=105905Kb
 bounds [0x000001d607ba0000, 0x000001d6088b0000, 0x000001d60f000000]
CodeHeap 'profiled nmethods': size=119104Kb used=62720Kb max_used=63220Kb free=56383Kb
 bounds [0x000001d600000000, 0x000001d603de0000, 0x000001d607450000]
CodeHeap 'non-nmethods': size=7488Kb used=3146Kb max_used=3252Kb free=4341Kb
 bounds [0x000001d607450000, 0x000001d607790000, 0x000001d607ba0000]
 total_blobs=20117 nmethods=19341 adapters=680
 compilation: enabled
              stopped_count=0, restarted_count=0
 full_count=0

Compilation events (20 events):
Event: 10.812 Thread 0x000001d6166952a0 23702       4       org.jetbrains.kotlin.codegen.signature.JvmSignatureWriter::writeParameterTypeEnd (57 bytes)
Event: 10.812 Thread 0x000001d61198ea20 23755       1       org.jetbrains.kotlin.backend.jvm.codegen.BlockInfo::getInfos (5 bytes)
Event: 10.812 Thread 0x000001d67fbe49d0 23756       3       org.jetbrains.kotlin.codegen.inline.MethodId::hashCode (23 bytes)
Event: 10.812 Thread 0x000001d61198ea20 nmethod 23755 0x000001d60869db90 code [0x000001d60869dd20, 0x000001d60869ddf8]
Event: 10.813 Thread 0x000001d67fbe49d0 nmethod 23756 0x000001d6004c6910 code [0x000001d6004c6ae0, 0x000001d6004c6d68]
Event: 10.814 Thread 0x000001d61198ea20 23758       3       org.jetbrains.kotlin.codegen.optimization.nullCheck.NullabilityValuesKt::getNullability (51 bytes)
Event: 10.814 Thread 0x000001d67fbe49d0 23759       3       org.jetbrains.kotlin.codegen.optimization.ConstantConditionEliminationMethodTransformer$ConstantPropagationInterpreter::merge (16 bytes)
Event: 10.814 Thread 0x000001d67fbe49d0 nmethod 23759 0x000001d600d6a390 code [0x000001d600d6a540, 0x000001d600d6a868]
Event: 10.814 Thread 0x000001d61198ea20 nmethod 23758 0x000001d602584190 code [0x000001d6025843e0, 0x000001d602584dd8]
Event: 10.814 Thread 0x000001d61198ea20 23760       3       org.jetbrains.kotlin.codegen.optimization.common.OptimizationBasicInterpreter::merge (203 bytes)
Event: 10.815 Thread 0x000001d61198ea20 nmethod 23760 0x000001d600e11b90 code [0x000001d600e11e60, 0x000001d600e12cf8]
Event: 10.815 Thread 0x000001d611ac0920 23761       3       org.jetbrains.org.objectweb.asm.Frame::merge (320 bytes)
Event: 10.816 Thread 0x000001d61198ea20 23762       1       org.jetbrains.kotlin.metadata.deserialization.BinaryVersion::toArray (5 bytes)
Event: 10.816 Thread 0x000001d67fd3a140 23763       1       org.jetbrains.kotlin.load.kotlin.header.KotlinClassHeader$Kind::getId (5 bytes)
Event: 10.816 Thread 0x000001d61198ea20 nmethod 23762 0x000001d607eb9d90 code [0x000001d607eb9f20, 0x000001d607eb9ff8]
Event: 10.816 Thread 0x000001d67fd3a140 nmethod 23763 0x000001d607eb9a10 code [0x000001d607eb9ba0, 0x000001d607eb9c78]
Event: 10.816 Thread 0x000001d611ac0920 nmethod 23761 0x000001d601061290 code [0x000001d6010614c0, 0x000001d601061e48]
Event: 10.816 Thread 0x000001d67fd3a140 23764       3       org.jetbrains.kotlin.codegen.DelegatingClassBuilder::done (11 bytes)
Event: 10.816 Thread 0x000001d67fd3a140 nmethod 23764 0x000001d6007d4e10 code [0x000001d6007d4fc0, 0x000001d6007d5258]
Event: 10.816 Thread 0x000001d61198ea20 23765       3       org.jetbrains.kotlin.backend.jvm.codegen.PromisedValueKt$nullConstant$1::materializeAt (21 bytes)

GC Heap History (20 events):
Event: 7.594 GC heap before
{Heap before GC invocations=30 (full 0):
 garbage-first heap   total 172032K, used 137930K [0x000000070c600000, 0x0000000800000000)
  region size 2048K, 24 young (49152K), 3 survivors (6144K)
 Metaspace       used 79818K, committed 80192K, reserved 1122304K
  class space    used 8837K, committed 8960K, reserved 1048576K
}
Event: 7.600 GC heap after
{Heap after GC invocations=31 (full 0):
 garbage-first heap   total 172032K, used 101651K [0x000000070c600000, 0x0000000800000000)
  region size 2048K, 3 young (6144K), 3 survivors (6144K)
 Metaspace       used 79818K, committed 80192K, reserved 1122304K
  class space    used 8837K, committed 8960K, reserved 1048576K
}
Event: 7.860 GC heap before
{Heap before GC invocations=32 (full 0):
 garbage-first heap   total 184320K, used 138515K [0x000000070c600000, 0x0000000800000000)
  region size 2048K, 21 young (43008K), 3 survivors (6144K)
 Metaspace       used 80837K, committed 81216K, reserved 1122304K
  class space    used 8922K, committed 9088K, reserved 1048576K
}
Event: 7.866 GC heap after
{Heap after GC invocations=33 (full 0):
 garbage-first heap   total 184320K, used 108529K [0x000000070c600000, 0x0000000800000000)
  region size 2048K, 3 young (6144K), 3 survivors (6144K)
 Metaspace       used 80837K, committed 81216K, reserved 1122304K
  class space    used 8922K, committed 9088K, reserved 1048576K
}
Event: 7.877 GC heap before
{Heap before GC invocations=33 (full 0):
 garbage-first heap   total 184320K, used 110577K [0x000000070c600000, 0x0000000800000000)
  region size 2048K, 4 young (8192K), 3 survivors (6144K)
 Metaspace       used 80840K, committed 81216K, reserved 1122304K
  class space    used 8922K, committed 9088K, reserved 1048576K
}
Event: 7.884 GC heap after
{Heap after GC invocations=34 (full 0):
 garbage-first heap   total 221184K, used 109714K [0x000000070c600000, 0x0000000800000000)
  region size 2048K, 1 young (2048K), 1 survivors (2048K)
 Metaspace       used 80840K, committed 81216K, reserved 1122304K
  class space    used 8922K, committed 9088K, reserved 1048576K
}
Event: 8.416 GC heap before
{Heap before GC invocations=34 (full 0):
 garbage-first heap   total 221184K, used 175250K [0x000000070c600000, 0x0000000800000000)
  region size 2048K, 33 young (67584K), 1 survivors (2048K)
 Metaspace       used 82943K, committed 83264K, reserved 1130496K
  class space    used 9141K, committed 9280K, reserved 1048576K
}
Event: 8.424 GC heap after
{Heap after GC invocations=35 (full 0):
 garbage-first heap   total 221184K, used 124785K [0x000000070c600000, 0x0000000800000000)
  region size 2048K, 5 young (10240K), 5 survivors (10240K)
 Metaspace       used 82943K, committed 83264K, reserved 1130496K
  class space    used 9141K, committed 9280K, reserved 1048576K
}
Event: 8.925 GC heap before
{Heap before GC invocations=36 (full 0):
 garbage-first heap   total 221184K, used 169841K [0x000000070c600000, 0x0000000800000000)
  region size 2048K, 29 young (59392K), 5 survivors (10240K)
 Metaspace       used 90075K, committed 90432K, reserved 1130496K
  class space    used 9832K, committed 9984K, reserved 1048576K
}
Event: 8.931 GC heap after
{Heap after GC invocations=37 (full 0):
 garbage-first heap   total 221184K, used 128748K [0x000000070c600000, 0x0000000800000000)
  region size 2048K, 3 young (6144K), 3 survivors (6144K)
 Metaspace       used 90075K, committed 90432K, reserved 1130496K
  class space    used 9832K, committed 9984K, reserved 1048576K
}
Event: 8.991 GC heap before
{Heap before GC invocations=37 (full 0):
 garbage-first heap   total 221184K, used 130796K [0x000000070c600000, 0x0000000800000000)
  region size 2048K, 5 young (10240K), 3 survivors (6144K)
 Metaspace       used 90908K, committed 91264K, reserved 1130496K
  class space    used 9900K, committed 10048K, reserved 1048576K
}
Event: 8.995 GC heap after
{Heap after GC invocations=38 (full 0):
 garbage-first heap   total 221184K, used 127494K [0x000000070c600000, 0x0000000800000000)
  region size 2048K, 1 young (2048K), 1 survivors (2048K)
 Metaspace       used 90908K, committed 91264K, reserved 1130496K
  class space    used 9900K, committed 10048K, reserved 1048576K
}
Event: 9.439 GC heap before
{Heap before GC invocations=38 (full 0):
 garbage-first heap   total 221184K, used 174598K [0x000000070c600000, 0x0000000800000000)
  region size 2048K, 24 young (49152K), 1 survivors (2048K)
 Metaspace       used 93247K, committed 93632K, reserved 1138688K
  class space    used 10023K, committed 10176K, reserved 1048576K
}
Event: 9.442 GC heap after
{Heap after GC invocations=39 (full 0):
 garbage-first heap   total 221184K, used 128813K [0x000000070c600000, 0x0000000800000000)
  region size 2048K, 2 young (4096K), 2 survivors (4096K)
 Metaspace       used 93247K, committed 93632K, reserved 1138688K
  class space    used 10023K, committed 10176K, reserved 1048576K
}
Event: 10.009 GC heap before
{Heap before GC invocations=40 (full 0):
 garbage-first heap   total 229376K, used 175917K [0x000000070c600000, 0x0000000800000000)
  region size 2048K, 26 young (53248K), 2 survivors (4096K)
 Metaspace       used 98069K, committed 98432K, reserved 1138688K
  class space    used 10382K, committed 10560K, reserved 1048576K
}
Event: 10.014 GC heap after
{Heap after GC invocations=41 (full 0):
 garbage-first heap   total 229376K, used 131869K [0x000000070c600000, 0x0000000800000000)
  region size 2048K, 3 young (6144K), 3 survivors (6144K)
 Metaspace       used 98069K, committed 98432K, reserved 1138688K
  class space    used 10382K, committed 10560K, reserved 1048576K
}
Event: 10.061 GC heap before
{Heap before GC invocations=41 (full 0):
 garbage-first heap   total 229376K, used 135965K [0x000000070c600000, 0x0000000800000000)
  region size 2048K, 5 young (10240K), 3 survivors (6144K)
 Metaspace       used 98191K, committed 98560K, reserved 1138688K
  class space    used 10383K, committed 10560K, reserved 1048576K
}
Event: 10.066 GC heap after
{Heap after GC invocations=42 (full 0):
 garbage-first heap   total 229376K, used 130538K [0x000000070c600000, 0x0000000800000000)
  region size 2048K, 1 young (2048K), 1 survivors (2048K)
 Metaspace       used 98191K, committed 98560K, reserved 1138688K
  class space    used 10383K, committed 10560K, reserved 1048576K
}
Event: 10.412 GC heap before
{Heap before GC invocations=42 (full 0):
 garbage-first heap   total 229376K, used 183786K [0x000000070c600000, 0x0000000800000000)
  region size 2048K, 27 young (55296K), 1 survivors (2048K)
 Metaspace       used 98975K, committed 99328K, reserved 1138688K
  class space    used 10403K, committed 10560K, reserved 1048576K
}
Event: 10.415 GC heap after
{Heap after GC invocations=43 (full 0):
 garbage-first heap   total 475136K, used 134295K [0x000000070c600000, 0x0000000800000000)
  region size 2048K, 3 young (6144K), 3 survivors (6144K)
 Metaspace       used 98975K, committed 99328K, reserved 1138688K
  class space    used 10403K, committed 10560K, reserved 1048576K
}

Dll operation events (2 events):
Event: 0.004 Loaded shared library D:\Code\Android\AndroidStduio\studio\jbr\bin\java.dll
Event: 0.507 Loaded shared library D:\Code\Android\AndroidStduio\studio\jbr\bin\verify.dll

Deoptimization events (20 events):
Event: 10.786 Thread 0x000001d671d3ffd0 DEOPT PACKING pc=0x000001d60823777c sp=0x000000688f8fdb80
Event: 10.786 Thread 0x000001d671d3ffd0 DEOPT UNPACKING pc=0x000001d6074aa1a3 sp=0x000000688f8fdb20 mode 2
Event: 10.789 Thread 0x000001d671d3ffd0 DEOPT PACKING pc=0x000001d603963c21 sp=0x000000688f8fda50
Event: 10.789 Thread 0x000001d671d3ffd0 DEOPT UNPACKING pc=0x000001d6074aace3 sp=0x000000688f8fcf78 mode 0
Event: 10.814 Thread 0x000001d671d3ffd0 Uncommon trap: trap_request=0xffffff45 fr.pc=0x000001d60852a2f8 relative=0x0000000000000358
Event: 10.814 Thread 0x000001d671d3ffd0 Uncommon trap: reason=unstable_if action=reinterpret pc=0x000001d60852a2f8 method=org.jetbrains.kotlin.codegen.optimization.common.OptimizationBasicInterpreter.merge(Lorg/jetbrains/org/objectweb/asm/tree/analysis/BasicValue;Lorg/jetbrains/org/objectweb/as
Event: 10.814 Thread 0x000001d671d3ffd0 DEOPT PACKING pc=0x000001d60852a2f8 sp=0x000000688f8fa850
Event: 10.814 Thread 0x000001d671d3ffd0 DEOPT UNPACKING pc=0x000001d6074aa1a3 sp=0x000000688f8fa700 mode 2
Event: 10.814 Thread 0x000001d671d3ffd0 Uncommon trap: trap_request=0xffffff45 fr.pc=0x000001d608529788 relative=0x00000000000002e8
Event: 10.814 Thread 0x000001d671d3ffd0 Uncommon trap: reason=unstable_if action=reinterpret pc=0x000001d608529788 method=org.jetbrains.kotlin.codegen.optimization.common.OptimizationBasicInterpreter.merge(Lorg/jetbrains/org/objectweb/asm/tree/analysis/BasicValue;Lorg/jetbrains/org/objectweb/as
Event: 10.814 Thread 0x000001d671d3ffd0 DEOPT PACKING pc=0x000001d608529788 sp=0x000000688f8fa7c0
Event: 10.814 Thread 0x000001d671d3ffd0 DEOPT UNPACKING pc=0x000001d6074aa1a3 sp=0x000000688f8fa6f8 mode 2
Event: 10.814 Thread 0x000001d671d3ffd0 Uncommon trap: trap_request=0xffffff45 fr.pc=0x000001d608549fdc relative=0x00000000000001dc
Event: 10.814 Thread 0x000001d671d3ffd0 Uncommon trap: reason=unstable_if action=reinterpret pc=0x000001d608549fdc method=org.jetbrains.kotlin.codegen.optimization.common.OptimizationBasicInterpreter.merge(Lorg/jetbrains/org/objectweb/asm/tree/analysis/BasicValue;Lorg/jetbrains/org/objectweb/as
Event: 10.814 Thread 0x000001d671d3ffd0 DEOPT PACKING pc=0x000001d608549fdc sp=0x000000688f8fa750
Event: 10.814 Thread 0x000001d671d3ffd0 DEOPT UNPACKING pc=0x000001d6074aa1a3 sp=0x000000688f8fa6f8 mode 2
Event: 10.815 Thread 0x000001d671d3ffd0 Uncommon trap: trap_request=0xffffff45 fr.pc=0x000001d607f33b60 relative=0x00000000000001c0
Event: 10.815 Thread 0x000001d671d3ffd0 Uncommon trap: reason=unstable_if action=reinterpret pc=0x000001d607f33b60 method=org.jetbrains.org.objectweb.asm.Frame.merge(Lorg/jetbrains/org/objectweb/asm/SymbolTable;I[II)Z @ 267 c2
Event: 10.815 Thread 0x000001d671d3ffd0 DEOPT PACKING pc=0x000001d607f33b60 sp=0x000000688f8fab70
Event: 10.815 Thread 0x000001d671d3ffd0 DEOPT UNPACKING pc=0x000001d6074aa1a3 sp=0x000000688f8faad0 mode 2

Classes unloaded (0 events):
No events

Classes redefined (0 events):
No events

Internal exceptions (20 events):
Event: 4.544 Thread 0x000001d671d3ffd0 Exception <a 'java/lang/NoSuchMethodError'{0x000000071289c4e0}: 'java.lang.Object java.lang.invoke.DirectMethodHandle$Holder.newInvokeSpecial(java.lang.Object, java.lang.Object, java.lang.Object, java.lang.Object, int)'> (0x000000071289c4e0) 
thrown [s\src\hotspot\share\interpreter\linkResolver.cpp, line 771]
Event: 4.544 Thread 0x000001d671d3ffd0 Exception <a 'java/lang/NoSuchMethodError'{0x00000007128a11c0}: 'java.lang.Object java.lang.invoke.DirectMethodHandle$Holder.invokeSpecial(java.lang.Object, java.lang.Object, java.lang.Object, java.lang.Object, java.lang.Object, int)'> (0x00000007128a11c0) 
thrown [s\src\hotspot\share\interpreter\linkResolver.cpp, line 771]
Event: 4.544 Thread 0x000001d671d3ffd0 Exception <a 'java/lang/NoSuchMethodError'{0x00000007128a5948}: 'java.lang.Object java.lang.invoke.Invokers$Holder.linkToTargetMethod(java.lang.Object, java.lang.Object, java.lang.Object, int, java.lang.Object)'> (0x00000007128a5948) 
thrown [s\src\hotspot\share\interpreter\linkResolver.cpp, line 771]
Event: 4.588 Thread 0x000001d671d3ffd0 Implicit null exception at 0x000001d608124b37 to 0x000001d608126588
Event: 4.728 Thread 0x000001d671d3ffd0 Implicit null exception at 0x000001d607c07ad8 to 0x000001d607c07b6e
Event: 4.802 Thread 0x000001d671d3ffd0 Exception <a 'java/lang/NoSuchMethodError'{0x00000007139d35b8}: 'java.lang.Object java.lang.invoke.DirectMethodHandle$Holder.invokeStatic(java.lang.Object, int, java.lang.Object)'> (0x00000007139d35b8) 
thrown [s\src\hotspot\share\interpreter\linkResolver.cpp, line 771]
Event: 4.808 Thread 0x000001d671d3ffd0 Exception <a 'java/lang/NoSuchMethodError'{0x00000007139fb678}: 'java.lang.Object java.lang.invoke.DirectMethodHandle$Holder.newInvokeSpecial(java.lang.Object, int, java.lang.Object, java.lang.Object)'> (0x00000007139fb678) 
thrown [s\src\hotspot\share\interpreter\linkResolver.cpp, line 771]
Event: 5.234 Thread 0x000001d671d3ffd0 Implicit null exception at 0x000001d60810a6be to 0x000001d60810ac70
Event: 5.287 Thread 0x000001d671d3ffd0 Exception <a 'java/lang/NoSuchMethodError'{0x0000000714873ca8}: 'int java.lang.invoke.DirectMethodHandle$Holder.invokeVirtual(java.lang.Object, java.lang.Object, java.lang.Object)'> (0x0000000714873ca8) 
thrown [s\src\hotspot\share\interpreter\linkResolver.cpp, line 771]
Event: 5.347 Thread 0x000001d671d3ffd0 Exception <a 'java/lang/IncompatibleClassChangeError'{0x00000007144a9778}: Found class java.lang.Object, but interface was expected> (0x00000007144a9778) 
thrown [s\src\hotspot\share\interpreter\linkResolver.cpp, line 838]
Event: 6.689 Thread 0x000001d671d3ffd0 Implicit null exception at 0x000001d607c4870f to 0x000001d607c48984
Event: 6.927 Thread 0x000001d671d3ffd0 Implicit null exception at 0x000001d60825aa33 to 0x000001d60825ab9c
Event: 6.956 Thread 0x000001d671d3ffd0 Exception <a 'java/lang/NoSuchMethodError'{0x0000000715b213b0}: 'java.lang.Object java.lang.invoke.DirectMethodHandle$Holder.invokeStaticInit(java.lang.Object, java.lang.Object, java.lang.Object, java.lang.Object)'> (0x0000000715b213b0) 
thrown [s\src\hotspot\share\interpreter\linkResolver.cpp, line 771]
Event: 7.073 Thread 0x000001d671d3ffd0 Exception <a 'java/lang/NoSuchMethodError'{0x000000071b247170}: 'java.lang.Object java.lang.invoke.DirectMethodHandle$Holder.newInvokeSpecial(java.lang.Object, java.lang.Object, java.lang.Object, int, int)'> (0x000000071b247170) 
thrown [s\src\hotspot\share\interpreter\linkResolver.cpp, line 771]
Event: 7.074 Thread 0x000001d671d3ffd0 Exception <a 'java/lang/NoSuchMethodError'{0x000000071b24afb0}: 'java.lang.Object java.lang.invoke.DirectMethodHandle$Holder.invokeSpecial(java.lang.Object, java.lang.Object, java.lang.Object, java.lang.Object, int, int)'> (0x000000071b24afb0) 
thrown [s\src\hotspot\share\interpreter\linkResolver.cpp, line 771]
Event: 7.167 Thread 0x000001d671d3ffd0 Exception <a 'java/lang/NoSuchMethodError'{0x0000000716020398}: 'java.lang.Object java.lang.invoke.DirectMethodHandle$Holder.newInvokeSpecial(java.lang.Object, java.lang.Object, int, int, java.lang.Object, java.lang.Object, java.lang.Object)'> (0x0000000716020398) 
thrown [s\src\hotspot\share\interpreter\linkResolver.cpp, line 771]
Event: 7.167 Thread 0x000001d671d3ffd0 Exception <a 'java/lang/NoSuchMethodError'{0x0000000716024c40}: 'java.lang.Object java.lang.invoke.DirectMethodHandle$Holder.invokeSpecial(java.lang.Object, java.lang.Object, java.lang.Object, int, int, java.lang.Object, java.lang.Object, java.lang.Object)'> (0x0000000716024c40) 
thrown [s\src\hotspot\share\interpreter\linkResolver.cpp, line 771]
Event: 7.209 Thread 0x000001d671d3ffd0 Implicit null exception at 0x000001d607c0e499 to 0x000001d607c0e76c
Event: 7.215 Thread 0x000001d671d3ffd0 Exception <a 'java/lang/NoSuchMethodError'{0x0000000715f13eb8}: 'java.lang.Object java.lang.invoke.DirectMethodHandle$Holder.invokeSpecial(java.lang.Object, java.lang.Object, int, int, java.lang.Object, java.lang.Object, java.lang.Object, java.lang.Object, java.lang.Object)'> (0x0000000715f13eb8) 
thrown [s\src\hotspot\share\interpreter\linkResolver.cpp, line 771]
Event: 8.830 Thread 0x000001d671d3ffd0 Implicit null exception at 0x000001d60864b348 to 0x000001d60864c460

VM Operations (20 events):
Event: 10.280 Executing VM operation: HandshakeAllThreads
Event: 10.280 Executing VM operation: HandshakeAllThreads done
Event: 10.280 Executing VM operation: HandshakeAllThreads
Event: 10.280 Executing VM operation: HandshakeAllThreads done
Event: 10.288 Executing VM operation: HandshakeAllThreads
Event: 10.288 Executing VM operation: HandshakeAllThreads done
Event: 10.307 Executing VM operation: ICBufferFull
Event: 10.307 Executing VM operation: ICBufferFull done
Event: 10.412 Executing VM operation: G1CollectForAllocation
Event: 10.415 Executing VM operation: G1CollectForAllocation done
Event: 10.495 Executing VM operation: ICBufferFull
Event: 10.495 Executing VM operation: ICBufferFull done
Event: 10.598 Executing VM operation: HandshakeAllThreads
Event: 10.598 Executing VM operation: HandshakeAllThreads done
Event: 10.617 Executing VM operation: ICBufferFull
Event: 10.618 Executing VM operation: ICBufferFull done
Event: 10.738 Executing VM operation: HandshakeAllThreads
Event: 10.738 Executing VM operation: HandshakeAllThreads done
Event: 10.777 Executing VM operation: ICBufferFull
Event: 10.778 Executing VM operation: ICBufferFull done

Events (20 events):
Event: 10.784 Thread 0x000001d67fbe5ae0 flushing nmethod 0x000001d602f15290
Event: 10.784 Thread 0x000001d67fbe5ae0 flushing nmethod 0x000001d602fd9490
Event: 10.786 Thread 0x000001d67fbe5ae0 flushing nmethod 0x000001d60330d490
Event: 10.787 Thread 0x000001d67fbe5ae0 flushing nmethod 0x000001d603469b10
Event: 10.787 Thread 0x000001d67fbe5ae0 flushing nmethod 0x000001d603475590
Event: 10.788 Thread 0x000001d67fbe5ae0 flushing nmethod 0x000001d60356a490
Event: 10.788 Thread 0x000001d67fbe5ae0 flushing nmethod 0x000001d6036e0610
Event: 10.789 Thread 0x000001d67fbe5ae0 flushing nmethod 0x000001d603792410
Event: 10.790 Thread 0x000001d67fbe5ae0 flushing nmethod 0x000001d603836d90
Event: 10.790 Thread 0x000001d67fbe5ae0 flushing nmethod 0x000001d603837390
Event: 10.790 Thread 0x000001d67fbe5ae0 flushing nmethod 0x000001d60383f290
Event: 10.790 Thread 0x000001d67fbe5ae0 flushing nmethod 0x000001d60383fe10
Event: 10.790 Thread 0x000001d67fbe5ae0 flushing nmethod 0x000001d603855f90
Event: 10.790 Thread 0x000001d67fbe5ae0 flushing nmethod 0x000001d60385ca10
Event: 10.790 Thread 0x000001d67fbe5ae0 flushing nmethod 0x000001d60386a610
Event: 10.790 Thread 0x000001d67fbe5ae0 flushing nmethod 0x000001d60387b210
Event: 10.790 Thread 0x000001d67fbe5ae0 flushing nmethod 0x000001d6038d7a90
Event: 10.790 Thread 0x000001d67fbe5ae0 flushing nmethod 0x000001d6038e4390
Event: 10.790 Thread 0x000001d67fbe5ae0 flushing nmethod 0x000001d603903e90
Event: 10.790 Thread 0x000001d67fbe5ae0 flushing nmethod 0x000001d60391ea90


Dynamic libraries:
0x00007ff6cf7e0000 - 0x00007ff6cf7ea000 	D:\Code\Android\AndroidStduio\studio\jbr\bin\java.exe
0x00007ffce3e50000 - 0x00007ffce4066000 	C:\Windows\SYSTEM32\ntdll.dll
0x00007ffce2460000 - 0x00007ffce2524000 	C:\Windows\System32\KERNEL32.DLL
0x00007ffce1370000 - 0x00007ffce1716000 	C:\Windows\System32\KERNELBASE.dll
0x00007ffce1960000 - 0x00007ffce1a71000 	C:\Windows\System32\ucrtbase.dll
0x00007ffc99850000 - 0x00007ffc9986b000 	D:\Code\Android\AndroidStduio\studio\jbr\bin\VCRUNTIME140.dll
0x00007ffcd05d0000 - 0x00007ffcd05e7000 	D:\Code\Android\AndroidStduio\studio\jbr\bin\jli.dll
0x00007ffce2c00000 - 0x00007ffce2dad000 	C:\Windows\System32\USER32.dll
0x00007ffce1210000 - 0x00007ffce1236000 	C:\Windows\System32\win32u.dll
0x00007ffcd06b0000 - 0x00007ffcd0943000 	C:\Windows\WinSxS\amd64_microsoft.windows.common-controls_6595b64144ccf1df_6.0.22621.3235_none_270f74e173860f98\COMCTL32.dll
0x00007ffce1ce0000 - 0x00007ffce1d87000 	C:\Windows\System32\msvcrt.dll
0x00007ffce30a0000 - 0x00007ffce30c9000 	C:\Windows\System32\GDI32.dll
0x00007ffce1a80000 - 0x00007ffce1b98000 	C:\Windows\System32\gdi32full.dll
0x00007ffce1720000 - 0x00007ffce17ba000 	C:\Windows\System32\msvcp_win.dll
0x00007ffce2530000 - 0x00007ffce2561000 	C:\Windows\System32\IMM32.DLL
0x00007ffcaacf0000 - 0x00007ffcaacfc000 	D:\Code\Android\AndroidStduio\studio\jbr\bin\vcruntime140_1.dll
0x00007ffc8f230000 - 0x00007ffc8f2bd000 	D:\Code\Android\AndroidStduio\studio\jbr\bin\msvcp140.dll
0x00007ffc882e0000 - 0x00007ffc88f4e000 	D:\Code\Android\AndroidStduio\studio\jbr\bin\server\jvm.dll
0x00007ffce2e80000 - 0x00007ffce2f32000 	C:\Windows\System32\ADVAPI32.dll
0x00007ffce2dd0000 - 0x00007ffce2e78000 	C:\Windows\System32\sechost.dll
0x00007ffce1930000 - 0x00007ffce1958000 	C:\Windows\System32\bcrypt.dll
0x00007ffce3bb0000 - 0x00007ffce3cc5000 	C:\Windows\System32\RPCRT4.dll
0x00007ffcdda40000 - 0x00007ffcdda49000 	C:\Windows\SYSTEM32\WSOCK32.dll
0x00007ffcd7d90000 - 0x00007ffcd7d9a000 	C:\Windows\SYSTEM32\VERSION.dll
0x00007ffcd8330000 - 0x00007ffcd8364000 	C:\Windows\SYSTEM32\WINMM.dll
0x00007ffce3a30000 - 0x00007ffce3aa1000 	C:\Windows\System32\WS2_32.dll
0x00007ffce02c0000 - 0x00007ffce02d8000 	C:\Windows\SYSTEM32\kernel.appcore.dll
0x00007ffcdb7d0000 - 0x00007ffcdb7da000 	D:\Code\Android\AndroidStduio\studio\jbr\bin\jimage.dll
0x00007ffcdeb30000 - 0x00007ffcded63000 	C:\Windows\SYSTEM32\DBGHELP.DLL
0x00007ffce1e90000 - 0x00007ffce2218000 	C:\Windows\System32\combase.dll
0x00007ffce1ba0000 - 0x00007ffce1c77000 	C:\Windows\System32\OLEAUT32.dll
0x00007ffcd48a0000 - 0x00007ffcd48d2000 	C:\Windows\SYSTEM32\dbgcore.DLL
0x00007ffce1190000 - 0x00007ffce120a000 	C:\Windows\System32\bcryptPrimitives.dll
0x00007ffcd84e0000 - 0x00007ffcd8505000 	D:\Code\Android\AndroidStduio\studio\jbr\bin\java.dll
0x00007ffcd85d0000 - 0x00007ffcd85e8000 	D:\Code\Android\AndroidStduio\studio\jbr\bin\zip.dll
0x00007ffce30d0000 - 0x00007ffce392d000 	C:\Windows\System32\SHELL32.dll
0x00007ffcdf0f0000 - 0x00007ffcdf9e8000 	C:\Windows\SYSTEM32\windows.storage.dll
0x00007ffcdefb0000 - 0x00007ffcdf0ee000 	C:\Windows\SYSTEM32\wintypes.dll
0x00007ffce1d90000 - 0x00007ffce1e83000 	C:\Windows\System32\SHCORE.dll
0x00007ffce1c80000 - 0x00007ffce1cde000 	C:\Windows\System32\shlwapi.dll
0x00007ffce10c0000 - 0x00007ffce10e6000 	C:\Windows\SYSTEM32\profapi.dll
0x00007ffcd5cc0000 - 0x00007ffcd5cd9000 	D:\Code\Android\AndroidStduio\studio\jbr\bin\net.dll
0x00007ffcdaf40000 - 0x00007ffcdb077000 	C:\Windows\SYSTEM32\WINHTTP.dll
0x00007ffce0740000 - 0x00007ffce07a9000 	C:\Windows\system32\mswsock.dll
0x00007ffcd5ca0000 - 0x00007ffcd5cb6000 	D:\Code\Android\AndroidStduio\studio\jbr\bin\nio.dll
0x00007ffcd79b0000 - 0x00007ffcd79c0000 	D:\Code\Android\AndroidStduio\studio\jbr\bin\verify.dll

dbghelp: loaded successfully - version: 4.0.5 - missing functions: none
symbol engine: initialized successfully - sym options: 0x614 - pdb path: .;D:\Code\Android\AndroidStduio\studio\jbr\bin;C:\Windows\SYSTEM32;C:\Windows\WinSxS\amd64_microsoft.windows.common-controls_6595b64144ccf1df_6.0.22621.3235_none_270f74e173860f98;D:\Code\Android\AndroidStduio\studio\jbr\bin\server

VM Arguments:
java_command: org.jetbrains.kotlin.cli.jvm.K2JVMCompiler @D:\Code\Android\Project\InkStoneDemo1\app\build\20240319_15663645914957576328.compiler.options
java_class_path (initial): D:\Code\Android\gradle\gradle-repository\caches\modules-2\files-2.1\org.jetbrains.kotlin\kotlin-compiler-embeddable\1.8.22\e2cf111da088dc807a74157741b4cd4b664edfb7\kotlin-compiler-embeddable-1.8.22.jar;D:\Code\Android\gradle\gradle-repository\caches\modules-2\files-2.1\org.jetbrains.kotlin\kotlin-stdlib\1.8.22\636bf8b320e7627482771bbac9ed7246773c02bd\kotlin-stdlib-1.8.22.jar;D:\Code\Android\gradle\gradle-repository\caches\modules-2\files-2.1\org.jetbrains.kotlin\kotlin-script-runtime\1.8.22\ce5ff1f309623f8c1be5143bdba032c4a04cec3a\kotlin-script-runtime-1.8.22.jar;D:\Code\Android\gradle\gradle-repository\caches\modules-2\files-2.1\org.jetbrains.kotlin\kotlin-reflect\1.6.10\1cbe9c92c12a94eea200d23c2bbaedaf3daf5132\kotlin-reflect-1.6.10.jar;D:\Code\Android\gradle\gradle-repository\caches\modules-2\files-2.1\org.jetbrains.kotlin\kotlin-daemon-embeddable\1.8.22\7d9f7e06a59d2fcbc9b373400c146f42fd722e81\kotlin-daemon-embeddable-1.8.22.jar;D:\Code\Android\gradle\gradle-repository\caches\modules-2\files-2.1\org.jetbrains.intellij.deps\trove4j\1.0.20200330\3afb14d5f9ceb459d724e907a21145e8ff394f02\trove4j-1.0.20200330.jar;D:\Code\Android\gradle\gradle-repository\caches\modules-2\files-2.1\net.java.dev.jna\jna\5.6.0\330f2244e9030119ab3030fc3fededc86713d9cc\jna-5.6.0.jar;D:\Code\Android\gradle\gradle-repository\caches\modules-2\files-2.1\org.jetbrains.kotlin\kotlin-stdlib-common\1.8.22\1a8e3601703ae14bb58757ea6b2d8e8e5935a586\kotlin-stdlib-common-1.8.22.jar;D:\Code\Android\gradle\gradle-repository\caches\modules-2\files-2.1\org.jetbrains\annotations\13.0\919f0dfe192fb4e063e7dacadee7f8bb9a2672a9\annotations-13.0.jar
Launcher Type: SUN_STANDARD

[Global flags]
     intx CICompilerCount                          = 12                                        {product} {ergonomic}
     uint ConcGCThreads                            = 3                                         {product} {ergonomic}
     uint G1ConcRefinementThreads                  = 13                                        {product} {ergonomic}
   size_t G1HeapRegionSize                         = 2097152                                   {product} {ergonomic}
    uintx GCDrainStackTargetSize                   = 64                                        {product} {ergonomic}
   size_t InitialHeapSize                          = 255852544                                 {product} {ergonomic}
   size_t MarkStackSize                            = 4194304                                   {product} {ergonomic}
   size_t MaxHeapSize                              = 4087349248                                {product} {ergonomic}
   size_t MaxNewSize                               = 2451570688                                {product} {ergonomic}
   size_t MinHeapDeltaBytes                        = 2097152                                   {product} {ergonomic}
   size_t MinHeapSize                              = 8388608                                   {product} {ergonomic}
    uintx NonNMethodCodeHeapSize                   = 7602480                                {pd product} {ergonomic}
    uintx NonProfiledCodeHeapSize                  = 122027880                              {pd product} {ergonomic}
    uintx ProfiledCodeHeapSize                     = 122027880                              {pd product} {ergonomic}
    uintx ReservedCodeCacheSize                    = 251658240                              {pd product} {ergonomic}
     bool SegmentedCodeCache                       = true                                      {product} {ergonomic}
   size_t SoftMaxHeapSize                          = 4087349248                             {manageable} {ergonomic}
     bool UseCompressedClassPointers               = true                           {product lp64_product} {ergonomic}
     bool UseCompressedOops                        = true                           {product lp64_product} {ergonomic}
     bool UseG1GC                                  = true                                      {product} {ergonomic}
     bool UseLargePagesIndividualAllocation        = false                                  {pd product} {ergonomic}

Logging:
Log output configuration:
 #0: stdout all=warning uptime,level,tags
 #1: stderr all=off uptime,level,tags

Environment Variables:
JAVA_HOME=D:\Code\Java\Language\jdk-21.0.1
PATH=D:\Code\Python\Language\3.8\Scripts\;D:\Code\Python\Language\3.8\;D:\Code\Python\Language\Scripts\;D:\Code\Python\Language\3.12\;C:\Windows\system32;C:\Windows;C:\Windows\System32\Wbem;C:\Windows\System32\WindowsPowerShell\v1.0\;C:\Windows\System32\OpenSSH\;C:\Program Files (x86)\NVIDIA Corporation\PhysX\Common;C:\Program Files\NVIDIA Corporation\NVIDIA NvDLISR;D:\Windows Kits\10\Windows Performance Toolkit\;D:\Tools\Git\cmd;D:\Tools\Node.js\;D:\Code\MySql\Language\Server\bin;C:\Users\LYJ\AppData\Local\Microsoft\WindowsApps;D:\Code\Python\Pycharm\PyCharm 2023.2.4\bin;;D:\Code\Java\Language\jdk-21.0.1\bin;D:\Code\Java\IDEA\IntelliJ IDEA 2023.2.5\bin;;D:\Code\Android\gradle\gradle-8.0.1\bin;C:\Users\LYJ\AppData\Roaming\npm
USERNAME=LYJ
OS=Windows_NT
PROCESSOR_IDENTIFIER=AMD64 Family 25 Model 116 Stepping 1, AuthenticAMD
TMP=C:\Users\LYJ\AppData\Local\Temp
TEMP=C:\Users\LYJ\AppData\Local\Temp


JNI global refs:
JNI global refs: 26, weak refs: 10

JNI global refs memory usage: 843, weak refs: 841


---------------  S Y S T E M  ---------------

OS:
 Windows 11 , 64 bit Build 22621 (10.0.22621.3235)
OS uptime: 0 days 21:45 hours

CPU: total 16 (initial active 16) (16 cores per cpu, 2 threads per core) family 25 model 116 stepping 1 microcode 0x0, cx8, cmov, fxsr, ht, mmx, 3dnowpref, sse, sse2, sse3, ssse3, sse4a, sse4.1, sse4.2, popcnt, lzcnt, tsc, tscinvbit, avx, avx2, aes, erms, clmul, bmi1, bmi2, adx, avx512f, avx512dq, avx512cd, avx512bw, avx512vl, sha, fma, vzeroupper, avx512_vpopcntdq, avx512_vpclmulqdq, avx512_vaes, avx512_vnni, clflush, clflushopt, avx512_vbmi2, avx512_vbmi

Memory: 4k page, system-wide physical 15587M (1265M free)
TotalPageFile size 24119M (AvailPageFile size 22M)
current process WorkingSet (physical memory assigned to process): 649M, peak: 659M
current process commit charge ("private bytes"): 870M, peak: 886M

vm_info: OpenJDK 64-Bit Server VM (17.0.6+0-b2043.56-10027231) for windows-amd64 JRE (17.0.6+0-b2043.56-10027231), built on Apr 28 2023 00:43:19 by "androidbuild" with MS VC++ 16.10 / 16.11 (VS2019)

END.
